{"/home/studio/workspace/Stellantis-lambda/syncro-kafka-events/authService.js": {"path":"/home/studio/workspace/Stellantis-lambda/syncro-kafka-events/authService.js","statementMap":{"0":{"start":{"line":5,"column":14},"end":{"line":5,"column":30}},"1":{"start":{"line":6,"column":12},"end":{"line":6,"column":30}},"2":{"start":{"line":7,"column":19},"end":{"line":7,"column":40}},"3":{"start":{"line":10,"column":23},"end":{"line":10,"column":96}},"4":{"start":{"line":14,"column":4},"end":{"line":14,"column":25}},"5":{"start":{"line":15,"column":4},"end":{"line":15,"column":25}},"6":{"start":{"line":16,"column":4},"end":{"line":19,"column":6}},"7":{"start":{"line":24,"column":4},"end":{"line":78,"column":5}},"8":{"start":{"line":25,"column":6},"end":{"line":25,"column":54}},"9":{"start":{"line":28,"column":6},"end":{"line":34,"column":7}},"10":{"start":{"line":29,"column":8},"end":{"line":32,"column":11}},"11":{"start":{"line":33,"column":8},"end":{"line":33,"column":37}},"12":{"start":{"line":37,"column":6},"end":{"line":37,"column":65}},"13":{"start":{"line":39,"column":21},"end":{"line":39,"column":94}},"14":{"start":{"line":40,"column":41},"end":{"line":40,"column":72}},"15":{"start":{"line":42,"column":26},"end":{"line":42,"column":56}},"16":{"start":{"line":44,"column":23},"end":{"line":55,"column":7}},"17":{"start":{"line":57,"column":20},"end":{"line":57,"column":46}},"18":{"start":{"line":58,"column":24},"end":{"line":58,"column":56}},"19":{"start":{"line":61,"column":6},"end":{"line":61,"column":36}},"20":{"start":{"line":62,"column":6},"end":{"line":62,"column":71}},"21":{"start":{"line":64,"column":6},"end":{"line":67,"column":9}},"22":{"start":{"line":69,"column":6},"end":{"line":69,"column":19}},"23":{"start":{"line":71,"column":6},"end":{"line":73,"column":9}},"24":{"start":{"line":74,"column":6},"end":{"line":77,"column":8}},"25":{"start":{"line":83,"column":4},"end":{"line":105,"column":5}},"26":{"start":{"line":84,"column":6},"end":{"line":86,"column":7}},"27":{"start":{"line":85,"column":8},"end":{"line":85,"column":44}},"28":{"start":{"line":89,"column":22},"end":{"line":89,"column":39}},"29":{"start":{"line":92,"column":6},"end":{"line":94,"column":7}},"30":{"start":{"line":93,"column":8},"end":{"line":93,"column":41}},"31":{"start":{"line":96,"column":6},"end":{"line":99,"column":9}},"32":{"start":{"line":101,"column":6},"end":{"line":101,"column":38}},"33":{"start":{"line":103,"column":6},"end":{"line":103,"column":77}},"34":{"start":{"line":104,"column":6},"end":{"line":104,"column":52}},"35":{"start":{"line":110,"column":4},"end":{"line":126,"column":5}},"36":{"start":{"line":112,"column":25},"end":{"line":112,"column":52}},"37":{"start":{"line":115,"column":25},"end":{"line":115,"column":54}},"38":{"start":{"line":117,"column":6},"end":{"line":122,"column":8}},"39":{"start":{"line":124,"column":6},"end":{"line":124,"column":69}},"40":{"start":{"line":125,"column":6},"end":{"line":125,"column":18}},"41":{"start":{"line":131,"column":4},"end":{"line":151,"column":5}},"42":{"start":{"line":132,"column":20},"end":{"line":132,"column":83}},"43":{"start":{"line":135,"column":6},"end":{"line":144,"column":7}},"44":{"start":{"line":136,"column":24},"end":{"line":136,"column":72}},"45":{"start":{"line":136,"column":51},"end":{"line":136,"column":71}},"46":{"start":{"line":137,"column":8},"end":{"line":143,"column":9}},"47":{"start":{"line":138,"column":10},"end":{"line":141,"column":13}},"48":{"start":{"line":142,"column":10},"end":{"line":142,"column":70}},"49":{"start":{"line":146,"column":6},"end":{"line":146,"column":58}},"50":{"start":{"line":147,"column":6},"end":{"line":147,"column":34}},"51":{"start":{"line":149,"column":6},"end":{"line":149,"column":61}},"52":{"start":{"line":150,"column":6},"end":{"line":150,"column":73}},"53":{"start":{"line":156,"column":4},"end":{"line":170,"column":5}},"54":{"start":{"line":157,"column":23},"end":{"line":157,"column":94}},"55":{"start":{"line":159,"column":6},"end":{"line":163,"column":7}},"56":{"start":{"line":160,"column":8},"end":{"line":160,"column":55}},"57":{"start":{"line":162,"column":8},"end":{"line":162,"column":55}},"58":{"start":{"line":165,"column":6},"end":{"line":165,"column":76}},"59":{"start":{"line":166,"column":6},"end":{"line":169,"column":8}},"60":{"start":{"line":175,"column":4},"end":{"line":178,"column":6}},"61":{"start":{"line":179,"column":4},"end":{"line":179,"column":47}},"62":{"start":{"line":183,"column":0},"end":{"line":183,"column":29}}},"fnMap":{"0":{"name":"(anonymous_0)","decl":{"start":{"line":13,"column":2},"end":{"line":13,"column":3}},"loc":{"start":{"line":13,"column":30},"end":{"line":20,"column":3}},"line":13},"1":{"name":"(anonymous_1)","decl":{"start":{"line":23,"column":2},"end":{"line":23,"column":3}},"loc":{"start":{"line":23,"column":25},"end":{"line":79,"column":3}},"line":23},"2":{"name":"(anonymous_2)","decl":{"start":{"line":82,"column":2},"end":{"line":82,"column":3}},"loc":{"start":{"line":82,"column":29},"end":{"line":106,"column":3}},"line":82},"3":{"name":"(anonymous_3)","decl":{"start":{"line":109,"column":2},"end":{"line":109,"column":3}},"loc":{"start":{"line":109,"column":35},"end":{"line":127,"column":3}},"line":109},"4":{"name":"(anonymous_4)","decl":{"start":{"line":130,"column":2},"end":{"line":130,"column":3}},"loc":{"start":{"line":130,"column":54},"end":{"line":152,"column":3}},"line":130},"5":{"name":"(anonymous_5)","decl":{"start":{"line":136,"column":43},"end":{"line":136,"column":44}},"loc":{"start":{"line":136,"column":51},"end":{"line":136,"column":71}},"line":136},"6":{"name":"(anonymous_6)","decl":{"start":{"line":155,"column":2},"end":{"line":155,"column":3}},"loc":{"start":{"line":155,"column":31},"end":{"line":171,"column":3}},"line":155},"7":{"name":"(anonymous_7)","decl":{"start":{"line":174,"column":2},"end":{"line":174,"column":3}},"loc":{"start":{"line":174,"column":15},"end":{"line":180,"column":3}},"line":174}},"branchMap":{"0":{"loc":{"start":{"line":10,"column":56},"end":{"line":10,"column":93}},"type":"binary-expr","locations":[{"start":{"line":10,"column":56},"end":{"line":10,"column":78}},{"start":{"line":10,"column":82},"end":{"line":10,"column":93}}],"line":10},"1":{"loc":{"start":{"line":28,"column":6},"end":{"line":34,"column":7}},"type":"if","locations":[{"start":{"line":28,"column":6},"end":{"line":34,"column":7}},{"start":{},"end":{}}],"line":28},"2":{"loc":{"start":{"line":28,"column":10},"end":{"line":28,"column":73}},"type":"binary-expr","locations":[{"start":{"line":28,"column":10},"end":{"line":28,"column":31}},{"start":{"line":28,"column":35},"end":{"line":28,"column":73}}],"line":28},"3":{"loc":{"start":{"line":58,"column":24},"end":{"line":58,"column":56}},"type":"binary-expr","locations":[{"start":{"line":58,"column":24},"end":{"line":58,"column":48}},{"start":{"line":58,"column":52},"end":{"line":58,"column":56}}],"line":58},"4":{"loc":{"start":{"line":84,"column":6},"end":{"line":86,"column":7}},"type":"if","locations":[{"start":{"line":84,"column":6},"end":{"line":86,"column":7}},{"start":{},"end":{}}],"line":84},"5":{"loc":{"start":{"line":84,"column":10},"end":{"line":84,"column":45}},"type":"binary-expr","locations":[{"start":{"line":84,"column":10},"end":{"line":84,"column":16}},{"start":{"line":84,"column":20},"end":{"line":84,"column":45}}],"line":84},"6":{"loc":{"start":{"line":92,"column":6},"end":{"line":94,"column":7}},"type":"if","locations":[{"start":{"line":92,"column":6},"end":{"line":94,"column":7}},{"start":{},"end":{}}],"line":92},"7":{"loc":{"start":{"line":92,"column":10},"end":{"line":92,"column":56}},"type":"binary-expr","locations":[{"start":{"line":92,"column":10},"end":{"line":92,"column":21}},{"start":{"line":92,"column":25},"end":{"line":92,"column":56}}],"line":92},"8":{"loc":{"start":{"line":97,"column":16},"end":{"line":97,"column":46}},"type":"binary-expr","locations":[{"start":{"line":97,"column":16},"end":{"line":97,"column":27}},{"start":{"line":97,"column":31},"end":{"line":97,"column":46}}],"line":97},"9":{"loc":{"start":{"line":130,"column":34},"end":{"line":130,"column":52}},"type":"default-arg","locations":[{"start":{"line":130,"column":50},"end":{"line":130,"column":52}}],"line":130},"10":{"loc":{"start":{"line":132,"column":20},"end":{"line":132,"column":83}},"type":"binary-expr","locations":[{"start":{"line":132,"column":20},"end":{"line":132,"column":38}},{"start":{"line":132,"column":42},"end":{"line":132,"column":77}},{"start":{"line":132,"column":81},"end":{"line":132,"column":83}}],"line":132},"11":{"loc":{"start":{"line":135,"column":6},"end":{"line":144,"column":7}},"type":"if","locations":[{"start":{"line":135,"column":6},"end":{"line":144,"column":7}},{"start":{},"end":{}}],"line":135},"12":{"loc":{"start":{"line":137,"column":8},"end":{"line":143,"column":9}},"type":"if","locations":[{"start":{"line":137,"column":8},"end":{"line":143,"column":9}},{"start":{},"end":{}}],"line":137},"13":{"loc":{"start":{"line":159,"column":6},"end":{"line":163,"column":7}},"type":"if","locations":[{"start":{"line":159,"column":6},"end":{"line":163,"column":7}},{"start":{"line":161,"column":13},"end":{"line":163,"column":7}}],"line":159}},"s":{"0":1,"1":1,"2":1,"3":1,"4":0,"5":0,"6":0,"7":0,"8":0,"9":0,"10":0,"11":0,"12":0,"13":0,"14":0,"15":0,"16":0,"17":0,"18":0,"19":0,"20":0,"21":0,"22":0,"23":0,"24":0,"25":0,"26":0,"27":0,"28":0,"29":0,"30":0,"31":0,"32":0,"33":0,"34":0,"35":0,"36":0,"37":0,"38":0,"39":0,"40":0,"41":0,"42":0,"43":0,"44":0,"45":0,"46":0,"47":0,"48":0,"49":0,"50":0,"51":0,"52":0,"53":0,"54":0,"55":0,"56":0,"57":0,"58":0,"59":0,"60":0,"61":0,"62":1},"f":{"0":0,"1":0,"2":0,"3":0,"4":0,"5":0,"6":0,"7":0},"b":{"0":[1,1],"1":[0,0],"2":[0,0],"3":[0,0],"4":[0,0],"5":[0,0],"6":[0,0],"7":[0,0],"8":[0,0],"9":[0],"10":[0,0,0],"11":[0,0],"12":[0,0],"13":[0,0]},"_coverageSchema":"1a1c01bbd47fc00a2c39e90264f33305004495a9","hash":"14d42b0f27364a5ccab75e270e8c50fe9e79f8b1"}
,"/home/studio/workspace/Stellantis-lambda/syncro-kafka-events/config.js": {"path":"/home/studio/workspace/Stellantis-lambda/syncro-kafka-events/config.js","statementMap":{"0":{"start":{"line":5,"column":12},"end":{"line":5,"column":30}},"1":{"start":{"line":8,"column":12},"end":{"line":8,"column":74}},"2":{"start":{"line":9,"column":23},"end":{"line":9,"column":96}},"3":{"start":{"line":13,"column":4},"end":{"line":13,"column":48}},"4":{"start":{"line":14,"column":4},"end":{"line":14,"column":59}},"5":{"start":{"line":15,"column":4},"end":{"line":15,"column":29}},"6":{"start":{"line":20,"column":4},"end":{"line":73,"column":5}},"7":{"start":{"line":22,"column":21},"end":{"line":22,"column":49}},"8":{"start":{"line":24,"column":6},"end":{"line":67,"column":8}},"9":{"start":{"line":69,"column":6},"end":{"line":69,"column":30}},"10":{"start":{"line":70,"column":6},"end":{"line":70,"column":32}},"11":{"start":{"line":72,"column":6},"end":{"line":72,"column":74}},"12":{"start":{"line":78,"column":19},"end":{"line":78,"column":21}},"13":{"start":{"line":80,"column":4},"end":{"line":110,"column":5}},"14":{"start":{"line":82,"column":25},"end":{"line":90,"column":7}},"15":{"start":{"line":93,"column":6},"end":{"line":104,"column":7}},"16":{"start":{"line":94,"column":23},"end":{"line":94,"column":70}},"17":{"start":{"line":95,"column":26},"end":{"line":95,"column":90}},"18":{"start":{"line":97,"column":8},"end":{"line":103,"column":9}},"19":{"start":{"line":98,"column":27},"end":{"line":98,"column":80}},"20":{"start":{"line":99,"column":10},"end":{"line":99,"column":50}},"21":{"start":{"line":102,"column":10},"end":{"line":102,"column":62}},"22":{"start":{"line":106,"column":6},"end":{"line":106,"column":20}},"23":{"start":{"line":108,"column":6},"end":{"line":108,"column":70}},"24":{"start":{"line":109,"column":6},"end":{"line":109,"column":20}},"25":{"start":{"line":115,"column":4},"end":{"line":117,"column":5}},"26":{"start":{"line":116,"column":6},"end":{"line":116,"column":78}},"27":{"start":{"line":118,"column":4},"end":{"line":118,"column":30}},"28":{"start":{"line":123,"column":4},"end":{"line":125,"column":5}},"29":{"start":{"line":124,"column":6},"end":{"line":124,"column":50}},"30":{"start":{"line":127,"column":17},"end":{"line":127,"column":32}},"31":{"start":{"line":128,"column":16},"end":{"line":128,"column":34}},"32":{"start":{"line":130,"column":4},"end":{"line":136,"column":5}},"33":{"start":{"line":131,"column":6},"end":{"line":135,"column":7}},"34":{"start":{"line":132,"column":8},"end":{"line":132,"column":27}},"35":{"start":{"line":134,"column":8},"end":{"line":134,"column":20}},"36":{"start":{"line":138,"column":4},"end":{"line":138,"column":17}},"37":{"start":{"line":143,"column":4},"end":{"line":145,"column":5}},"38":{"start":{"line":144,"column":6},"end":{"line":144,"column":50}},"39":{"start":{"line":147,"column":21},"end":{"line":153,"column":5}},"40":{"start":{"line":155,"column":4},"end":{"line":160,"column":5}},"41":{"start":{"line":156,"column":20},"end":{"line":156,"column":40}},"42":{"start":{"line":157,"column":6},"end":{"line":159,"column":7}},"43":{"start":{"line":158,"column":8},"end":{"line":158,"column":70}},"44":{"start":{"line":165,"column":21},"end":{"line":165,"column":25}},"45":{"start":{"line":167,"column":0},"end":{"line":182,"column":2}},"46":{"start":{"line":170,"column":4},"end":{"line":174,"column":5}},"47":{"start":{"line":171,"column":6},"end":{"line":171,"column":36}},"48":{"start":{"line":172,"column":6},"end":{"line":172,"column":40}},"49":{"start":{"line":173,"column":6},"end":{"line":173,"column":32}},"50":{"start":{"line":175,"column":4},"end":{"line":175,"column":26}},"51":{"start":{"line":180,"column":4},"end":{"line":180,"column":26}}},"fnMap":{"0":{"name":"(anonymous_0)","decl":{"start":{"line":12,"column":2},"end":{"line":12,"column":3}},"loc":{"start":{"line":12,"column":16},"end":{"line":16,"column":3}},"line":12},"1":{"name":"(anonymous_1)","decl":{"start":{"line":19,"column":2},"end":{"line":19,"column":3}},"loc":{"start":{"line":19,"column":21},"end":{"line":74,"column":3}},"line":19},"2":{"name":"(anonymous_2)","decl":{"start":{"line":77,"column":2},"end":{"line":77,"column":3}},"loc":{"start":{"line":77,"column":26},"end":{"line":111,"column":3}},"line":77},"3":{"name":"(anonymous_3)","decl":{"start":{"line":114,"column":2},"end":{"line":114,"column":3}},"loc":{"start":{"line":114,"column":8},"end":{"line":119,"column":3}},"line":114},"4":{"name":"(anonymous_4)","decl":{"start":{"line":122,"column":2},"end":{"line":122,"column":3}},"loc":{"start":{"line":122,"column":18},"end":{"line":139,"column":3}},"line":122},"5":{"name":"(anonymous_5)","decl":{"start":{"line":142,"column":2},"end":{"line":142,"column":3}},"loc":{"start":{"line":142,"column":13},"end":{"line":161,"column":3}},"line":142},"6":{"name":"(anonymous_6)","decl":{"start":{"line":169,"column":2},"end":{"line":169,"column":3}},"loc":{"start":{"line":169,"column":22},"end":{"line":176,"column":3}},"line":169},"7":{"name":"(anonymous_7)","decl":{"start":{"line":179,"column":2},"end":{"line":179,"column":3}},"loc":{"start":{"line":179,"column":10},"end":{"line":181,"column":3}},"line":179}},"branchMap":{"0":{"loc":{"start":{"line":8,"column":34},"end":{"line":8,"column":71}},"type":"binary-expr","locations":[{"start":{"line":8,"column":34},"end":{"line":8,"column":56}},{"start":{"line":8,"column":60},"end":{"line":8,"column":71}}],"line":8},"1":{"loc":{"start":{"line":9,"column":56},"end":{"line":9,"column":93}},"type":"binary-expr","locations":[{"start":{"line":9,"column":56},"end":{"line":9,"column":78}},{"start":{"line":9,"column":82},"end":{"line":9,"column":93}}],"line":9},"2":{"loc":{"start":{"line":13,"column":15},"end":{"line":13,"column":47}},"type":"binary-expr","locations":[{"start":{"line":13,"column":15},"end":{"line":13,"column":38}},{"start":{"line":13,"column":42},"end":{"line":13,"column":47}}],"line":13},"3":{"loc":{"start":{"line":14,"column":21},"end":{"line":14,"column":58}},"type":"binary-expr","locations":[{"start":{"line":14,"column":21},"end":{"line":14,"column":43}},{"start":{"line":14,"column":47},"end":{"line":14,"column":58}}],"line":14},"4":{"loc":{"start":{"line":28,"column":21},"end":{"line":28,"column":55}},"type":"binary-expr","locations":[{"start":{"line":28,"column":21},"end":{"line":28,"column":46}},{"start":{"line":28,"column":50},"end":{"line":28,"column":55}}],"line":28},"5":{"loc":{"start":{"line":31,"column":20},"end":{"line":31,"column":73}},"type":"binary-expr","locations":[{"start":{"line":31,"column":20},"end":{"line":31,"column":42}},{"start":{"line":31,"column":46},"end":{"line":31,"column":73}}],"line":31},"6":{"loc":{"start":{"line":32,"column":24},"end":{"line":32,"column":85}},"type":"binary-expr","locations":[{"start":{"line":32,"column":24},"end":{"line":32,"column":50}},{"start":{"line":32,"column":54},"end":{"line":32,"column":85}}],"line":32},"7":{"loc":{"start":{"line":33,"column":20},"end":{"line":33,"column":73}},"type":"binary-expr","locations":[{"start":{"line":33,"column":20},"end":{"line":33,"column":42}},{"start":{"line":33,"column":46},"end":{"line":33,"column":73}}],"line":33},"8":{"loc":{"start":{"line":34,"column":17},"end":{"line":34,"column":44}},"type":"binary-expr","locations":[{"start":{"line":34,"column":17},"end":{"line":34,"column":35}},{"start":{"line":34,"column":39},"end":{"line":34,"column":44}}],"line":34},"9":{"loc":{"start":{"line":37,"column":20},"end":{"line":37,"column":79}},"type":"binary-expr","locations":[{"start":{"line":37,"column":20},"end":{"line":37,"column":45}},{"start":{"line":37,"column":49},"end":{"line":37,"column":79}}],"line":37},"10":{"loc":{"start":{"line":38,"column":15},"end":{"line":38,"column":62}},"type":"binary-expr","locations":[{"start":{"line":38,"column":15},"end":{"line":38,"column":34}},{"start":{"line":38,"column":38},"end":{"line":38,"column":62}}],"line":38},"11":{"loc":{"start":{"line":42,"column":22},"end":{"line":42,"column":69}},"type":"binary-expr","locations":[{"start":{"line":42,"column":22},"end":{"line":42,"column":41}},{"start":{"line":42,"column":45},"end":{"line":42,"column":69}}],"line":42},"12":{"loc":{"start":{"line":46,"column":22},"end":{"line":46,"column":69}},"type":"binary-expr","locations":[{"start":{"line":46,"column":22},"end":{"line":46,"column":41}},{"start":{"line":46,"column":45},"end":{"line":46,"column":69}}],"line":46},"13":{"loc":{"start":{"line":55,"column":17},"end":{"line":55,"column":48}},"type":"binary-expr","locations":[{"start":{"line":55,"column":17},"end":{"line":55,"column":38}},{"start":{"line":55,"column":42},"end":{"line":55,"column":48}}],"line":55},"14":{"loc":{"start":{"line":94,"column":23},"end":{"line":94,"column":70}},"type":"cond-expr","locations":[{"start":{"line":94,"column":51},"end":{"line":94,"column":53}},{"start":{"line":94,"column":56},"end":{"line":94,"column":70}}],"line":94},"15":{"loc":{"start":{"line":115,"column":4},"end":{"line":117,"column":5}},"type":"if","locations":[{"start":{"line":115,"column":4},"end":{"line":117,"column":5}},{"start":{},"end":{}}],"line":115},"16":{"loc":{"start":{"line":123,"column":4},"end":{"line":125,"column":5}},"type":"if","locations":[{"start":{"line":123,"column":4},"end":{"line":125,"column":5}},{"start":{},"end":{}}],"line":123},"17":{"loc":{"start":{"line":131,"column":6},"end":{"line":135,"column":7}},"type":"if","locations":[{"start":{"line":131,"column":6},"end":{"line":135,"column":7}},{"start":{"line":133,"column":13},"end":{"line":135,"column":7}}],"line":131},"18":{"loc":{"start":{"line":131,"column":10},"end":{"line":131,"column":60}},"type":"binary-expr","locations":[{"start":{"line":131,"column":10},"end":{"line":131,"column":15}},{"start":{"line":131,"column":19},"end":{"line":131,"column":44}},{"start":{"line":131,"column":48},"end":{"line":131,"column":60}}],"line":131},"19":{"loc":{"start":{"line":143,"column":4},"end":{"line":145,"column":5}},"type":"if","locations":[{"start":{"line":143,"column":4},"end":{"line":145,"column":5}},{"start":{},"end":{}}],"line":143},"20":{"loc":{"start":{"line":157,"column":6},"end":{"line":159,"column":7}},"type":"if","locations":[{"start":{"line":157,"column":6},"end":{"line":159,"column":7}},{"start":{},"end":{}}],"line":157},"21":{"loc":{"start":{"line":170,"column":4},"end":{"line":174,"column":5}},"type":"if","locations":[{"start":{"line":170,"column":4},"end":{"line":174,"column":5}},{"start":{},"end":{}}],"line":170}},"s":{"0":1,"1":1,"2":1,"3":0,"4":0,"5":0,"6":0,"7":0,"8":0,"9":0,"10":0,"11":0,"12":0,"13":0,"14":0,"15":0,"16":0,"17":0,"18":0,"19":0,"20":0,"21":0,"22":0,"23":0,"24":0,"25":0,"26":0,"27":0,"28":0,"29":0,"30":0,"31":0,"32":0,"33":0,"34":0,"35":0,"36":0,"37":0,"38":0,"39":0,"40":0,"41":0,"42":0,"43":0,"44":1,"45":1,"46":0,"47":0,"48":0,"49":0,"50":0,"51":0},"f":{"0":0,"1":0,"2":0,"3":0,"4":0,"5":0,"6":0,"7":0},"b":{"0":[1,1],"1":[1,1],"2":[0,0],"3":[0,0],"4":[0,0],"5":[0,0],"6":[0,0],"7":[0,0],"8":[0,0],"9":[0,0],"10":[0,0],"11":[0,0],"12":[0,0],"13":[0,0],"14":[0,0],"15":[0,0],"16":[0,0],"17":[0,0],"18":[0,0,0],"19":[0,0],"20":[0,0],"21":[0,0]},"_coverageSchema":"1a1c01bbd47fc00a2c39e90264f33305004495a9","hash":"283a28351d31596f028fd1dda701342d7e686e0a"}
,"/home/studio/workspace/Stellantis-lambda/syncro-kafka-events/externalSystemClient.js": {"path":"/home/studio/workspace/Stellantis-lambda/syncro-kafka-events/externalSystemClient.js","statementMap":{"0":{"start":{"line":5,"column":14},"end":{"line":5,"column":30}},"1":{"start":{"line":9,"column":4},"end":{"line":9,"column":25}},"2":{"start":{"line":10,"column":4},"end":{"line":10,"column":25}},"3":{"start":{"line":13,"column":4},"end":{"line":13,"column":24}},"4":{"start":{"line":14,"column":4},"end":{"line":14,"column":42}},"5":{"start":{"line":15,"column":4},"end":{"line":15,"column":50}},"6":{"start":{"line":21,"column":20},"end":{"line":21,"column":44}},"7":{"start":{"line":23,"column":4},"end":{"line":135,"column":5}},"8":{"start":{"line":25,"column":6},"end":{"line":29,"column":9}},"9":{"start":{"line":32,"column":6},"end":{"line":34,"column":7}},"10":{"start":{"line":33,"column":8},"end":{"line":33,"column":75}},"11":{"start":{"line":35,"column":6},"end":{"line":37,"column":7}},"12":{"start":{"line":36,"column":8},"end":{"line":36,"column":76}},"13":{"start":{"line":38,"column":6},"end":{"line":40,"column":7}},"14":{"start":{"line":39,"column":8},"end":{"line":39,"column":80}},"15":{"start":{"line":43,"column":21},"end":{"line":43,"column":85}},"16":{"start":{"line":44,"column":6},"end":{"line":46,"column":7}},"17":{"start":{"line":45,"column":8},"end":{"line":45,"column":70}},"18":{"start":{"line":49,"column":6},"end":{"line":52,"column":9}},"19":{"start":{"line":55,"column":22},"end":{"line":59,"column":7}},"20":{"start":{"line":62,"column":6},"end":{"line":65,"column":9}},"21":{"start":{"line":68,"column":22},"end":{"line":79,"column":7}},"22":{"start":{"line":82,"column":6},"end":{"line":87,"column":9}},"23":{"start":{"line":90,"column":23},"end":{"line":96,"column":7}},"24":{"start":{"line":99,"column":6},"end":{"line":103,"column":9}},"25":{"start":{"line":106,"column":6},"end":{"line":112,"column":8}},"26":{"start":{"line":115,"column":6},"end":{"line":122,"column":9}},"27":{"start":{"line":125,"column":25},"end":{"line":125,"column":58}},"28":{"start":{"line":128,"column":6},"end":{"line":134,"column":8}},"29":{"start":{"line":140,"column":4},"end":{"line":209,"column":5}},"30":{"start":{"line":142,"column":6},"end":{"line":147,"column":9}},"31":{"start":{"line":150,"column":23},"end":{"line":155,"column":8}},"32":{"start":{"line":154,"column":30},"end":{"line":154,"column":34}},"33":{"start":{"line":158,"column":6},"end":{"line":162,"column":9}},"34":{"start":{"line":165,"column":6},"end":{"line":165,"column":22}},"35":{"start":{"line":168,"column":25},"end":{"line":168,"column":47}},"36":{"start":{"line":171,"column":26},"end":{"line":174,"column":52}},"37":{"start":{"line":177,"column":6},"end":{"line":189,"column":7}},"38":{"start":{"line":179,"column":8},"end":{"line":186,"column":11}},"39":{"start":{"line":188,"column":8},"end":{"line":188,"column":20}},"40":{"start":{"line":192,"column":20},"end":{"line":192,"column":45}},"41":{"start":{"line":195,"column":6},"end":{"line":202,"column":9}},"42":{"start":{"line":205,"column":6},"end":{"line":205,"column":31}},"43":{"start":{"line":208,"column":6},"end":{"line":208,"column":86}},"44":{"start":{"line":215,"column":23},"end":{"line":215,"column":45}},"45":{"start":{"line":218,"column":4},"end":{"line":228,"column":5}},"46":{"start":{"line":219,"column":6},"end":{"line":222,"column":7}},"47":{"start":{"line":220,"column":8},"end":{"line":220,"column":82}},"48":{"start":{"line":221,"column":8},"end":{"line":221,"column":19}},"49":{"start":{"line":224,"column":6},"end":{"line":227,"column":7}},"50":{"start":{"line":225,"column":8},"end":{"line":225,"column":82}},"51":{"start":{"line":226,"column":8},"end":{"line":226,"column":19}},"52":{"start":{"line":231,"column":4},"end":{"line":234,"column":5}},"53":{"start":{"line":232,"column":6},"end":{"line":232,"column":79}},"54":{"start":{"line":233,"column":6},"end":{"line":233,"column":17}},"55":{"start":{"line":237,"column":4},"end":{"line":240,"column":5}},"56":{"start":{"line":238,"column":6},"end":{"line":238,"column":79}},"57":{"start":{"line":239,"column":6},"end":{"line":239,"column":17}},"58":{"start":{"line":243,"column":4},"end":{"line":243,"column":100}},"59":{"start":{"line":244,"column":4},"end":{"line":244,"column":15}},"60":{"start":{"line":250,"column":4},"end":{"line":250,"column":59}},"61":{"start":{"line":250,"column":34},"end":{"line":250,"column":57}},"62":{"start":{"line":256,"column":4},"end":{"line":259,"column":7}},"63":{"start":{"line":262,"column":20},"end":{"line":265,"column":5}},"64":{"start":{"line":268,"column":4},"end":{"line":290,"column":5}},"65":{"start":{"line":269,"column":6},"end":{"line":289,"column":7}},"66":{"start":{"line":271,"column":8},"end":{"line":271,"column":58}},"67":{"start":{"line":272,"column":23},"end":{"line":272,"column":104}},"68":{"start":{"line":274,"column":8},"end":{"line":274,"column":40}},"69":{"start":{"line":275,"column":8},"end":{"line":275,"column":55}},"70":{"start":{"line":278,"column":8},"end":{"line":281,"column":11}},"71":{"start":{"line":283,"column":8},"end":{"line":288,"column":11}},"72":{"start":{"line":293,"column":4},"end":{"line":297,"column":7}},"73":{"start":{"line":300,"column":4},"end":{"line":300,"column":19}},"74":{"start":{"line":304,"column":0},"end":{"line":304,"column":38}}},"fnMap":{"0":{"name":"(anonymous_0)","decl":{"start":{"line":8,"column":2},"end":{"line":8,"column":3}},"loc":{"start":{"line":8,"column":30},"end":{"line":16,"column":3}},"line":8},"1":{"name":"(anonymous_1)","decl":{"start":{"line":19,"column":2},"end":{"line":19,"column":3}},"loc":{"start":{"line":19,"column":79},"end":{"line":136,"column":3}},"line":19},"2":{"name":"(anonymous_2)","decl":{"start":{"line":139,"column":2},"end":{"line":139,"column":3}},"loc":{"start":{"line":139,"column":76},"end":{"line":210,"column":3}},"line":139},"3":{"name":"(anonymous_3)","decl":{"start":{"line":154,"column":24},"end":{"line":154,"column":25}},"loc":{"start":{"line":154,"column":30},"end":{"line":154,"column":34}},"line":154},"4":{"name":"(anonymous_4)","decl":{"start":{"line":213,"column":2},"end":{"line":213,"column":3}},"loc":{"start":{"line":213,"column":31},"end":{"line":245,"column":3}},"line":213},"5":{"name":"(anonymous_5)","decl":{"start":{"line":248,"column":2},"end":{"line":248,"column":3}},"loc":{"start":{"line":248,"column":13},"end":{"line":251,"column":3}},"line":248},"6":{"name":"(anonymous_6)","decl":{"start":{"line":250,"column":23},"end":{"line":250,"column":24}},"loc":{"start":{"line":250,"column":34},"end":{"line":250,"column":57}},"line":250},"7":{"name":"(anonymous_7)","decl":{"start":{"line":254,"column":2},"end":{"line":254,"column":3}},"loc":{"start":{"line":254,"column":109},"end":{"line":301,"column":3}},"line":254}},"branchMap":{"0":{"loc":{"start":{"line":32,"column":6},"end":{"line":34,"column":7}},"type":"if","locations":[{"start":{"line":32,"column":6},"end":{"line":34,"column":7}},{"start":{},"end":{}}],"line":32},"1":{"loc":{"start":{"line":35,"column":6},"end":{"line":37,"column":7}},"type":"if","locations":[{"start":{"line":35,"column":6},"end":{"line":37,"column":7}},{"start":{},"end":{}}],"line":35},"2":{"loc":{"start":{"line":38,"column":6},"end":{"line":40,"column":7}},"type":"if","locations":[{"start":{"line":38,"column":6},"end":{"line":40,"column":7}},{"start":{},"end":{}}],"line":38},"3":{"loc":{"start":{"line":44,"column":6},"end":{"line":46,"column":7}},"type":"if","locations":[{"start":{"line":44,"column":6},"end":{"line":46,"column":7}},{"start":{},"end":{}}],"line":44},"4":{"loc":{"start":{"line":139,"column":63},"end":{"line":139,"column":74}},"type":"default-arg","locations":[{"start":{"line":139,"column":73},"end":{"line":139,"column":74}}],"line":139},"5":{"loc":{"start":{"line":171,"column":26},"end":{"line":174,"column":52}},"type":"binary-expr","locations":[{"start":{"line":171,"column":26},"end":{"line":171,"column":69}},{"start":{"line":172,"column":26},"end":{"line":172,"column":55}},{"start":{"line":173,"column":26},"end":{"line":173,"column":55}},{"start":{"line":174,"column":26},"end":{"line":174,"column":52}}],"line":171},"6":{"loc":{"start":{"line":177,"column":6},"end":{"line":189,"column":7}},"type":"if","locations":[{"start":{"line":177,"column":6},"end":{"line":189,"column":7}},{"start":{},"end":{}}],"line":177},"7":{"loc":{"start":{"line":177,"column":10},"end":{"line":177,"column":56}},"type":"binary-expr","locations":[{"start":{"line":177,"column":10},"end":{"line":177,"column":22}},{"start":{"line":177,"column":26},"end":{"line":177,"column":56}}],"line":177},"8":{"loc":{"start":{"line":218,"column":4},"end":{"line":228,"column":5}},"type":"if","locations":[{"start":{"line":218,"column":4},"end":{"line":228,"column":5}},{"start":{},"end":{}}],"line":218},"9":{"loc":{"start":{"line":219,"column":6},"end":{"line":222,"column":7}},"type":"if","locations":[{"start":{"line":219,"column":6},"end":{"line":222,"column":7}},{"start":{},"end":{}}],"line":219},"10":{"loc":{"start":{"line":219,"column":10},"end":{"line":219,"column":47}},"type":"binary-expr","locations":[{"start":{"line":219,"column":10},"end":{"line":219,"column":27}},{"start":{"line":219,"column":31},"end":{"line":219,"column":47}}],"line":219},"11":{"loc":{"start":{"line":224,"column":6},"end":{"line":227,"column":7}},"type":"if","locations":[{"start":{"line":224,"column":6},"end":{"line":227,"column":7}},{"start":{},"end":{}}],"line":224},"12":{"loc":{"start":{"line":231,"column":4},"end":{"line":234,"column":5}},"type":"if","locations":[{"start":{"line":231,"column":4},"end":{"line":234,"column":5}},{"start":{},"end":{}}],"line":231},"13":{"loc":{"start":{"line":231,"column":8},"end":{"line":231,"column":75}},"type":"binary-expr","locations":[{"start":{"line":231,"column":8},"end":{"line":231,"column":37}},{"start":{"line":231,"column":41},"end":{"line":231,"column":75}}],"line":231},"14":{"loc":{"start":{"line":237,"column":4},"end":{"line":240,"column":5}},"type":"if","locations":[{"start":{"line":237,"column":4},"end":{"line":240,"column":5}},{"start":{},"end":{}}],"line":237},"15":{"loc":{"start":{"line":237,"column":8},"end":{"line":237,"column":67}},"type":"binary-expr","locations":[{"start":{"line":237,"column":8},"end":{"line":237,"column":37}},{"start":{"line":237,"column":41},"end":{"line":237,"column":67}}],"line":237},"16":{"loc":{"start":{"line":254,"column":83},"end":{"line":254,"column":107}},"type":"default-arg","locations":[{"start":{"line":254,"column":93},"end":{"line":254,"column":107}}],"line":254}},"s":{"0":1,"1":0,"2":0,"3":0,"4":0,"5":0,"6":0,"7":0,"8":0,"9":0,"10":0,"11":0,"12":0,"13":0,"14":0,"15":0,"16":0,"17":0,"18":0,"19":0,"20":0,"21":0,"22":0,"23":0,"24":0,"25":0,"26":0,"27":0,"28":0,"29":0,"30":0,"31":0,"32":0,"33":0,"34":0,"35":0,"36":0,"37":0,"38":0,"39":0,"40":0,"41":0,"42":0,"43":0,"44":0,"45":0,"46":0,"47":0,"48":0,"49":0,"50":0,"51":0,"52":0,"53":0,"54":0,"55":0,"56":0,"57":0,"58":0,"59":0,"60":0,"61":0,"62":0,"63":0,"64":0,"65":0,"66":0,"67":0,"68":0,"69":0,"70":0,"71":0,"72":0,"73":0,"74":1},"f":{"0":0,"1":0,"2":0,"3":0,"4":0,"5":0,"6":0,"7":0},"b":{"0":[0,0],"1":[0,0],"2":[0,0],"3":[0,0],"4":[0],"5":[0,0,0,0],"6":[0,0],"7":[0,0],"8":[0,0],"9":[0,0],"10":[0,0],"11":[0,0],"12":[0,0],"13":[0,0],"14":[0,0],"15":[0,0],"16":[0]},"_coverageSchema":"1a1c01bbd47fc00a2c39e90264f33305004495a9","hash":"8a9afef8b25dad34d2af9d7d8bfe2da090560558"}
,"/home/studio/workspace/Stellantis-lambda/syncro-kafka-events/index.js": {"path":"/home/studio/workspace/Stellantis-lambda/syncro-kafka-events/index.js","statementMap":{"0":{"start":{"line":4,"column":15},"end":{"line":4,"column":34}},"1":{"start":{"line":5,"column":18},"end":{"line":5,"column":40}},"2":{"start":{"line":6,"column":21},"end":{"line":6,"column":40}},"3":{"start":{"line":7,"column":20},"end":{"line":7,"column":44}},"4":{"start":{"line":8,"column":29},"end":{"line":8,"column":62}},"5":{"start":{"line":11,"column":0},"end":{"line":133,"column":2}},"6":{"start":{"line":13,"column":17},"end":{"line":13,"column":29}},"7":{"start":{"line":15,"column":2},"end":{"line":132,"column":3}},"8":{"start":{"line":16,"column":4},"end":{"line":20,"column":7}},"9":{"start":{"line":23,"column":19},"end":{"line":23,"column":51}},"10":{"start":{"line":26,"column":24},"end":{"line":26,"column":55}},"11":{"start":{"line":27,"column":27},"end":{"line":27,"column":67}},"12":{"start":{"line":30,"column":23},"end":{"line":30,"column":83}},"13":{"start":{"line":31,"column":27},"end":{"line":31,"column":76}},"14":{"start":{"line":33,"column":4},"end":{"line":40,"column":5}},"15":{"start":{"line":34,"column":6},"end":{"line":34,"column":76}},"16":{"start":{"line":35,"column":6},"end":{"line":39,"column":30}},"17":{"start":{"line":43,"column":28},"end":{"line":43,"column":81}},"18":{"start":{"line":44,"column":4},"end":{"line":51,"column":5}},"19":{"start":{"line":45,"column":6},"end":{"line":45,"column":80}},"20":{"start":{"line":46,"column":6},"end":{"line":50,"column":30}},"21":{"start":{"line":54,"column":22},"end":{"line":54,"column":80}},"22":{"start":{"line":55,"column":4},"end":{"line":62,"column":5}},"23":{"start":{"line":56,"column":6},"end":{"line":56,"column":69}},"24":{"start":{"line":57,"column":6},"end":{"line":61,"column":30}},"25":{"start":{"line":65,"column":25},"end":{"line":65,"column":56}},"26":{"start":{"line":66,"column":32},"end":{"line":66,"column":66}},"27":{"start":{"line":68,"column":4},"end":{"line":110,"column":5}},"28":{"start":{"line":70,"column":21},"end":{"line":70,"column":75}},"29":{"start":{"line":71,"column":19},"end":{"line":71,"column":46}},"30":{"start":{"line":73,"column":6},"end":{"line":77,"column":9}},"31":{"start":{"line":79,"column":6},"end":{"line":93,"column":7}},"32":{"start":{"line":80,"column":8},"end":{"line":87,"column":10}},"33":{"start":{"line":88,"column":13},"end":{"line":93,"column":7}},"34":{"start":{"line":89,"column":8},"end":{"line":92,"column":10}},"35":{"start":{"line":94,"column":11},"end":{"line":110,"column":5}},"36":{"start":{"line":96,"column":6},"end":{"line":96,"column":68}},"37":{"start":{"line":98,"column":6},"end":{"line":109,"column":7}},"38":{"start":{"line":99,"column":8},"end":{"line":106,"column":10}},"39":{"start":{"line":107,"column":13},"end":{"line":109,"column":7}},"40":{"start":{"line":108,"column":8},"end":{"line":108,"column":63}},"41":{"start":{"line":113,"column":4},"end":{"line":116,"column":7}},"42":{"start":{"line":118,"column":4},"end":{"line":122,"column":28}},"43":{"start":{"line":125,"column":4},"end":{"line":125,"column":57}},"44":{"start":{"line":127,"column":4},"end":{"line":131,"column":28}},"45":{"start":{"line":144,"column":2},"end":{"line":245,"column":3}},"46":{"start":{"line":146,"column":17},"end":{"line":146,"column":85}},"47":{"start":{"line":147,"column":23},"end":{"line":147,"column":62}},"48":{"start":{"line":149,"column":4},"end":{"line":160,"column":5}},"49":{"start":{"line":150,"column":6},"end":{"line":152,"column":9}},"50":{"start":{"line":154,"column":6},"end":{"line":159,"column":30}},"51":{"start":{"line":162,"column":23},"end":{"line":162,"column":38}},"52":{"start":{"line":163,"column":22},"end":{"line":163,"column":47}},"53":{"start":{"line":165,"column":4},"end":{"line":168,"column":7}},"54":{"start":{"line":171,"column":20},"end":{"line":171,"column":64}},"55":{"start":{"line":174,"column":29},"end":{"line":174,"column":66}},"56":{"start":{"line":175,"column":4},"end":{"line":184,"column":5}},"57":{"start":{"line":176,"column":6},"end":{"line":178,"column":9}},"58":{"start":{"line":179,"column":6},"end":{"line":183,"column":30}},"59":{"start":{"line":186,"column":4},"end":{"line":189,"column":7}},"60":{"start":{"line":192,"column":24},"end":{"line":198,"column":5}},"61":{"start":{"line":200,"column":4},"end":{"line":204,"column":7}},"62":{"start":{"line":207,"column":4},"end":{"line":217,"column":5}},"63":{"start":{"line":208,"column":6},"end":{"line":216,"column":30}},"64":{"start":{"line":220,"column":23},"end":{"line":220,"column":44}},"65":{"start":{"line":221,"column":4},"end":{"line":226,"column":28}},"66":{"start":{"line":229,"column":4},"end":{"line":229,"column":61}},"67":{"start":{"line":232,"column":4},"end":{"line":238,"column":5}},"68":{"start":{"line":233,"column":6},"end":{"line":237,"column":30}},"69":{"start":{"line":240,"column":4},"end":{"line":244,"column":28}},"70":{"start":{"line":250,"column":2},"end":{"line":291,"column":3}},"71":{"start":{"line":252,"column":22},"end":{"line":254,"column":55}},"72":{"start":{"line":256,"column":23},"end":{"line":256,"column":66}},"73":{"start":{"line":258,"column":4},"end":{"line":269,"column":5}},"74":{"start":{"line":259,"column":6},"end":{"line":261,"column":9}},"75":{"start":{"line":263,"column":6},"end":{"line":268,"column":30}},"76":{"start":{"line":271,"column":4},"end":{"line":271,"column":52}},"77":{"start":{"line":275,"column":4},"end":{"line":281,"column":28}},"78":{"start":{"line":284,"column":4},"end":{"line":284,"column":60}},"79":{"start":{"line":286,"column":4},"end":{"line":290,"column":28}},"80":{"start":{"line":296,"column":2},"end":{"line":304,"column":4}},"81":{"start":{"line":309,"column":25},"end":{"line":309,"column":40}},"82":{"start":{"line":310,"column":2},"end":{"line":310,"column":18}},"83":{"start":{"line":314,"column":0},"end":{"line":314,"column":56}},"84":{"start":{"line":315,"column":0},"end":{"line":315,"column":54}},"85":{"start":{"line":316,"column":0},"end":{"line":316,"column":40}},"86":{"start":{"line":317,"column":0},"end":{"line":317,"column":48}}},"fnMap":{"0":{"name":"(anonymous_0)","decl":{"start":{"line":11,"column":18},"end":{"line":11,"column":19}},"loc":{"start":{"line":11,"column":44},"end":{"line":133,"column":1}},"line":11},"1":{"name":"_handlePostSynchStatus","decl":{"start":{"line":136,"column":15},"end":{"line":136,"column":37}},"loc":{"start":{"line":143,"column":2},"end":{"line":246,"column":1}},"line":143},"2":{"name":"_handleGetSynchStatus","decl":{"start":{"line":249,"column":15},"end":{"line":249,"column":36}},"loc":{"start":{"line":249,"column":52},"end":{"line":292,"column":1}},"line":249},"3":{"name":"_buildResponse","decl":{"start":{"line":295,"column":9},"end":{"line":295,"column":23}},"loc":{"start":{"line":295,"column":51},"end":{"line":305,"column":1}},"line":295},"4":{"name":"_generateRequestId","decl":{"start":{"line":308,"column":9},"end":{"line":308,"column":27}},"loc":{"start":{"line":308,"column":30},"end":{"line":311,"column":1}},"line":308}},"branchMap":{"0":{"loc":{"start":{"line":17,"column":19},"end":{"line":17,"column":48}},"type":"binary-expr","locations":[{"start":{"line":17,"column":19},"end":{"line":17,"column":31}},{"start":{"line":17,"column":35},"end":{"line":17,"column":48}}],"line":17},"1":{"loc":{"start":{"line":18,"column":18},"end":{"line":18,"column":72}},"type":"binary-expr","locations":[{"start":{"line":18,"column":18},"end":{"line":18,"column":34}},{"start":{"line":18,"column":38},"end":{"line":18,"column":72}}],"line":18},"2":{"loc":{"start":{"line":19,"column":12},"end":{"line":19,"column":39}},"type":"binary-expr","locations":[{"start":{"line":19,"column":12},"end":{"line":19,"column":22}},{"start":{"line":19,"column":26},"end":{"line":19,"column":39}}],"line":19},"3":{"loc":{"start":{"line":30,"column":23},"end":{"line":30,"column":83}},"type":"binary-expr","locations":[{"start":{"line":30,"column":23},"end":{"line":30,"column":51}},{"start":{"line":30,"column":55},"end":{"line":30,"column":83}}],"line":30},"4":{"loc":{"start":{"line":33,"column":4},"end":{"line":40,"column":5}},"type":"if","locations":[{"start":{"line":33,"column":4},"end":{"line":40,"column":5}},{"start":{},"end":{}}],"line":33},"5":{"loc":{"start":{"line":44,"column":4},"end":{"line":51,"column":5}},"type":"if","locations":[{"start":{"line":44,"column":4},"end":{"line":51,"column":5}},{"start":{},"end":{}}],"line":44},"6":{"loc":{"start":{"line":55,"column":4},"end":{"line":62,"column":5}},"type":"if","locations":[{"start":{"line":55,"column":4},"end":{"line":62,"column":5}},{"start":{},"end":{}}],"line":55},"7":{"loc":{"start":{"line":65,"column":25},"end":{"line":65,"column":56}},"type":"binary-expr","locations":[{"start":{"line":65,"column":25},"end":{"line":65,"column":38}},{"start":{"line":65,"column":42},"end":{"line":65,"column":56}}],"line":65},"8":{"loc":{"start":{"line":68,"column":4},"end":{"line":110,"column":5}},"type":"if","locations":[{"start":{"line":68,"column":4},"end":{"line":110,"column":5}},{"start":{"line":94,"column":11},"end":{"line":110,"column":5}}],"line":68},"9":{"loc":{"start":{"line":68,"column":8},"end":{"line":68,"column":43}},"type":"binary-expr","locations":[{"start":{"line":68,"column":8},"end":{"line":68,"column":20}},{"start":{"line":68,"column":24},"end":{"line":68,"column":43}}],"line":68},"10":{"loc":{"start":{"line":70,"column":21},"end":{"line":70,"column":75}},"type":"binary-expr","locations":[{"start":{"line":70,"column":21},"end":{"line":70,"column":55}},{"start":{"line":70,"column":59},"end":{"line":70,"column":75}}],"line":70},"11":{"loc":{"start":{"line":71,"column":19},"end":{"line":71,"column":46}},"type":"binary-expr","locations":[{"start":{"line":71,"column":19},"end":{"line":71,"column":32}},{"start":{"line":71,"column":36},"end":{"line":71,"column":46}}],"line":71},"12":{"loc":{"start":{"line":79,"column":6},"end":{"line":93,"column":7}},"type":"if","locations":[{"start":{"line":79,"column":6},"end":{"line":93,"column":7}},{"start":{"line":88,"column":13},"end":{"line":93,"column":7}}],"line":79},"13":{"loc":{"start":{"line":79,"column":10},"end":{"line":79,"column":61}},"type":"binary-expr","locations":[{"start":{"line":79,"column":10},"end":{"line":79,"column":27}},{"start":{"line":79,"column":31},"end":{"line":79,"column":61}}],"line":79},"14":{"loc":{"start":{"line":88,"column":13},"end":{"line":93,"column":7}},"type":"if","locations":[{"start":{"line":88,"column":13},"end":{"line":93,"column":7}},{"start":{},"end":{}}],"line":88},"15":{"loc":{"start":{"line":88,"column":17},"end":{"line":88,"column":67}},"type":"binary-expr","locations":[{"start":{"line":88,"column":17},"end":{"line":88,"column":33}},{"start":{"line":88,"column":37},"end":{"line":88,"column":67}}],"line":88},"16":{"loc":{"start":{"line":94,"column":11},"end":{"line":110,"column":5}},"type":"if","locations":[{"start":{"line":94,"column":11},"end":{"line":110,"column":5}},{"start":{},"end":{}}],"line":94},"17":{"loc":{"start":{"line":98,"column":6},"end":{"line":109,"column":7}},"type":"if","locations":[{"start":{"line":98,"column":6},"end":{"line":109,"column":7}},{"start":{"line":107,"column":13},"end":{"line":109,"column":7}}],"line":98},"18":{"loc":{"start":{"line":107,"column":13},"end":{"line":109,"column":7}},"type":"if","locations":[{"start":{"line":107,"column":13},"end":{"line":109,"column":7}},{"start":{},"end":{}}],"line":107},"19":{"loc":{"start":{"line":114,"column":12},"end":{"line":114,"column":39}},"type":"binary-expr","locations":[{"start":{"line":114,"column":12},"end":{"line":114,"column":25}},{"start":{"line":114,"column":29},"end":{"line":114,"column":39}}],"line":114},"20":{"loc":{"start":{"line":146,"column":17},"end":{"line":146,"column":85}},"type":"cond-expr","locations":[{"start":{"line":146,"column":50},"end":{"line":146,"column":72}},{"start":{"line":146,"column":75},"end":{"line":146,"column":85}}],"line":146},"21":{"loc":{"start":{"line":149,"column":4},"end":{"line":160,"column":5}},"type":"if","locations":[{"start":{"line":149,"column":4},"end":{"line":160,"column":5}},{"start":{},"end":{}}],"line":149},"22":{"loc":{"start":{"line":175,"column":4},"end":{"line":184,"column":5}},"type":"if","locations":[{"start":{"line":175,"column":4},"end":{"line":184,"column":5}},{"start":{},"end":{}}],"line":175},"23":{"loc":{"start":{"line":207,"column":4},"end":{"line":217,"column":5}},"type":"if","locations":[{"start":{"line":207,"column":4},"end":{"line":217,"column":5}},{"start":{},"end":{}}],"line":207},"24":{"loc":{"start":{"line":221,"column":31},"end":{"line":221,"column":59}},"type":"binary-expr","locations":[{"start":{"line":221,"column":31},"end":{"line":221,"column":52}},{"start":{"line":221,"column":56},"end":{"line":221,"column":59}}],"line":221},"25":{"loc":{"start":{"line":232,"column":4},"end":{"line":238,"column":5}},"type":"if","locations":[{"start":{"line":232,"column":4},"end":{"line":238,"column":5}},{"start":{},"end":{}}],"line":232},"26":{"loc":{"start":{"line":252,"column":22},"end":{"line":254,"column":55}},"type":"binary-expr","locations":[{"start":{"line":252,"column":22},"end":{"line":252,"column":53}},{"start":{"line":253,"column":22},"end":{"line":253,"column":37}},{"start":{"line":254,"column":23},"end":{"line":254,"column":54}}],"line":252},"27":{"loc":{"start":{"line":258,"column":4},"end":{"line":269,"column":5}},"type":"if","locations":[{"start":{"line":258,"column":4},"end":{"line":269,"column":5}},{"start":{},"end":{}}],"line":258}},"s":{"0":1,"1":1,"2":1,"3":1,"4":1,"5":1,"6":22,"7":22,"8":22,"9":22,"10":22,"11":22,"12":22,"13":22,"14":22,"15":0,"16":0,"17":0,"18":0,"19":0,"20":0,"21":0,"22":0,"23":0,"24":0,"25":0,"26":0,"27":0,"28":0,"29":0,"30":0,"31":0,"32":0,"33":0,"34":0,"35":0,"36":0,"37":0,"38":0,"39":0,"40":0,"41":0,"42":0,"43":22,"44":22,"45":0,"46":0,"47":0,"48":0,"49":0,"50":0,"51":0,"52":0,"53":0,"54":0,"55":0,"56":0,"57":0,"58":0,"59":0,"60":0,"61":0,"62":0,"63":0,"64":0,"65":0,"66":0,"67":0,"68":0,"69":0,"70":0,"71":0,"72":0,"73":0,"74":0,"75":0,"76":0,"77":0,"78":0,"79":0,"80":22,"81":0,"82":0,"83":1,"84":1,"85":1,"86":1},"f":{"0":22,"1":0,"2":0,"3":22,"4":0},"b":{"0":[22,22],"1":[22,0],"2":[22,22],"3":[22,0],"4":[0,0],"5":[0,0],"6":[0,0],"7":[0,0],"8":[0,0],"9":[0,0],"10":[0,0],"11":[0,0],"12":[0,0],"13":[0,0],"14":[0,0],"15":[0,0],"16":[0,0],"17":[0,0],"18":[0,0],"19":[0,0],"20":[0,0],"21":[0,0],"22":[0,0],"23":[0,0],"24":[0,0],"25":[0,0],"26":[0,0,0],"27":[0,0]},"_coverageSchema":"1a1c01bbd47fc00a2c39e90264f33305004495a9","hash":"1a47a6d7689c6d58ae32b237e71af73c4aa1e4a7"}
,"/home/studio/workspace/Stellantis-lambda/syncro-kafka-events/logger.js": {"path":"/home/studio/workspace/Stellantis-lambda/syncro-kafka-events/logger.js","statementMap":{"0":{"start":{"line":6,"column":16},"end":{"line":6,"column":34}},"1":{"start":{"line":7,"column":23},"end":{"line":7,"column":38}},"2":{"start":{"line":10,"column":30},"end":{"line":10,"column":111}},"3":{"start":{"line":13,"column":28},"end":{"line":13,"column":32}},"4":{"start":{"line":18,"column":2},"end":{"line":18,"column":42}},"5":{"start":{"line":18,"column":31},"end":{"line":18,"column":42}},"6":{"start":{"line":20,"column":2},"end":{"line":22,"column":10}},"7":{"start":{"line":28,"column":2},"end":{"line":28,"column":34}},"8":{"start":{"line":28,"column":21},"end":{"line":28,"column":34}},"9":{"start":{"line":31,"column":2},"end":{"line":38,"column":3}},"10":{"start":{"line":33,"column":4},"end":{"line":35,"column":5}},"11":{"start":{"line":34,"column":6},"end":{"line":34,"column":30}},"12":{"start":{"line":37,"column":4},"end":{"line":37,"column":27}},"13":{"start":{"line":41,"column":2},"end":{"line":43,"column":3}},"14":{"start":{"line":42,"column":4},"end":{"line":42,"column":34}},"15":{"start":{"line":46,"column":2},"end":{"line":58,"column":3}},"16":{"start":{"line":47,"column":21},"end":{"line":47,"column":23}},"17":{"start":{"line":48,"column":4},"end":{"line":56,"column":5}},"18":{"start":{"line":50,"column":6},"end":{"line":55,"column":7}},"19":{"start":{"line":51,"column":8},"end":{"line":51,"column":41}},"20":{"start":{"line":54,"column":8},"end":{"line":54,"column":41}},"21":{"start":{"line":57,"column":4},"end":{"line":57,"column":20}},"22":{"start":{"line":61,"column":2},"end":{"line":61,"column":15}},"23":{"start":{"line":65,"column":21},"end":{"line":86,"column":1}},"24":{"start":{"line":75,"column":25},"end":{"line":75,"column":46}},"25":{"start":{"line":77,"column":28},"end":{"line":77,"column":48}},"26":{"start":{"line":79,"column":4},"end":{"line":84,"column":7}},"27":{"start":{"line":89,"column":15},"end":{"line":118,"column":2}},"28":{"start":{"line":108,"column":31},"end":{"line":108,"column":48}},"29":{"start":{"line":110,"column":34},"end":{"line":110,"column":54}},"30":{"start":{"line":112,"column":26},"end":{"line":112,"column":94}},"31":{"start":{"line":113,"column":10},"end":{"line":113,"column":96}},"32":{"start":{"line":125,"column":4},"end":{"line":125,"column":39}},"33":{"start":{"line":130,"column":4},"end":{"line":144,"column":5}},"34":{"start":{"line":132,"column":27},"end":{"line":132,"column":44}},"35":{"start":{"line":134,"column":30},"end":{"line":134,"column":50}},"36":{"start":{"line":136,"column":6},"end":{"line":136,"column":79}},"37":{"start":{"line":139,"column":6},"end":{"line":143,"column":9}},"38":{"start":{"line":149,"column":4},"end":{"line":168,"column":5}},"39":{"start":{"line":151,"column":24},"end":{"line":155,"column":12}},"40":{"start":{"line":157,"column":27},"end":{"line":157,"column":65}},"41":{"start":{"line":159,"column":30},"end":{"line":159,"column":50}},"42":{"start":{"line":161,"column":6},"end":{"line":161,"column":80}},"43":{"start":{"line":164,"column":6},"end":{"line":167,"column":9}},"44":{"start":{"line":173,"column":4},"end":{"line":186,"column":5}},"45":{"start":{"line":175,"column":27},"end":{"line":175,"column":44}},"46":{"start":{"line":177,"column":30},"end":{"line":177,"column":50}},"47":{"start":{"line":179,"column":6},"end":{"line":179,"column":79}},"48":{"start":{"line":182,"column":6},"end":{"line":185,"column":9}},"49":{"start":{"line":191,"column":4},"end":{"line":204,"column":5}},"50":{"start":{"line":193,"column":27},"end":{"line":193,"column":44}},"51":{"start":{"line":195,"column":30},"end":{"line":195,"column":50}},"52":{"start":{"line":197,"column":6},"end":{"line":197,"column":80}},"53":{"start":{"line":200,"column":6},"end":{"line":203,"column":9}},"54":{"start":{"line":210,"column":4},"end":{"line":214,"column":5}},"55":{"start":{"line":211,"column":6},"end":{"line":211,"column":78}},"56":{"start":{"line":213,"column":6},"end":{"line":213,"column":26}},"57":{"start":{"line":216,"column":4},"end":{"line":216,"column":31}},"58":{"start":{"line":222,"column":4},"end":{"line":224,"column":5}},"59":{"start":{"line":223,"column":6},"end":{"line":223,"column":49}},"60":{"start":{"line":225,"column":4},"end":{"line":225,"column":24}},"61":{"start":{"line":229,"column":0},"end":{"line":229,"column":24}}},"fnMap":{"0":{"name":"truncate","decl":{"start":{"line":16,"column":9},"end":{"line":16,"column":17}},"loc":{"start":{"line":16,"column":23},"end":{"line":23,"column":1}},"line":16},"1":{"name":"redactValue","decl":{"start":{"line":26,"column":9},"end":{"line":26,"column":20}},"loc":{"start":{"line":26,"column":28},"end":{"line":62,"column":1}},"line":26},"2":{"name":"(anonymous_2)","decl":{"start":{"line":73,"column":24},"end":{"line":73,"column":25}},"loc":{"start":{"line":73,"column":72},"end":{"line":85,"column":3}},"line":73},"3":{"name":"(anonymous_3)","decl":{"start":{"line":106,"column":30},"end":{"line":106,"column":31}},"loc":{"start":{"line":106,"column":83},"end":{"line":114,"column":9}},"line":106},"4":{"name":"(anonymous_4)","decl":{"start":{"line":123,"column":2},"end":{"line":123,"column":3}},"loc":{"start":{"line":123,"column":30},"end":{"line":126,"column":3}},"line":123},"5":{"name":"(anonymous_5)","decl":{"start":{"line":129,"column":2},"end":{"line":129,"column":3}},"loc":{"start":{"line":129,"column":27},"end":{"line":145,"column":3}},"line":129},"6":{"name":"(anonymous_6)","decl":{"start":{"line":148,"column":2},"end":{"line":148,"column":3}},"loc":{"start":{"line":148,"column":42},"end":{"line":169,"column":3}},"line":148},"7":{"name":"(anonymous_7)","decl":{"start":{"line":172,"column":2},"end":{"line":172,"column":3}},"loc":{"start":{"line":172,"column":27},"end":{"line":187,"column":3}},"line":172},"8":{"name":"(anonymous_8)","decl":{"start":{"line":190,"column":2},"end":{"line":190,"column":3}},"loc":{"start":{"line":190,"column":28},"end":{"line":205,"column":3}},"line":190},"9":{"name":"(anonymous_9)","decl":{"start":{"line":208,"column":2},"end":{"line":208,"column":3}},"loc":{"start":{"line":208,"column":23},"end":{"line":217,"column":3}},"line":208},"10":{"name":"(anonymous_10)","decl":{"start":{"line":220,"column":2},"end":{"line":220,"column":3}},"loc":{"start":{"line":220,"column":15},"end":{"line":226,"column":3}},"line":220}},"branchMap":{"0":{"loc":{"start":{"line":18,"column":2},"end":{"line":18,"column":42}},"type":"if","locations":[{"start":{"line":18,"column":2},"end":{"line":18,"column":42}},{"start":{},"end":{}}],"line":18},"1":{"loc":{"start":{"line":20,"column":9},"end":{"line":22,"column":9}},"type":"cond-expr","locations":[{"start":{"line":21,"column":6},"end":{"line":21,"column":58}},{"start":{"line":22,"column":6},"end":{"line":22,"column":9}}],"line":20},"2":{"loc":{"start":{"line":28,"column":2},"end":{"line":28,"column":34}},"type":"if","locations":[{"start":{"line":28,"column":2},"end":{"line":28,"column":34}},{"start":{},"end":{}}],"line":28},"3":{"loc":{"start":{"line":31,"column":2},"end":{"line":38,"column":3}},"type":"if","locations":[{"start":{"line":31,"column":2},"end":{"line":38,"column":3}},{"start":{},"end":{}}],"line":31},"4":{"loc":{"start":{"line":33,"column":4},"end":{"line":35,"column":5}},"type":"if","locations":[{"start":{"line":33,"column":4},"end":{"line":35,"column":5}},{"start":{},"end":{}}],"line":33},"5":{"loc":{"start":{"line":33,"column":8},"end":{"line":33,"column":89}},"type":"binary-expr","locations":[{"start":{"line":33,"column":8},"end":{"line":33,"column":35}},{"start":{"line":33,"column":39},"end":{"line":33,"column":61}},{"start":{"line":33,"column":65},"end":{"line":33,"column":89}}],"line":33},"6":{"loc":{"start":{"line":41,"column":2},"end":{"line":43,"column":3}},"type":"if","locations":[{"start":{"line":41,"column":2},"end":{"line":43,"column":3}},{"start":{},"end":{}}],"line":41},"7":{"loc":{"start":{"line":46,"column":2},"end":{"line":58,"column":3}},"type":"if","locations":[{"start":{"line":46,"column":2},"end":{"line":58,"column":3}},{"start":{},"end":{}}],"line":46},"8":{"loc":{"start":{"line":50,"column":6},"end":{"line":55,"column":7}},"type":"if","locations":[{"start":{"line":50,"column":6},"end":{"line":55,"column":7}},{"start":{"line":52,"column":13},"end":{"line":55,"column":7}}],"line":50},"9":{"loc":{"start":{"line":91,"column":9},"end":{"line":91,"column":40}},"type":"binary-expr","locations":[{"start":{"line":91,"column":9},"end":{"line":91,"column":30}},{"start":{"line":91,"column":34},"end":{"line":91,"column":40}}],"line":91},"10":{"loc":{"start":{"line":97,"column":17},"end":{"line":97,"column":49}},"type":"binary-expr","locations":[{"start":{"line":97,"column":17},"end":{"line":97,"column":40}},{"start":{"line":97,"column":44},"end":{"line":97,"column":49}}],"line":97},"11":{"loc":{"start":{"line":112,"column":26},"end":{"line":112,"column":94}},"type":"cond-expr","locations":[{"start":{"line":112,"column":61},"end":{"line":112,"column":89}},{"start":{"line":112,"column":92},"end":{"line":112,"column":94}}],"line":112},"12":{"loc":{"start":{"line":123,"column":14},"end":{"line":123,"column":28}},"type":"default-arg","locations":[{"start":{"line":123,"column":24},"end":{"line":123,"column":28}}],"line":123},"13":{"loc":{"start":{"line":125,"column":19},"end":{"line":125,"column":38}},"type":"binary-expr","locations":[{"start":{"line":125,"column":19},"end":{"line":125,"column":26}},{"start":{"line":125,"column":30},"end":{"line":125,"column":38}}],"line":125},"14":{"loc":{"start":{"line":129,"column":16},"end":{"line":129,"column":25}},"type":"default-arg","locations":[{"start":{"line":129,"column":23},"end":{"line":129,"column":25}}],"line":129},"15":{"loc":{"start":{"line":148,"column":17},"end":{"line":148,"column":29}},"type":"default-arg","locations":[{"start":{"line":148,"column":25},"end":{"line":148,"column":29}}],"line":148},"16":{"loc":{"start":{"line":148,"column":31},"end":{"line":148,"column":40}},"type":"default-arg","locations":[{"start":{"line":148,"column":38},"end":{"line":148,"column":40}}],"line":148},"17":{"loc":{"start":{"line":151,"column":24},"end":{"line":155,"column":12}},"type":"cond-expr","locations":[{"start":{"line":151,"column":32},"end":{"line":155,"column":7}},{"start":{"line":155,"column":10},"end":{"line":155,"column":12}}],"line":151},"18":{"loc":{"start":{"line":172,"column":16},"end":{"line":172,"column":25}},"type":"default-arg","locations":[{"start":{"line":172,"column":23},"end":{"line":172,"column":25}}],"line":172},"19":{"loc":{"start":{"line":190,"column":17},"end":{"line":190,"column":26}},"type":"default-arg","locations":[{"start":{"line":190,"column":24},"end":{"line":190,"column":26}}],"line":190},"20":{"loc":{"start":{"line":210,"column":4},"end":{"line":214,"column":5}},"type":"if","locations":[{"start":{"line":210,"column":4},"end":{"line":214,"column":5}},{"start":{},"end":{}}],"line":210},"21":{"loc":{"start":{"line":210,"column":8},"end":{"line":210,"column":47}},"type":"binary-expr","locations":[{"start":{"line":210,"column":8},"end":{"line":210,"column":16}},{"start":{"line":210,"column":20},"end":{"line":210,"column":47}}],"line":210},"22":{"loc":{"start":{"line":222,"column":4},"end":{"line":224,"column":5}},"type":"if","locations":[{"start":{"line":222,"column":4},"end":{"line":224,"column":5}},{"start":{},"end":{}}],"line":222}},"s":{"0":1,"1":1,"2":1,"3":1,"4":0,"5":0,"6":0,"7":0,"8":0,"9":0,"10":0,"11":0,"12":0,"13":0,"14":0,"15":0,"16":0,"17":0,"18":0,"19":0,"20":0,"21":0,"22":0,"23":1,"24":0,"25":0,"26":0,"27":1,"28":0,"29":0,"30":0,"31":0,"32":0,"33":0,"34":0,"35":0,"36":0,"37":0,"38":0,"39":0,"40":0,"41":0,"42":0,"43":0,"44":0,"45":0,"46":0,"47":0,"48":0,"49":0,"50":0,"51":0,"52":0,"53":0,"54":0,"55":0,"56":0,"57":0,"58":0,"59":0,"60":0,"61":1},"f":{"0":0,"1":0,"2":0,"3":0,"4":0,"5":0,"6":0,"7":0,"8":0,"9":0,"10":0},"b":{"0":[0,0],"1":[0,0],"2":[0,0],"3":[0,0],"4":[0,0],"5":[0,0,0],"6":[0,0],"7":[0,0],"8":[0,0],"9":[1,1],"10":[1,1],"11":[0,0],"12":[0],"13":[0,0],"14":[0],"15":[0],"16":[0],"17":[0,0],"18":[0],"19":[0],"20":[0,0],"21":[0,0],"22":[0,0]},"_coverageSchema":"1a1c01bbd47fc00a2c39e90264f33305004495a9","hash":"6169fb2f48051183be467051fd68758167ce39dc"}
,"/home/studio/workspace/Stellantis-lambda/syncro-kafka-events/validator.js": {"path":"/home/studio/workspace/Stellantis-lambda/syncro-kafka-events/validator.js","statementMap":{"0":{"start":{"line":5,"column":12},"end":{"line":5,"column":26}},"1":{"start":{"line":8,"column":25},"end":{"line":49,"column":16}},"2":{"start":{"line":52,"column":30},"end":{"line":63,"column":17}},"3":{"start":{"line":66,"column":29},"end":{"line":74,"column":2}},"4":{"start":{"line":79,"column":29},"end":{"line":82,"column":6}},"5":{"start":{"line":84,"column":4},"end":{"line":95,"column":5}},"6":{"start":{"line":85,"column":22},"end":{"line":88,"column":9}},"7":{"start":{"line":85,"column":51},"end":{"line":88,"column":7}},"8":{"start":{"line":90,"column":6},"end":{"line":94,"column":8}},"9":{"start":{"line":97,"column":4},"end":{"line":101,"column":6}},"10":{"start":{"line":106,"column":29},"end":{"line":108,"column":6}},"11":{"start":{"line":110,"column":4},"end":{"line":121,"column":5}},"12":{"start":{"line":111,"column":22},"end":{"line":114,"column":9}},"13":{"start":{"line":111,"column":51},"end":{"line":114,"column":7}},"14":{"start":{"line":116,"column":6},"end":{"line":120,"column":8}},"15":{"start":{"line":123,"column":4},"end":{"line":127,"column":6}},"16":{"start":{"line":132,"column":29},"end":{"line":134,"column":6}},"17":{"start":{"line":136,"column":4},"end":{"line":147,"column":5}},"18":{"start":{"line":137,"column":22},"end":{"line":140,"column":9}},"19":{"start":{"line":137,"column":51},"end":{"line":140,"column":7}},"20":{"start":{"line":142,"column":6},"end":{"line":146,"column":8}},"21":{"start":{"line":149,"column":4},"end":{"line":153,"column":6}},"22":{"start":{"line":158,"column":4},"end":{"line":164,"column":5}},"23":{"start":{"line":159,"column":6},"end":{"line":163,"column":8}},"24":{"start":{"line":167,"column":18},"end":{"line":167,"column":35}},"25":{"start":{"line":168,"column":4},"end":{"line":174,"column":5}},"26":{"start":{"line":169,"column":6},"end":{"line":173,"column":8}},"27":{"start":{"line":176,"column":4},"end":{"line":180,"column":6}},"28":{"start":{"line":184,"column":0},"end":{"line":184,"column":27}}},"fnMap":{"0":{"name":"(anonymous_0)","decl":{"start":{"line":78,"column":2},"end":{"line":78,"column":3}},"loc":{"start":{"line":78,"column":39},"end":{"line":102,"column":3}},"line":78},"1":{"name":"(anonymous_1)","decl":{"start":{"line":85,"column":40},"end":{"line":85,"column":41}},"loc":{"start":{"line":85,"column":51},"end":{"line":88,"column":7}},"line":85},"2":{"name":"(anonymous_2)","decl":{"start":{"line":105,"column":2},"end":{"line":105,"column":3}},"loc":{"start":{"line":105,"column":43},"end":{"line":128,"column":3}},"line":105},"3":{"name":"(anonymous_3)","decl":{"start":{"line":111,"column":40},"end":{"line":111,"column":41}},"loc":{"start":{"line":111,"column":51},"end":{"line":114,"column":7}},"line":111},"4":{"name":"(anonymous_4)","decl":{"start":{"line":131,"column":2},"end":{"line":131,"column":3}},"loc":{"start":{"line":131,"column":35},"end":{"line":154,"column":3}},"line":131},"5":{"name":"(anonymous_5)","decl":{"start":{"line":137,"column":40},"end":{"line":137,"column":41}},"loc":{"start":{"line":137,"column":51},"end":{"line":140,"column":7}},"line":137},"6":{"name":"(anonymous_6)","decl":{"start":{"line":157,"column":2},"end":{"line":157,"column":3}},"loc":{"start":{"line":157,"column":45},"end":{"line":181,"column":3}},"line":157}},"branchMap":{"0":{"loc":{"start":{"line":84,"column":4},"end":{"line":95,"column":5}},"type":"if","locations":[{"start":{"line":84,"column":4},"end":{"line":95,"column":5}},{"start":{},"end":{}}],"line":84},"1":{"loc":{"start":{"line":110,"column":4},"end":{"line":121,"column":5}},"type":"if","locations":[{"start":{"line":110,"column":4},"end":{"line":121,"column":5}},{"start":{},"end":{}}],"line":110},"2":{"loc":{"start":{"line":136,"column":4},"end":{"line":147,"column":5}},"type":"if","locations":[{"start":{"line":136,"column":4},"end":{"line":147,"column":5}},{"start":{},"end":{}}],"line":136},"3":{"loc":{"start":{"line":158,"column":4},"end":{"line":164,"column":5}},"type":"if","locations":[{"start":{"line":158,"column":4},"end":{"line":164,"column":5}},{"start":{},"end":{}}],"line":158},"4":{"loc":{"start":{"line":168,"column":4},"end":{"line":174,"column":5}},"type":"if","locations":[{"start":{"line":168,"column":4},"end":{"line":174,"column":5}},{"start":{},"end":{}}],"line":168},"5":{"loc":{"start":{"line":168,"column":8},"end":{"line":168,"column":51}},"type":"binary-expr","locations":[{"start":{"line":168,"column":8},"end":{"line":168,"column":26}},{"start":{"line":168,"column":30},"end":{"line":168,"column":51}}],"line":168}},"s":{"0":2,"1":2,"2":2,"3":2,"4":8,"5":8,"6":6,"7":6,"8":6,"9":2,"10":3,"11":3,"12":2,"13":2,"14":2,"15":1,"16":0,"17":0,"18":0,"19":0,"20":0,"21":0,"22":4,"23":1,"24":3,"25":3,"26":2,"27":1,"28":2},"f":{"0":8,"1":6,"2":3,"3":2,"4":0,"5":0,"6":4},"b":{"0":[6,2],"1":[2,1],"2":[0,0],"3":[1,3],"4":[2,1],"5":[3,2]},"_coverageSchema":"1a1c01bbd47fc00a2c39e90264f33305004495a9","hash":"085b711cdc374ca30079124a13219aeb28e2d541"}
}
