TN:
SF:authService.js
FN:13,(anonymous_0)
FN:23,(anonymous_1)
FN:82,(anonymous_2)
FN:109,(anonymous_3)
FN:130,(anonymous_4)
FN:136,(anonymous_5)
FN:155,(anonymous_6)
FN:174,(anonymous_7)
FNF:8
FNH:0
FNDA:0,(anonymous_0)
FNDA:0,(anonymous_1)
FNDA:0,(anonymous_2)
FNDA:0,(anonymous_3)
FNDA:0,(anonymous_4)
FNDA:0,(anonymous_5)
FNDA:0,(anonymous_6)
FNDA:0,(anonymous_7)
DA:5,1
DA:6,1
DA:7,1
DA:10,1
DA:14,0
DA:15,0
DA:16,0
DA:24,0
DA:25,0
DA:28,0
DA:29,0
DA:33,0
DA:37,0
DA:39,0
DA:40,0
DA:42,0
DA:44,0
DA:57,0
DA:58,0
DA:61,0
DA:62,0
DA:64,0
DA:69,0
DA:71,0
DA:74,0
DA:83,0
DA:84,0
DA:85,0
DA:89,0
DA:92,0
DA:93,0
DA:96,0
DA:101,0
DA:103,0
DA:104,0
DA:110,0
DA:112,0
DA:115,0
DA:117,0
DA:124,0
DA:125,0
DA:131,0
DA:132,0
DA:135,0
DA:136,0
DA:137,0
DA:138,0
DA:142,0
DA:146,0
DA:147,0
DA:149,0
DA:150,0
DA:156,0
DA:157,0
DA:159,0
DA:160,0
DA:162,0
DA:165,0
DA:166,0
DA:175,0
DA:179,0
DA:183,1
LF:62
LH:5
BRDA:10,0,0,1
BRDA:10,0,1,1
BRDA:28,1,0,0
BRDA:28,1,1,0
BRDA:28,2,0,0
BRDA:28,2,1,0
BRDA:58,3,0,0
BRDA:58,3,1,0
BRDA:84,4,0,0
BRDA:84,4,1,0
BRDA:84,5,0,0
BRDA:84,5,1,0
BRDA:92,6,0,0
BRDA:92,6,1,0
BRDA:92,7,0,0
BRDA:92,7,1,0
BRDA:97,8,0,0
BRDA:97,8,1,0
BRDA:130,9,0,0
BRDA:132,10,0,0
BRDA:132,10,1,0
BRDA:132,10,2,0
BRDA:135,11,0,0
BRDA:135,11,1,0
BRDA:137,12,0,0
BRDA:137,12,1,0
BRDA:159,13,0,0
BRDA:159,13,1,0
BRF:28
BRH:2
end_of_record
TN:
SF:config.js
FN:12,(anonymous_0)
FN:19,(anonymous_1)
FN:77,(anonymous_2)
FN:114,(anonymous_3)
FN:122,(anonymous_4)
FN:142,(anonymous_5)
FN:169,(anonymous_6)
FN:179,(anonymous_7)
FNF:8
FNH:0
FNDA:0,(anonymous_0)
FNDA:0,(anonymous_1)
FNDA:0,(anonymous_2)
FNDA:0,(anonymous_3)
FNDA:0,(anonymous_4)
FNDA:0,(anonymous_5)
FNDA:0,(anonymous_6)
FNDA:0,(anonymous_7)
DA:5,1
DA:8,1
DA:9,1
DA:13,0
DA:14,0
DA:15,0
DA:20,0
DA:22,0
DA:24,0
DA:69,0
DA:70,0
DA:72,0
DA:78,0
DA:80,0
DA:82,0
DA:93,0
DA:94,0
DA:95,0
DA:97,0
DA:98,0
DA:99,0
DA:102,0
DA:106,0
DA:108,0
DA:109,0
DA:115,0
DA:116,0
DA:118,0
DA:123,0
DA:124,0
DA:127,0
DA:128,0
DA:130,0
DA:131,0
DA:132,0
DA:134,0
DA:138,0
DA:143,0
DA:144,0
DA:147,0
DA:155,0
DA:156,0
DA:157,0
DA:158,0
DA:165,1
DA:167,1
DA:170,0
DA:171,0
DA:172,0
DA:173,0
DA:175,0
DA:180,0
LF:52
LH:5
BRDA:8,0,0,1
BRDA:8,0,1,1
BRDA:9,1,0,1
BRDA:9,1,1,1
BRDA:13,2,0,0
BRDA:13,2,1,0
BRDA:14,3,0,0
BRDA:14,3,1,0
BRDA:28,4,0,0
BRDA:28,4,1,0
BRDA:31,5,0,0
BRDA:31,5,1,0
BRDA:32,6,0,0
BRDA:32,6,1,0
BRDA:33,7,0,0
BRDA:33,7,1,0
BRDA:34,8,0,0
BRDA:34,8,1,0
BRDA:37,9,0,0
BRDA:37,9,1,0
BRDA:38,10,0,0
BRDA:38,10,1,0
BRDA:42,11,0,0
BRDA:42,11,1,0
BRDA:46,12,0,0
BRDA:46,12,1,0
BRDA:55,13,0,0
BRDA:55,13,1,0
BRDA:94,14,0,0
BRDA:94,14,1,0
BRDA:115,15,0,0
BRDA:115,15,1,0
BRDA:123,16,0,0
BRDA:123,16,1,0
BRDA:131,17,0,0
BRDA:131,17,1,0
BRDA:131,18,0,0
BRDA:131,18,1,0
BRDA:131,18,2,0
BRDA:143,19,0,0
BRDA:143,19,1,0
BRDA:157,20,0,0
BRDA:157,20,1,0
BRDA:170,21,0,0
BRDA:170,21,1,0
BRF:45
BRH:4
end_of_record
TN:
SF:externalSystemClient.js
FN:8,(anonymous_0)
FN:19,(anonymous_1)
FN:139,(anonymous_2)
FN:154,(anonymous_3)
FN:213,(anonymous_4)
FN:248,(anonymous_5)
FN:250,(anonymous_6)
FN:254,(anonymous_7)
FNF:8
FNH:0
FNDA:0,(anonymous_0)
FNDA:0,(anonymous_1)
FNDA:0,(anonymous_2)
FNDA:0,(anonymous_3)
FNDA:0,(anonymous_4)
FNDA:0,(anonymous_5)
FNDA:0,(anonymous_6)
FNDA:0,(anonymous_7)
DA:5,1
DA:9,0
DA:10,0
DA:13,0
DA:14,0
DA:15,0
DA:21,0
DA:23,0
DA:25,0
DA:32,0
DA:33,0
DA:35,0
DA:36,0
DA:38,0
DA:39,0
DA:43,0
DA:44,0
DA:45,0
DA:49,0
DA:55,0
DA:62,0
DA:68,0
DA:82,0
DA:90,0
DA:99,0
DA:106,0
DA:115,0
DA:125,0
DA:128,0
DA:140,0
DA:142,0
DA:150,0
DA:154,0
DA:158,0
DA:165,0
DA:168,0
DA:171,0
DA:177,0
DA:179,0
DA:188,0
DA:192,0
DA:195,0
DA:205,0
DA:208,0
DA:215,0
DA:218,0
DA:219,0
DA:220,0
DA:221,0
DA:224,0
DA:225,0
DA:226,0
DA:231,0
DA:232,0
DA:233,0
DA:237,0
DA:238,0
DA:239,0
DA:243,0
DA:244,0
DA:250,0
DA:256,0
DA:262,0
DA:268,0
DA:269,0
DA:271,0
DA:272,0
DA:274,0
DA:275,0
DA:278,0
DA:283,0
DA:293,0
DA:300,0
DA:304,1
LF:74
LH:2
BRDA:32,0,0,0
BRDA:32,0,1,0
BRDA:35,1,0,0
BRDA:35,1,1,0
BRDA:38,2,0,0
BRDA:38,2,1,0
BRDA:44,3,0,0
BRDA:44,3,1,0
BRDA:139,4,0,0
BRDA:171,5,0,0
BRDA:171,5,1,0
BRDA:171,5,2,0
BRDA:171,5,3,0
BRDA:177,6,0,0
BRDA:177,6,1,0
BRDA:177,7,0,0
BRDA:177,7,1,0
BRDA:218,8,0,0
BRDA:218,8,1,0
BRDA:219,9,0,0
BRDA:219,9,1,0
BRDA:219,10,0,0
BRDA:219,10,1,0
BRDA:224,11,0,0
BRDA:224,11,1,0
BRDA:231,12,0,0
BRDA:231,12,1,0
BRDA:231,13,0,0
BRDA:231,13,1,0
BRDA:237,14,0,0
BRDA:237,14,1,0
BRDA:237,15,0,0
BRDA:237,15,1,0
BRDA:254,16,0,0
BRF:34
BRH:0
end_of_record
TN:
SF:index.js
FN:11,(anonymous_0)
FN:136,_handlePostSynchStatus
FN:249,_handleGetSynchStatus
FN:295,_buildResponse
FN:308,_generateRequestId
FNF:5
FNH:2
FNDA:22,(anonymous_0)
FNDA:0,_handlePostSynchStatus
FNDA:0,_handleGetSynchStatus
FNDA:22,_buildResponse
FNDA:0,_generateRequestId
DA:4,1
DA:5,1
DA:6,1
DA:7,1
DA:8,1
DA:11,1
DA:13,22
DA:15,22
DA:16,22
DA:23,22
DA:26,22
DA:27,22
DA:30,22
DA:31,22
DA:33,22
DA:34,0
DA:35,0
DA:43,0
DA:44,0
DA:45,0
DA:46,0
DA:54,0
DA:55,0
DA:56,0
DA:57,0
DA:65,0
DA:66,0
DA:68,0
DA:70,0
DA:71,0
DA:73,0
DA:79,0
DA:80,0
DA:88,0
DA:89,0
DA:94,0
DA:96,0
DA:98,0
DA:99,0
DA:107,0
DA:108,0
DA:113,0
DA:118,0
DA:125,22
DA:127,22
DA:144,0
DA:146,0
DA:147,0
DA:149,0
DA:150,0
DA:154,0
DA:162,0
DA:163,0
DA:165,0
DA:171,0
DA:174,0
DA:175,0
DA:176,0
DA:179,0
DA:186,0
DA:192,0
DA:200,0
DA:207,0
DA:208,0
DA:220,0
DA:221,0
DA:229,0
DA:232,0
DA:233,0
DA:240,0
DA:250,0
DA:252,0
DA:256,0
DA:258,0
DA:259,0
DA:263,0
DA:271,0
DA:275,0
DA:284,0
DA:286,0
DA:296,22
DA:309,0
DA:310,0
DA:314,1
DA:315,1
DA:316,1
DA:317,1
LF:87
LH:22
BRDA:17,0,0,22
BRDA:17,0,1,22
BRDA:18,1,0,22
BRDA:18,1,1,0
BRDA:19,2,0,22
BRDA:19,2,1,22
BRDA:30,3,0,22
BRDA:30,3,1,0
BRDA:33,4,0,0
BRDA:33,4,1,0
BRDA:44,5,0,0
BRDA:44,5,1,0
BRDA:55,6,0,0
BRDA:55,6,1,0
BRDA:65,7,0,0
BRDA:65,7,1,0
BRDA:68,8,0,0
BRDA:68,8,1,0
BRDA:68,9,0,0
BRDA:68,9,1,0
BRDA:70,10,0,0
BRDA:70,10,1,0
BRDA:71,11,0,0
BRDA:71,11,1,0
BRDA:79,12,0,0
BRDA:79,12,1,0
BRDA:79,13,0,0
BRDA:79,13,1,0
BRDA:88,14,0,0
BRDA:88,14,1,0
BRDA:88,15,0,0
BRDA:88,15,1,0
BRDA:94,16,0,0
BRDA:94,16,1,0
BRDA:98,17,0,0
BRDA:98,17,1,0
BRDA:107,18,0,0
BRDA:107,18,1,0
BRDA:114,19,0,0
BRDA:114,19,1,0
BRDA:146,20,0,0
BRDA:146,20,1,0
BRDA:149,21,0,0
BRDA:149,21,1,0
BRDA:175,22,0,0
BRDA:175,22,1,0
BRDA:207,23,0,0
BRDA:207,23,1,0
BRDA:221,24,0,0
BRDA:221,24,1,0
BRDA:232,25,0,0
BRDA:232,25,1,0
BRDA:252,26,0,0
BRDA:252,26,1,0
BRDA:252,26,2,0
BRDA:258,27,0,0
BRDA:258,27,1,0
BRF:57
BRH:6
end_of_record
TN:
SF:logger.js
FN:16,truncate
FN:26,redactValue
FN:73,(anonymous_2)
FN:106,(anonymous_3)
FN:123,(anonymous_4)
FN:129,(anonymous_5)
FN:148,(anonymous_6)
FN:172,(anonymous_7)
FN:190,(anonymous_8)
FN:208,(anonymous_9)
FN:220,(anonymous_10)
FNF:11
FNH:0
FNDA:0,truncate
FNDA:0,redactValue
FNDA:0,(anonymous_2)
FNDA:0,(anonymous_3)
FNDA:0,(anonymous_4)
FNDA:0,(anonymous_5)
FNDA:0,(anonymous_6)
FNDA:0,(anonymous_7)
FNDA:0,(anonymous_8)
FNDA:0,(anonymous_9)
FNDA:0,(anonymous_10)
DA:6,1
DA:7,1
DA:10,1
DA:13,1
DA:18,0
DA:20,0
DA:28,0
DA:31,0
DA:33,0
DA:34,0
DA:37,0
DA:41,0
DA:42,0
DA:46,0
DA:47,0
DA:48,0
DA:50,0
DA:51,0
DA:54,0
DA:57,0
DA:61,0
DA:65,1
DA:75,0
DA:77,0
DA:79,0
DA:89,1
DA:108,0
DA:110,0
DA:112,0
DA:113,0
DA:125,0
DA:130,0
DA:132,0
DA:134,0
DA:136,0
DA:139,0
DA:149,0
DA:151,0
DA:157,0
DA:159,0
DA:161,0
DA:164,0
DA:173,0
DA:175,0
DA:177,0
DA:179,0
DA:182,0
DA:191,0
DA:193,0
DA:195,0
DA:197,0
DA:200,0
DA:210,0
DA:211,0
DA:213,0
DA:216,0
DA:222,0
DA:223,0
DA:225,0
DA:229,1
LF:60
LH:7
BRDA:18,0,0,0
BRDA:18,0,1,0
BRDA:20,1,0,0
BRDA:20,1,1,0
BRDA:28,2,0,0
BRDA:28,2,1,0
BRDA:31,3,0,0
BRDA:31,3,1,0
BRDA:33,4,0,0
BRDA:33,4,1,0
BRDA:33,5,0,0
BRDA:33,5,1,0
BRDA:33,5,2,0
BRDA:41,6,0,0
BRDA:41,6,1,0
BRDA:46,7,0,0
BRDA:46,7,1,0
BRDA:50,8,0,0
BRDA:50,8,1,0
BRDA:91,9,0,1
BRDA:91,9,1,1
BRDA:97,10,0,1
BRDA:97,10,1,1
BRDA:112,11,0,0
BRDA:112,11,1,0
BRDA:123,12,0,0
BRDA:125,13,0,0
BRDA:125,13,1,0
BRDA:129,14,0,0
BRDA:148,15,0,0
BRDA:148,16,0,0
BRDA:151,17,0,0
BRDA:151,17,1,0
BRDA:172,18,0,0
BRDA:190,19,0,0
BRDA:210,20,0,0
BRDA:210,20,1,0
BRDA:210,21,0,0
BRDA:210,21,1,0
BRDA:222,22,0,0
BRDA:222,22,1,0
BRF:41
BRH:4
end_of_record
TN:
SF:validator.js
FN:78,(anonymous_0)
FN:85,(anonymous_1)
FN:105,(anonymous_2)
FN:111,(anonymous_3)
FN:131,(anonymous_4)
FN:137,(anonymous_5)
FN:157,(anonymous_6)
FNF:7
FNH:5
FNDA:8,(anonymous_0)
FNDA:6,(anonymous_1)
FNDA:3,(anonymous_2)
FNDA:2,(anonymous_3)
FNDA:0,(anonymous_4)
FNDA:0,(anonymous_5)
FNDA:4,(anonymous_6)
DA:5,2
DA:8,2
DA:52,2
DA:66,2
DA:79,8
DA:84,8
DA:85,6
DA:90,6
DA:97,2
DA:106,3
DA:110,3
DA:111,2
DA:116,2
DA:123,1
DA:132,0
DA:136,0
DA:137,0
DA:142,0
DA:149,0
DA:158,4
DA:159,1
DA:167,3
DA:168,3
DA:169,2
DA:176,1
DA:184,2
LF:26
LH:21
BRDA:84,0,0,6
BRDA:84,0,1,2
BRDA:110,1,0,2
BRDA:110,1,1,1
BRDA:136,2,0,0
BRDA:136,2,1,0
BRDA:158,3,0,1
BRDA:158,3,1,3
BRDA:168,4,0,2
BRDA:168,4,1,1
BRDA:168,5,0,3
BRDA:168,5,1,2
BRF:12
BRH:10
end_of_record
