<?xml version="1.0" encoding="UTF-8"?>
<coverage generated="1789987266872" clover="3.2.0">
  <project timestamp="1789987266873" name="All files">
    <metrics statements="230" coveredstatements="107" conditionals="130" coveredconditionals="45" methods="30" coveredmethods="5" elements="390" coveredelements="157" complexity="0" loc="230" ncloc="230" packages="2" files="4" classes="4"/>
    <package name="synch-status">
      <metrics statements="172" coveredstatements="98" conditionals="100" coveredconditionals="45" methods="20" coveredmethods="5"/>
      <file name="config.js" path="/home/runner/work/project-am-stellantis-woc-backend/project-am-stellantis-woc-backend/synch-status/config.js">
        <metrics statements="52" coveredstatements="5" conditionals="41" coveredconditionals="4" methods="8" coveredmethods="0"/>
        <line num="6" count="1" type="stmt"/>
        <line num="9" count="1" type="cond" truecount="2" falsecount="0"/>
        <line num="10" count="1" type="cond" truecount="2" falsecount="0"/>
        <line num="16" count="0" type="cond" truecount="0" falsecount="2"/>
        <line num="18" count="0" type="cond" truecount="0" falsecount="2"/>
        <line num="20" count="0" type="stmt"/>
        <line num="25" count="0" type="stmt"/>
        <line num="27" count="0" type="stmt"/>
        <line num="30" count="0" type="stmt"/>
        <line num="87" count="0" type="stmt"/>
        <line num="88" count="0" type="stmt"/>
        <line num="90" count="0" type="stmt"/>
        <line num="97" count="0" type="stmt"/>
        <line num="99" count="0" type="stmt"/>
        <line num="101" count="0" type="stmt"/>
        <line num="109" count="0" type="stmt"/>
        <line num="111" count="0" type="cond" truecount="0" falsecount="2"/>
        <line num="113" count="0" type="stmt"/>
        <line num="115" count="0" type="stmt"/>
        <line num="117" count="0" type="stmt"/>
        <line num="118" count="0" type="stmt"/>
        <line num="121" count="0" type="stmt"/>
        <line num="125" count="0" type="stmt"/>
        <line num="128" count="0" type="stmt"/>
        <line num="129" count="0" type="stmt"/>
        <line num="135" count="0" type="cond" truecount="0" falsecount="2"/>
        <line num="136" count="0" type="stmt"/>
        <line num="138" count="0" type="stmt"/>
        <line num="143" count="0" type="cond" truecount="0" falsecount="2"/>
        <line num="144" count="0" type="stmt"/>
        <line num="148" count="0" type="stmt"/>
        <line num="149" count="0" type="stmt"/>
        <line num="152" count="0" type="stmt"/>
        <line num="153" count="0" type="cond" truecount="0" falsecount="5"/>
        <line num="154" count="0" type="stmt"/>
        <line num="157" count="0" type="stmt"/>
        <line num="161" count="0" type="stmt"/>
        <line num="166" count="0" type="cond" truecount="0" falsecount="2"/>
        <line num="167" count="0" type="stmt"/>
        <line num="172" count="0" type="stmt"/>
        <line num="180" count="0" type="stmt"/>
        <line num="181" count="0" type="stmt"/>
        <line num="182" count="0" type="cond" truecount="0" falsecount="2"/>
        <line num="183" count="0" type="stmt"/>
        <line num="190" count="1" type="stmt"/>
        <line num="193" count="1" type="stmt"/>
        <line num="197" count="0" type="cond" truecount="0" falsecount="2"/>
        <line num="198" count="0" type="stmt"/>
        <line num="199" count="0" type="stmt"/>
        <line num="201" count="0" type="stmt"/>
        <line num="203" count="0" type="stmt"/>
        <line num="208" count="0" type="stmt"/>
      </file>
      <file name="index.js" path="/home/runner/work/project-am-stellantis-woc-backend/project-am-stellantis-woc-backend/synch-status/index.js">
        <metrics statements="94" coveredstatements="88" conditionals="47" coveredconditionals="41" methods="5" coveredmethods="5"/>
        <line num="10" count="1" type="stmt"/>
        <line num="11" count="1" type="stmt"/>
        <line num="12" count="1" type="stmt"/>
        <line num="13" count="1" type="stmt"/>
        <line num="14" count="1" type="stmt"/>
        <line num="20" count="1" type="stmt"/>
        <line num="27" count="1" type="stmt"/>
        <line num="38" count="1" type="stmt"/>
        <line num="39" count="11" type="stmt"/>
        <line num="41" count="11" type="stmt"/>
        <line num="42" count="11" type="stmt"/>
        <line num="52" count="11" type="stmt"/>
        <line num="53" count="11" type="cond" truecount="1" falsecount="1"/>
        <line num="54" count="11" type="stmt"/>
        <line num="55" count="11" type="stmt"/>
        <line num="57" count="1" type="stmt"/>
        <line num="58" count="1" type="stmt"/>
        <line num="68" count="10" type="stmt"/>
        <line num="74" count="10" type="stmt"/>
        <line num="75" count="10" type="cond" truecount="2" falsecount="0"/>
        <line num="76" count="1" type="stmt"/>
        <line num="80" count="1" type="stmt"/>
        <line num="94" count="9" type="stmt"/>
        <line num="96" count="9" type="stmt"/>
        <line num="107" count="9" type="stmt"/>
        <line num="108" count="9" type="stmt"/>
        <line num="109" count="9" type="stmt"/>
        <line num="110" count="8" type="stmt"/>
        <line num="112" count="1" type="stmt"/>
        <line num="113" count="1" type="stmt"/>
        <line num="125" count="8" type="stmt"/>
        <line num="129" count="8" type="stmt"/>
        <line num="130" count="8" type="stmt"/>
        <line num="135" count="8" type="stmt"/>
        <line num="162" count="8" type="stmt"/>
        <line num="169" count="8" type="stmt"/>
        <line num="175" count="8" type="stmt"/>
        <line num="183" count="7" type="cond" truecount="4" falsecount="0"/>
        <line num="185" count="1" type="stmt"/>
        <line num="187" count="1" type="stmt"/>
        <line num="189" count="1" type="stmt"/>
        <line num="192" count="1" type="stmt"/>
        <line num="225" count="1" type="stmt"/>
        <line num="228" count="6" type="stmt"/>
        <line num="230" count="6" type="stmt"/>
        <line num="239" count="6" type="stmt"/>
        <line num="253" count="6" type="stmt"/>
        <line num="255" count="6" type="stmt"/>
        <line num="260" count="2" type="cond" truecount="2" falsecount="0"/>
        <line num="262" count="1" type="stmt"/>
        <line num="277" count="1" type="stmt"/>
        <line num="290" count="1" type="stmt"/>
        <line num="292" count="1" type="stmt"/>
        <line num="296" count="1" type="stmt"/>
        <line num="306" count="1" type="cond" truecount="3" falsecount="1"/>
        <line num="307" count="0" type="stmt"/>
        <line num="313" count="0" type="stmt"/>
        <line num="321" count="1" type="cond" truecount="3" falsecount="1"/>
        <line num="322" count="1" type="stmt"/>
        <line num="328" count="1" type="stmt"/>
        <line num="337" count="0" type="stmt"/>
        <line num="343" count="0" type="stmt"/>
        <line num="352" count="0" type="stmt"/>
        <line num="353" count="0" type="stmt"/>
        <line num="367" count="20" type="stmt"/>
        <line num="368" count="20" type="stmt"/>
        <line num="370" count="20" type="stmt"/>
        <line num="371" count="60" type="cond" truecount="4" falsecount="0"/>
        <line num="373" count="60" type="cond" truecount="2" falsecount="0"/>
        <line num="374" count="3" type="stmt"/>
        <line num="378" count="20" type="cond" truecount="4" falsecount="0"/>
        <line num="379" count="2" type="stmt"/>
        <line num="382" count="20" type="cond" truecount="4" falsecount="0"/>
        <line num="383" count="1" type="stmt"/>
        <line num="386" count="20" type="cond" truecount="2" falsecount="0"/>
        <line num="387" count="6" type="stmt"/>
        <line num="390" count="14" type="stmt"/>
        <line num="394" count="14" type="stmt"/>
        <line num="396" count="14" type="stmt"/>
        <line num="403" count="4" type="cond" truecount="3" falsecount="0"/>
        <line num="405" count="1" type="stmt"/>
        <line num="407" count="1" type="stmt"/>
        <line num="409" count="2" type="stmt"/>
        <line num="414" count="4" type="cond" truecount="3" falsecount="0"/>
        <line num="416" count="1" type="stmt"/>
        <line num="418" count="1" type="stmt"/>
        <line num="420" count="2" type="stmt"/>
        <line num="424" count="1" type="cond" truecount="0" falsecount="1"/>
        <line num="425" count="17" type="stmt"/>
        <line num="437" count="1" type="stmt"/>
        <line num="438" count="1" type="stmt"/>
        <line num="439" count="1" type="stmt"/>
        <line num="440" count="1" type="stmt"/>
        <line num="441" count="1" type="stmt"/>
      </file>
      <file name="validator.js" path="/home/runner/work/project-am-stellantis-woc-backend/project-am-stellantis-woc-backend/synch-status/validator.js">
        <metrics statements="26" coveredstatements="5" conditionals="12" coveredconditionals="0" methods="7" coveredmethods="0"/>
        <line num="5" count="1" type="stmt"/>
        <line num="8" count="1" type="stmt"/>
        <line num="52" count="1" type="stmt"/>
        <line num="66" count="1" type="stmt"/>
        <line num="79" count="0" type="stmt"/>
        <line num="84" count="0" type="cond" truecount="0" falsecount="2"/>
        <line num="85" count="0" type="stmt"/>
        <line num="90" count="0" type="stmt"/>
        <line num="97" count="0" type="stmt"/>
        <line num="106" count="0" type="stmt"/>
        <line num="110" count="0" type="cond" truecount="0" falsecount="2"/>
        <line num="111" count="0" type="stmt"/>
        <line num="116" count="0" type="stmt"/>
        <line num="123" count="0" type="stmt"/>
        <line num="132" count="0" type="stmt"/>
        <line num="136" count="0" type="cond" truecount="0" falsecount="2"/>
        <line num="137" count="0" type="stmt"/>
        <line num="142" count="0" type="stmt"/>
        <line num="149" count="0" type="stmt"/>
        <line num="158" count="0" type="cond" truecount="0" falsecount="2"/>
        <line num="159" count="0" type="stmt"/>
        <line num="167" count="0" type="stmt"/>
        <line num="168" count="0" type="cond" truecount="0" falsecount="4"/>
        <line num="169" count="0" type="stmt"/>
        <line num="176" count="0" type="stmt"/>
        <line num="184" count="1" type="stmt"/>
      </file>
    </package>
    <package name="synch-status.shared">
      <metrics statements="58" coveredstatements="9" conditionals="30" coveredconditionals="0" methods="10" coveredmethods="0"/>
      <file name="dbClient.js" path="/home/runner/work/project-am-stellantis-woc-backend/project-am-stellantis-woc-backend/synch-status/shared/dbClient.js">
        <metrics statements="58" coveredstatements="9" conditionals="30" coveredconditionals="0" methods="10" coveredmethods="0"/>
        <line num="3" count="1" type="stmt"/>
        <line num="4" count="1" type="stmt"/>
        <line num="5" count="1" type="stmt"/>
        <line num="8" count="1" type="stmt"/>
        <line num="11" count="1" type="stmt"/>
        <line num="12" count="1" type="stmt"/>
        <line num="15" count="1" type="stmt"/>
        <line num="16" count="1" type="stmt"/>
        <line num="19" count="0" type="cond" truecount="0" falsecount="4"/>
        <line num="20" count="0" type="stmt"/>
        <line num="22" count="0" type="stmt"/>
        <line num="33" count="0" type="stmt"/>
        <line num="34" count="0" type="stmt"/>
        <line num="35" count="0" type="stmt"/>
        <line num="44" count="0" type="cond" truecount="0" falsecount="2"/>
        <line num="46" count="0" type="stmt"/>
        <line num="47" count="0" type="cond" truecount="0" falsecount="2"/>
        <line num="48" count="0" type="stmt"/>
        <line num="51" count="0" type="stmt"/>
        <line num="52" count="0" type="stmt"/>
        <line num="61" count="0" type="cond" truecount="0" falsecount="2"/>
        <line num="63" count="0" type="stmt"/>
        <line num="64" count="0" type="cond" truecount="0" falsecount="2"/>
        <line num="65" count="0" type="stmt"/>
        <line num="68" count="0" type="stmt"/>
        <line num="69" count="0" type="stmt"/>
        <line num="80" count="0" type="stmt"/>
        <line num="82" count="0" type="stmt"/>
        <line num="83" count="0" type="stmt"/>
        <line num="85" count="0" type="cond" truecount="0" falsecount="2"/>
        <line num="86" count="0" type="stmt"/>
        <line num="89" count="0" type="stmt"/>
        <line num="96" count="0" type="stmt"/>
        <line num="114" count="0" type="cond" truecount="0" falsecount="2"/>
        <line num="115" count="0" type="stmt"/>
        <line num="118" count="0" type="stmt"/>
        <line num="124" count="0" type="cond" truecount="0" falsecount="2"/>
        <line num="125" count="0" type="stmt"/>
        <line num="126" count="0" type="cond" truecount="0" falsecount="2"/>
        <line num="127" count="0" type="stmt"/>
        <line num="130" count="0" type="stmt"/>
        <line num="131" count="0" type="stmt"/>
        <line num="132" count="0" type="stmt"/>
        <line num="136" count="0" type="stmt"/>
        <line num="148" count="0" type="stmt"/>
        <line num="150" count="0" type="stmt"/>
        <line num="154" count="0" type="stmt"/>
        <line num="155" count="0" type="stmt"/>
        <line num="156" count="0" type="stmt"/>
        <line num="159" count="0" type="stmt"/>
        <line num="160" count="0" type="stmt"/>
        <line num="161" count="0" type="stmt"/>
        <line num="165" count="0" type="stmt"/>
        <line num="166" count="0" type="stmt"/>
        <line num="174" count="0" type="stmt"/>
        <line num="175" count="0" type="stmt"/>
        <line num="176" count="0" type="stmt"/>
        <line num="179" count="1" type="stmt"/>
      </file>
    </package>
  </project>
</coverage>
