{"/home/studio/workspace/Stellantis-lambda/syncro-kafka-events/config.js": {"path":"/home/studio/workspace/Stellantis-lambda/syncro-kafka-events/config.js","statementMap":{"0":{"start":{"line":5,"column":12},"end":{"line":5,"column":30}},"1":{"start":{"line":8,"column":12},"end":{"line":8,"column":74}},"2":{"start":{"line":9,"column":23},"end":{"line":9,"column":96}},"3":{"start":{"line":13,"column":4},"end":{"line":13,"column":48}},"4":{"start":{"line":14,"column":4},"end":{"line":14,"column":59}},"5":{"start":{"line":15,"column":4},"end":{"line":15,"column":29}},"6":{"start":{"line":20,"column":4},"end":{"line":73,"column":5}},"7":{"start":{"line":22,"column":21},"end":{"line":22,"column":49}},"8":{"start":{"line":24,"column":6},"end":{"line":67,"column":8}},"9":{"start":{"line":69,"column":6},"end":{"line":69,"column":30}},"10":{"start":{"line":70,"column":6},"end":{"line":70,"column":32}},"11":{"start":{"line":72,"column":6},"end":{"line":72,"column":74}},"12":{"start":{"line":78,"column":19},"end":{"line":78,"column":21}},"13":{"start":{"line":80,"column":4},"end":{"line":110,"column":5}},"14":{"start":{"line":82,"column":25},"end":{"line":90,"column":7}},"15":{"start":{"line":93,"column":6},"end":{"line":104,"column":7}},"16":{"start":{"line":94,"column":23},"end":{"line":94,"column":70}},"17":{"start":{"line":95,"column":26},"end":{"line":95,"column":90}},"18":{"start":{"line":97,"column":8},"end":{"line":103,"column":9}},"19":{"start":{"line":98,"column":27},"end":{"line":98,"column":80}},"20":{"start":{"line":99,"column":10},"end":{"line":99,"column":50}},"21":{"start":{"line":102,"column":10},"end":{"line":102,"column":62}},"22":{"start":{"line":106,"column":6},"end":{"line":106,"column":20}},"23":{"start":{"line":108,"column":6},"end":{"line":108,"column":70}},"24":{"start":{"line":109,"column":6},"end":{"line":109,"column":20}},"25":{"start":{"line":115,"column":4},"end":{"line":117,"column":5}},"26":{"start":{"line":116,"column":6},"end":{"line":116,"column":78}},"27":{"start":{"line":118,"column":4},"end":{"line":118,"column":30}},"28":{"start":{"line":123,"column":4},"end":{"line":125,"column":5}},"29":{"start":{"line":124,"column":6},"end":{"line":124,"column":50}},"30":{"start":{"line":127,"column":17},"end":{"line":127,"column":32}},"31":{"start":{"line":128,"column":16},"end":{"line":128,"column":34}},"32":{"start":{"line":130,"column":4},"end":{"line":136,"column":5}},"33":{"start":{"line":131,"column":6},"end":{"line":135,"column":7}},"34":{"start":{"line":132,"column":8},"end":{"line":132,"column":27}},"35":{"start":{"line":134,"column":8},"end":{"line":134,"column":20}},"36":{"start":{"line":138,"column":4},"end":{"line":138,"column":17}},"37":{"start":{"line":143,"column":4},"end":{"line":145,"column":5}},"38":{"start":{"line":144,"column":6},"end":{"line":144,"column":50}},"39":{"start":{"line":147,"column":21},"end":{"line":153,"column":5}},"40":{"start":{"line":155,"column":4},"end":{"line":160,"column":5}},"41":{"start":{"line":156,"column":20},"end":{"line":156,"column":40}},"42":{"start":{"line":157,"column":6},"end":{"line":159,"column":7}},"43":{"start":{"line":158,"column":8},"end":{"line":158,"column":70}},"44":{"start":{"line":165,"column":21},"end":{"line":165,"column":25}},"45":{"start":{"line":167,"column":0},"end":{"line":182,"column":2}},"46":{"start":{"line":170,"column":4},"end":{"line":174,"column":5}},"47":{"start":{"line":171,"column":6},"end":{"line":171,"column":36}},"48":{"start":{"line":172,"column":6},"end":{"line":172,"column":40}},"49":{"start":{"line":173,"column":6},"end":{"line":173,"column":32}},"50":{"start":{"line":175,"column":4},"end":{"line":175,"column":26}},"51":{"start":{"line":180,"column":4},"end":{"line":180,"column":26}}},"fnMap":{"0":{"name":"(anonymous_0)","decl":{"start":{"line":12,"column":2},"end":{"line":12,"column":3}},"loc":{"start":{"line":12,"column":16},"end":{"line":16,"column":3}},"line":12},"1":{"name":"(anonymous_1)","decl":{"start":{"line":19,"column":2},"end":{"line":19,"column":3}},"loc":{"start":{"line":19,"column":21},"end":{"line":74,"column":3}},"line":19},"2":{"name":"(anonymous_2)","decl":{"start":{"line":77,"column":2},"end":{"line":77,"column":3}},"loc":{"start":{"line":77,"column":26},"end":{"line":111,"column":3}},"line":77},"3":{"name":"(anonymous_3)","decl":{"start":{"line":114,"column":2},"end":{"line":114,"column":3}},"loc":{"start":{"line":114,"column":8},"end":{"line":119,"column":3}},"line":114},"4":{"name":"(anonymous_4)","decl":{"start":{"line":122,"column":2},"end":{"line":122,"column":3}},"loc":{"start":{"line":122,"column":18},"end":{"line":139,"column":3}},"line":122},"5":{"name":"(anonymous_5)","decl":{"start":{"line":142,"column":2},"end":{"line":142,"column":3}},"loc":{"start":{"line":142,"column":13},"end":{"line":161,"column":3}},"line":142},"6":{"name":"(anonymous_6)","decl":{"start":{"line":169,"column":2},"end":{"line":169,"column":3}},"loc":{"start":{"line":169,"column":22},"end":{"line":176,"column":3}},"line":169},"7":{"name":"(anonymous_7)","decl":{"start":{"line":179,"column":2},"end":{"line":179,"column":3}},"loc":{"start":{"line":179,"column":10},"end":{"line":181,"column":3}},"line":179}},"branchMap":{"0":{"loc":{"start":{"line":8,"column":34},"end":{"line":8,"column":71}},"type":"binary-expr","locations":[{"start":{"line":8,"column":34},"end":{"line":8,"column":56}},{"start":{"line":8,"column":60},"end":{"line":8,"column":71}}],"line":8},"1":{"loc":{"start":{"line":9,"column":56},"end":{"line":9,"column":93}},"type":"binary-expr","locations":[{"start":{"line":9,"column":56},"end":{"line":9,"column":78}},{"start":{"line":9,"column":82},"end":{"line":9,"column":93}}],"line":9},"2":{"loc":{"start":{"line":13,"column":15},"end":{"line":13,"column":47}},"type":"binary-expr","locations":[{"start":{"line":13,"column":15},"end":{"line":13,"column":38}},{"start":{"line":13,"column":42},"end":{"line":13,"column":47}}],"line":13},"3":{"loc":{"start":{"line":14,"column":21},"end":{"line":14,"column":58}},"type":"binary-expr","locations":[{"start":{"line":14,"column":21},"end":{"line":14,"column":43}},{"start":{"line":14,"column":47},"end":{"line":14,"column":58}}],"line":14},"4":{"loc":{"start":{"line":28,"column":21},"end":{"line":28,"column":55}},"type":"binary-expr","locations":[{"start":{"line":28,"column":21},"end":{"line":28,"column":46}},{"start":{"line":28,"column":50},"end":{"line":28,"column":55}}],"line":28},"5":{"loc":{"start":{"line":31,"column":20},"end":{"line":31,"column":73}},"type":"binary-expr","locations":[{"start":{"line":31,"column":20},"end":{"line":31,"column":42}},{"start":{"line":31,"column":46},"end":{"line":31,"column":73}}],"line":31},"6":{"loc":{"start":{"line":32,"column":24},"end":{"line":32,"column":85}},"type":"binary-expr","locations":[{"start":{"line":32,"column":24},"end":{"line":32,"column":50}},{"start":{"line":32,"column":54},"end":{"line":32,"column":85}}],"line":32},"7":{"loc":{"start":{"line":33,"column":20},"end":{"line":33,"column":73}},"type":"binary-expr","locations":[{"start":{"line":33,"column":20},"end":{"line":33,"column":42}},{"start":{"line":33,"column":46},"end":{"line":33,"column":73}}],"line":33},"8":{"loc":{"start":{"line":34,"column":17},"end":{"line":34,"column":44}},"type":"binary-expr","locations":[{"start":{"line":34,"column":17},"end":{"line":34,"column":35}},{"start":{"line":34,"column":39},"end":{"line":34,"column":44}}],"line":34},"9":{"loc":{"start":{"line":37,"column":20},"end":{"line":37,"column":79}},"type":"binary-expr","locations":[{"start":{"line":37,"column":20},"end":{"line":37,"column":45}},{"start":{"line":37,"column":49},"end":{"line":37,"column":79}}],"line":37},"10":{"loc":{"start":{"line":38,"column":15},"end":{"line":38,"column":62}},"type":"binary-expr","locations":[{"start":{"line":38,"column":15},"end":{"line":38,"column":34}},{"start":{"line":38,"column":38},"end":{"line":38,"column":62}}],"line":38},"11":{"loc":{"start":{"line":42,"column":22},"end":{"line":42,"column":69}},"type":"binary-expr","locations":[{"start":{"line":42,"column":22},"end":{"line":42,"column":41}},{"start":{"line":42,"column":45},"end":{"line":42,"column":69}}],"line":42},"12":{"loc":{"start":{"line":46,"column":22},"end":{"line":46,"column":69}},"type":"binary-expr","locations":[{"start":{"line":46,"column":22},"end":{"line":46,"column":41}},{"start":{"line":46,"column":45},"end":{"line":46,"column":69}}],"line":46},"13":{"loc":{"start":{"line":55,"column":17},"end":{"line":55,"column":48}},"type":"binary-expr","locations":[{"start":{"line":55,"column":17},"end":{"line":55,"column":38}},{"start":{"line":55,"column":42},"end":{"line":55,"column":48}}],"line":55},"14":{"loc":{"start":{"line":94,"column":23},"end":{"line":94,"column":70}},"type":"cond-expr","locations":[{"start":{"line":94,"column":51},"end":{"line":94,"column":53}},{"start":{"line":94,"column":56},"end":{"line":94,"column":70}}],"line":94},"15":{"loc":{"start":{"line":115,"column":4},"end":{"line":117,"column":5}},"type":"if","locations":[{"start":{"line":115,"column":4},"end":{"line":117,"column":5}},{"start":{},"end":{}}],"line":115},"16":{"loc":{"start":{"line":123,"column":4},"end":{"line":125,"column":5}},"type":"if","locations":[{"start":{"line":123,"column":4},"end":{"line":125,"column":5}},{"start":{},"end":{}}],"line":123},"17":{"loc":{"start":{"line":131,"column":6},"end":{"line":135,"column":7}},"type":"if","locations":[{"start":{"line":131,"column":6},"end":{"line":135,"column":7}},{"start":{"line":133,"column":13},"end":{"line":135,"column":7}}],"line":131},"18":{"loc":{"start":{"line":131,"column":10},"end":{"line":131,"column":60}},"type":"binary-expr","locations":[{"start":{"line":131,"column":10},"end":{"line":131,"column":15}},{"start":{"line":131,"column":19},"end":{"line":131,"column":44}},{"start":{"line":131,"column":48},"end":{"line":131,"column":60}}],"line":131},"19":{"loc":{"start":{"line":143,"column":4},"end":{"line":145,"column":5}},"type":"if","locations":[{"start":{"line":143,"column":4},"end":{"line":145,"column":5}},{"start":{},"end":{}}],"line":143},"20":{"loc":{"start":{"line":157,"column":6},"end":{"line":159,"column":7}},"type":"if","locations":[{"start":{"line":157,"column":6},"end":{"line":159,"column":7}},{"start":{},"end":{}}],"line":157},"21":{"loc":{"start":{"line":170,"column":4},"end":{"line":174,"column":5}},"type":"if","locations":[{"start":{"line":170,"column":4},"end":{"line":174,"column":5}},{"start":{},"end":{}}],"line":170}},"s":{"0":1,"1":1,"2":1,"3":0,"4":0,"5":0,"6":0,"7":0,"8":0,"9":0,"10":0,"11":0,"12":0,"13":0,"14":0,"15":0,"16":0,"17":0,"18":0,"19":0,"20":0,"21":0,"22":0,"23":0,"24":0,"25":0,"26":0,"27":0,"28":0,"29":0,"30":0,"31":0,"32":0,"33":0,"34":0,"35":0,"36":0,"37":0,"38":0,"39":0,"40":0,"41":0,"42":0,"43":0,"44":1,"45":1,"46":0,"47":0,"48":0,"49":0,"50":0,"51":0},"f":{"0":0,"1":0,"2":0,"3":0,"4":0,"5":0,"6":0,"7":0},"b":{"0":[1,1],"1":[1,1],"2":[0,0],"3":[0,0],"4":[0,0],"5":[0,0],"6":[0,0],"7":[0,0],"8":[0,0],"9":[0,0],"10":[0,0],"11":[0,0],"12":[0,0],"13":[0,0],"14":[0,0],"15":[0,0],"16":[0,0],"17":[0,0],"18":[0,0,0],"19":[0,0],"20":[0,0],"21":[0,0]},"_coverageSchema":"1a1c01bbd47fc00a2c39e90264f33305004495a9","hash":"283a28351d31596f028fd1dda701342d7e686e0a"}
,"/home/studio/workspace/Stellantis-lambda/syncro-kafka-events/index.js": {"path":"/home/studio/workspace/Stellantis-lambda/syncro-kafka-events/index.js","statementMap":{"0":{"start":{"line":10,"column":23},"end":{"line":10,"column":38}},"1":{"start":{"line":11,"column":15},"end":{"line":11,"column":34}},"2":{"start":{"line":12,"column":18},"end":{"line":12,"column":40}},"3":{"start":{"line":13,"column":21},"end":{"line":13,"column":40}},"4":{"start":{"line":14,"column":20},"end":{"line":14,"column":48}},"5":{"start":{"line":21,"column":30},"end":{"line":26,"column":1}},"6":{"start":{"line":29,"column":32},"end":{"line":34,"column":1}},"7":{"start":{"line":40,"column":0},"end":{"line":306,"column":2}},"8":{"start":{"line":42,"column":17},"end":{"line":42,"column":29}},"9":{"start":{"line":44,"column":2},"end":{"line":305,"column":3}},"10":{"start":{"line":46,"column":4},"end":{"line":50,"column":7}},"11":{"start":{"line":57,"column":18},"end":{"line":57,"column":28}},"12":{"start":{"line":58,"column":4},"end":{"line":70,"column":5}},"13":{"start":{"line":60,"column":6},"end":{"line":69,"column":7}},"14":{"start":{"line":61,"column":8},"end":{"line":61,"column":38}},"15":{"start":{"line":63,"column":8},"end":{"line":63,"column":63}},"16":{"start":{"line":64,"column":8},"end":{"line":68,"column":32}},"17":{"start":{"line":72,"column":4},"end":{"line":72,"column":53}},"18":{"start":{"line":79,"column":23},"end":{"line":79,"column":56}},"19":{"start":{"line":80,"column":4},"end":{"line":91,"column":5}},"20":{"start":{"line":81,"column":6},"end":{"line":84,"column":9}},"21":{"start":{"line":85,"column":6},"end":{"line":90,"column":30}},"22":{"start":{"line":97,"column":67},"end":{"line":97,"column":82}},"23":{"start":{"line":99,"column":4},"end":{"line":104,"column":7}},"24":{"start":{"line":110,"column":15},"end":{"line":110,"column":19}},"25":{"start":{"line":111,"column":4},"end":{"line":122,"column":5}},"26":{"start":{"line":113,"column":6},"end":{"line":113,"column":29}},"27":{"start":{"line":114,"column":6},"end":{"line":114,"column":64}},"28":{"start":{"line":116,"column":6},"end":{"line":116,"column":66}},"29":{"start":{"line":117,"column":6},"end":{"line":121,"column":30}},"30":{"start":{"line":128,"column":4},"end":{"line":290,"column":5}},"31":{"start":{"line":130,"column":25},"end":{"line":130,"column":33}},"32":{"start":{"line":133,"column":23},"end":{"line":133,"column":57}},"33":{"start":{"line":137,"column":26},"end":{"line":177,"column":7}},"34":{"start":{"line":180,"column":27},"end":{"line":199,"column":7}},"35":{"start":{"line":202,"column":21},"end":{"line":206,"column":8}},"36":{"start":{"line":209,"column":6},"end":{"line":219,"column":7}},"37":{"start":{"line":210,"column":8},"end":{"line":213,"column":11}},"38":{"start":{"line":214,"column":8},"end":{"line":218,"column":32}},"39":{"start":{"line":222,"column":29},"end":{"line":222,"column":43}},"40":{"start":{"line":224,"column":6},"end":{"line":232,"column":9}},"41":{"start":{"line":239,"column":6},"end":{"line":252,"column":30}},"42":{"start":{"line":259,"column":6},"end":{"line":264,"column":9}},"43":{"start":{"line":267,"column":6},"end":{"line":273,"column":7}},"44":{"start":{"line":268,"column":8},"end":{"line":272,"column":32}},"45":{"start":{"line":276,"column":6},"end":{"line":282,"column":7}},"46":{"start":{"line":277,"column":8},"end":{"line":281,"column":32}},"47":{"start":{"line":285,"column":6},"end":{"line":289,"column":30}},"48":{"start":{"line":297,"column":4},"end":{"line":297,"column":61}},"49":{"start":{"line":300,"column":4},"end":{"line":304,"column":28}},"50":{"start":{"line":314,"column":2},"end":{"line":319,"column":3}},"51":{"start":{"line":315,"column":4},"end":{"line":318,"column":6}},"52":{"start":{"line":322,"column":2},"end":{"line":327,"column":3}},"53":{"start":{"line":323,"column":4},"end":{"line":326,"column":6}},"54":{"start":{"line":330,"column":2},"end":{"line":342,"column":3}},"55":{"start":{"line":331,"column":26},"end":{"line":331,"column":73}},"56":{"start":{"line":332,"column":4},"end":{"line":335,"column":7}},"57":{"start":{"line":336,"column":4},"end":{"line":341,"column":6}},"58":{"start":{"line":345,"column":2},"end":{"line":350,"column":3}},"59":{"start":{"line":346,"column":4},"end":{"line":349,"column":6}},"60":{"start":{"line":353,"column":2},"end":{"line":358,"column":3}},"61":{"start":{"line":354,"column":4},"end":{"line":357,"column":6}},"62":{"start":{"line":361,"column":24},"end":{"line":361,"column":51}},"63":{"start":{"line":362,"column":2},"end":{"line":367,"column":3}},"64":{"start":{"line":363,"column":4},"end":{"line":366,"column":6}},"65":{"start":{"line":370,"column":2},"end":{"line":379,"column":4}},"66":{"start":{"line":391,"column":2},"end":{"line":394,"column":3}},"67":{"start":{"line":393,"column":4},"end":{"line":393,"column":29}},"68":{"start":{"line":396,"column":2},"end":{"line":399,"column":3}},"69":{"start":{"line":398,"column":4},"end":{"line":398,"column":30}},"70":{"start":{"line":402,"column":2},"end":{"line":402,"column":14}},"71":{"start":{"line":410,"column":2},"end":{"line":412,"column":3}},"72":{"start":{"line":411,"column":4},"end":{"line":411,"column":73}},"73":{"start":{"line":414,"column":2},"end":{"line":416,"column":3}},"74":{"start":{"line":415,"column":4},"end":{"line":415,"column":73}},"75":{"start":{"line":419,"column":2},"end":{"line":419,"column":14}},"76":{"start":{"line":429,"column":2},"end":{"line":437,"column":4}},"77":{"start":{"line":445,"column":0},"end":{"line":445,"column":44}},"78":{"start":{"line":446,"column":0},"end":{"line":446,"column":40}},"79":{"start":{"line":447,"column":0},"end":{"line":447,"column":38}},"80":{"start":{"line":448,"column":0},"end":{"line":448,"column":44}},"81":{"start":{"line":449,"column":0},"end":{"line":449,"column":54}},"82":{"start":{"line":450,"column":0},"end":{"line":450,"column":58}}},"fnMap":{"0":{"name":"(anonymous_0)","decl":{"start":{"line":40,"column":18},"end":{"line":40,"column":19}},"loc":{"start":{"line":40,"column":44},"end":{"line":306,"column":1}},"line":40},"1":{"name":"_validatePayload","decl":{"start":{"line":312,"column":9},"end":{"line":312,"column":25}},"loc":{"start":{"line":312,"column":43},"end":{"line":380,"column":1}},"line":312},"2":{"name":"_getErrorCode","decl":{"start":{"line":386,"column":9},"end":{"line":386,"column":22}},"loc":{"start":{"line":386,"column":34},"end":{"line":403,"column":1}},"line":386},"3":{"name":"_getErrorMessage","decl":{"start":{"line":405,"column":9},"end":{"line":405,"column":25}},"loc":{"start":{"line":405,"column":37},"end":{"line":420,"column":1}},"line":405},"4":{"name":"_buildResponse","decl":{"start":{"line":426,"column":9},"end":{"line":426,"column":23}},"loc":{"start":{"line":426,"column":51},"end":{"line":438,"column":1}},"line":426}},"branchMap":{"0":{"loc":{"start":{"line":47,"column":18},"end":{"line":47,"column":72}},"type":"binary-expr","locations":[{"start":{"line":47,"column":18},"end":{"line":47,"column":34}},{"start":{"line":47,"column":38},"end":{"line":47,"column":72}}],"line":47},"1":{"loc":{"start":{"line":48,"column":12},"end":{"line":48,"column":39}},"type":"binary-expr","locations":[{"start":{"line":48,"column":12},"end":{"line":48,"column":22}},{"start":{"line":48,"column":26},"end":{"line":48,"column":39}}],"line":48},"2":{"loc":{"start":{"line":58,"column":4},"end":{"line":70,"column":5}},"type":"if","locations":[{"start":{"line":58,"column":4},"end":{"line":70,"column":5}},{"start":{},"end":{}}],"line":58},"3":{"loc":{"start":{"line":80,"column":4},"end":{"line":91,"column":5}},"type":"if","locations":[{"start":{"line":80,"column":4},"end":{"line":91,"column":5}},{"start":{},"end":{}}],"line":80},"4":{"loc":{"start":{"line":209,"column":6},"end":{"line":219,"column":7}},"type":"if","locations":[{"start":{"line":209,"column":6},"end":{"line":219,"column":7}},{"start":{},"end":{}}],"line":209},"5":{"loc":{"start":{"line":209,"column":10},"end":{"line":209,"column":50}},"type":"binary-expr","locations":[{"start":{"line":209,"column":10},"end":{"line":209,"column":22}},{"start":{"line":209,"column":26},"end":{"line":209,"column":50}}],"line":209},"6":{"loc":{"start":{"line":267,"column":6},"end":{"line":273,"column":7}},"type":"if","locations":[{"start":{"line":267,"column":6},"end":{"line":273,"column":7}},{"start":{},"end":{}}],"line":267},"7":{"loc":{"start":{"line":276,"column":6},"end":{"line":282,"column":7}},"type":"if","locations":[{"start":{"line":276,"column":6},"end":{"line":282,"column":7}},{"start":{},"end":{}}],"line":276},"8":{"loc":{"start":{"line":276,"column":10},"end":{"line":276,"column":89}},"type":"binary-expr","locations":[{"start":{"line":276,"column":10},"end":{"line":276,"column":45}},{"start":{"line":276,"column":49},"end":{"line":276,"column":89}}],"line":276},"9":{"loc":{"start":{"line":302,"column":15},"end":{"line":302,"column":59}},"type":"binary-expr","locations":[{"start":{"line":302,"column":15},"end":{"line":302,"column":28}},{"start":{"line":302,"column":32},"end":{"line":302,"column":59}}],"line":302},"10":{"loc":{"start":{"line":314,"column":2},"end":{"line":319,"column":3}},"type":"if","locations":[{"start":{"line":314,"column":2},"end":{"line":319,"column":3}},{"start":{},"end":{}}],"line":314},"11":{"loc":{"start":{"line":314,"column":6},"end":{"line":314,"column":45}},"type":"binary-expr","locations":[{"start":{"line":314,"column":6},"end":{"line":314,"column":14}},{"start":{"line":314,"column":18},"end":{"line":314,"column":45}}],"line":314},"12":{"loc":{"start":{"line":322,"column":2},"end":{"line":327,"column":3}},"type":"if","locations":[{"start":{"line":322,"column":2},"end":{"line":327,"column":3}},{"start":{},"end":{}}],"line":322},"13":{"loc":{"start":{"line":330,"column":2},"end":{"line":342,"column":3}},"type":"if","locations":[{"start":{"line":330,"column":2},"end":{"line":342,"column":3}},{"start":{},"end":{}}],"line":330},"14":{"loc":{"start":{"line":345,"column":2},"end":{"line":350,"column":3}},"type":"if","locations":[{"start":{"line":345,"column":2},"end":{"line":350,"column":3}},{"start":{},"end":{}}],"line":345},"15":{"loc":{"start":{"line":353,"column":2},"end":{"line":358,"column":3}},"type":"if","locations":[{"start":{"line":353,"column":2},"end":{"line":358,"column":3}},{"start":{},"end":{}}],"line":353},"16":{"loc":{"start":{"line":362,"column":2},"end":{"line":367,"column":3}},"type":"if","locations":[{"start":{"line":362,"column":2},"end":{"line":367,"column":3}},{"start":{},"end":{}}],"line":362},"17":{"loc":{"start":{"line":391,"column":2},"end":{"line":394,"column":3}},"type":"if","locations":[{"start":{"line":391,"column":2},"end":{"line":394,"column":3}},{"start":{},"end":{}}],"line":391},"18":{"loc":{"start":{"line":396,"column":2},"end":{"line":399,"column":3}},"type":"if","locations":[{"start":{"line":396,"column":2},"end":{"line":399,"column":3}},{"start":{},"end":{}}],"line":396},"19":{"loc":{"start":{"line":410,"column":2},"end":{"line":412,"column":3}},"type":"if","locations":[{"start":{"line":410,"column":2},"end":{"line":412,"column":3}},{"start":{},"end":{}}],"line":410},"20":{"loc":{"start":{"line":414,"column":2},"end":{"line":416,"column":3}},"type":"if","locations":[{"start":{"line":414,"column":2},"end":{"line":416,"column":3}},{"start":{},"end":{}}],"line":414}},"s":{"0":1,"1":1,"2":1,"3":1,"4":1,"5":1,"6":1,"7":1,"8":11,"9":11,"10":11,"11":11,"12":11,"13":11,"14":11,"15":1,"16":1,"17":10,"18":10,"19":10,"20":1,"21":1,"22":9,"23":9,"24":9,"25":9,"26":9,"27":8,"28":1,"29":1,"30":8,"31":8,"32":8,"33":8,"34":8,"35":8,"36":7,"37":1,"38":1,"39":6,"40":6,"41":6,"42":1,"43":1,"44":1,"45":0,"46":0,"47":0,"48":0,"49":0,"50":20,"51":0,"52":20,"53":1,"54":19,"55":2,"56":2,"57":2,"58":17,"59":1,"60":16,"61":1,"62":15,"63":15,"64":1,"65":14,"66":12,"67":2,"68":10,"69":2,"70":8,"71":12,"72":2,"73":10,"74":2,"75":8,"76":17,"77":1,"78":1,"79":1,"80":1,"81":1,"82":1},"f":{"0":11,"1":20,"2":12,"3":12,"4":17},"b":{"0":[11,0],"1":[11,10],"2":[11,0],"3":[1,9],"4":[1,6],"5":[7,7],"6":[1,0],"7":[0,0],"8":[0,0],"9":[0,0],"10":[0,20],"11":[20,20],"12":[1,19],"13":[2,17],"14":[1,16],"15":[1,15],"16":[1,14],"17":[2,10],"18":[2,8],"19":[2,10],"20":[2,8]},"_coverageSchema":"1a1c01bbd47fc00a2c39e90264f33305004495a9","hash":"d65dc299bb60fbb596a70fa30731d0f0d26e0d95"}
,"/home/studio/workspace/Stellantis-lambda/syncro-kafka-events/validator.js": {"path":"/home/studio/workspace/Stellantis-lambda/syncro-kafka-events/validator.js","statementMap":{"0":{"start":{"line":5,"column":12},"end":{"line":5,"column":26}},"1":{"start":{"line":8,"column":25},"end":{"line":49,"column":16}},"2":{"start":{"line":52,"column":30},"end":{"line":63,"column":17}},"3":{"start":{"line":66,"column":29},"end":{"line":74,"column":2}},"4":{"start":{"line":79,"column":29},"end":{"line":82,"column":6}},"5":{"start":{"line":84,"column":4},"end":{"line":95,"column":5}},"6":{"start":{"line":85,"column":22},"end":{"line":88,"column":9}},"7":{"start":{"line":85,"column":51},"end":{"line":88,"column":7}},"8":{"start":{"line":90,"column":6},"end":{"line":94,"column":8}},"9":{"start":{"line":97,"column":4},"end":{"line":101,"column":6}},"10":{"start":{"line":106,"column":29},"end":{"line":108,"column":6}},"11":{"start":{"line":110,"column":4},"end":{"line":121,"column":5}},"12":{"start":{"line":111,"column":22},"end":{"line":114,"column":9}},"13":{"start":{"line":111,"column":51},"end":{"line":114,"column":7}},"14":{"start":{"line":116,"column":6},"end":{"line":120,"column":8}},"15":{"start":{"line":123,"column":4},"end":{"line":127,"column":6}},"16":{"start":{"line":132,"column":29},"end":{"line":134,"column":6}},"17":{"start":{"line":136,"column":4},"end":{"line":147,"column":5}},"18":{"start":{"line":137,"column":22},"end":{"line":140,"column":9}},"19":{"start":{"line":137,"column":51},"end":{"line":140,"column":7}},"20":{"start":{"line":142,"column":6},"end":{"line":146,"column":8}},"21":{"start":{"line":149,"column":4},"end":{"line":153,"column":6}},"22":{"start":{"line":158,"column":4},"end":{"line":164,"column":5}},"23":{"start":{"line":159,"column":6},"end":{"line":163,"column":8}},"24":{"start":{"line":167,"column":18},"end":{"line":167,"column":35}},"25":{"start":{"line":168,"column":4},"end":{"line":174,"column":5}},"26":{"start":{"line":169,"column":6},"end":{"line":173,"column":8}},"27":{"start":{"line":176,"column":4},"end":{"line":180,"column":6}},"28":{"start":{"line":184,"column":0},"end":{"line":184,"column":27}}},"fnMap":{"0":{"name":"(anonymous_0)","decl":{"start":{"line":78,"column":2},"end":{"line":78,"column":3}},"loc":{"start":{"line":78,"column":39},"end":{"line":102,"column":3}},"line":78},"1":{"name":"(anonymous_1)","decl":{"start":{"line":85,"column":40},"end":{"line":85,"column":41}},"loc":{"start":{"line":85,"column":51},"end":{"line":88,"column":7}},"line":85},"2":{"name":"(anonymous_2)","decl":{"start":{"line":105,"column":2},"end":{"line":105,"column":3}},"loc":{"start":{"line":105,"column":43},"end":{"line":128,"column":3}},"line":105},"3":{"name":"(anonymous_3)","decl":{"start":{"line":111,"column":40},"end":{"line":111,"column":41}},"loc":{"start":{"line":111,"column":51},"end":{"line":114,"column":7}},"line":111},"4":{"name":"(anonymous_4)","decl":{"start":{"line":131,"column":2},"end":{"line":131,"column":3}},"loc":{"start":{"line":131,"column":35},"end":{"line":154,"column":3}},"line":131},"5":{"name":"(anonymous_5)","decl":{"start":{"line":137,"column":40},"end":{"line":137,"column":41}},"loc":{"start":{"line":137,"column":51},"end":{"line":140,"column":7}},"line":137},"6":{"name":"(anonymous_6)","decl":{"start":{"line":157,"column":2},"end":{"line":157,"column":3}},"loc":{"start":{"line":157,"column":45},"end":{"line":181,"column":3}},"line":157}},"branchMap":{"0":{"loc":{"start":{"line":84,"column":4},"end":{"line":95,"column":5}},"type":"if","locations":[{"start":{"line":84,"column":4},"end":{"line":95,"column":5}},{"start":{},"end":{}}],"line":84},"1":{"loc":{"start":{"line":110,"column":4},"end":{"line":121,"column":5}},"type":"if","locations":[{"start":{"line":110,"column":4},"end":{"line":121,"column":5}},{"start":{},"end":{}}],"line":110},"2":{"loc":{"start":{"line":136,"column":4},"end":{"line":147,"column":5}},"type":"if","locations":[{"start":{"line":136,"column":4},"end":{"line":147,"column":5}},{"start":{},"end":{}}],"line":136},"3":{"loc":{"start":{"line":158,"column":4},"end":{"line":164,"column":5}},"type":"if","locations":[{"start":{"line":158,"column":4},"end":{"line":164,"column":5}},{"start":{},"end":{}}],"line":158},"4":{"loc":{"start":{"line":168,"column":4},"end":{"line":174,"column":5}},"type":"if","locations":[{"start":{"line":168,"column":4},"end":{"line":174,"column":5}},{"start":{},"end":{}}],"line":168},"5":{"loc":{"start":{"line":168,"column":8},"end":{"line":168,"column":51}},"type":"binary-expr","locations":[{"start":{"line":168,"column":8},"end":{"line":168,"column":26}},{"start":{"line":168,"column":30},"end":{"line":168,"column":51}}],"line":168}},"s":{"0":1,"1":1,"2":1,"3":1,"4":0,"5":0,"6":0,"7":0,"8":0,"9":0,"10":0,"11":0,"12":0,"13":0,"14":0,"15":0,"16":0,"17":0,"18":0,"19":0,"20":0,"21":0,"22":0,"23":0,"24":0,"25":0,"26":0,"27":0,"28":1},"f":{"0":0,"1":0,"2":0,"3":0,"4":0,"5":0,"6":0},"b":{"0":[0,0],"1":[0,0],"2":[0,0],"3":[0,0],"4":[0,0],"5":[0,0]},"_coverageSchema":"1a1c01bbd47fc00a2c39e90264f33305004495a9","hash":"085b711cdc374ca30079124a13219aeb28e2d541"}
,"/home/studio/workspace/Stellantis-lambda/syncro-kafka-events/shared/dbClient.js": {"path":"/home/studio/workspace/Stellantis-lambda/syncro-kafka-events/shared/dbClient.js","statementMap":{"0":{"start":{"line":3,"column":56},"end":{"line":3,"column":98}},"1":{"start":{"line":4,"column":43},"end":{"line":4,"column":73}},"2":{"start":{"line":5,"column":17},"end":{"line":5,"column":30}},"3":{"start":{"line":8,"column":17},"end":{"line":8,"column":21}},"4":{"start":{"line":11,"column":17},"end":{"line":11,"column":45}},"5":{"start":{"line":12,"column":18},"end":{"line":12,"column":35}},"6":{"start":{"line":15,"column":24},"end":{"line":15,"column":28}},"7":{"start":{"line":16,"column":29},"end":{"line":16,"column":33}},"8":{"start":{"line":19,"column":2},"end":{"line":21,"column":3}},"9":{"start":{"line":20,"column":4},"end":{"line":20,"column":24}},"10":{"start":{"line":22,"column":2},"end":{"line":22,"column":48}},"11":{"start":{"line":33,"column":18},"end":{"line":33,"column":84}},"12":{"start":{"line":34,"column":19},"end":{"line":34,"column":48}},"13":{"start":{"line":35,"column":2},"end":{"line":35,"column":34}},"14":{"start":{"line":44,"column":2},"end":{"line":44,"column":50}},"15":{"start":{"line":44,"column":25},"end":{"line":44,"column":50}},"16":{"start":{"line":46,"column":20},"end":{"line":46,"column":51}},"17":{"start":{"line":47,"column":2},"end":{"line":49,"column":3}},"18":{"start":{"line":48,"column":4},"end":{"line":48,"column":81}},"19":{"start":{"line":51,"column":2},"end":{"line":51,"column":55}},"20":{"start":{"line":52,"column":2},"end":{"line":52,"column":27}},"21":{"start":{"line":61,"column":2},"end":{"line":61,"column":60}},"22":{"start":{"line":61,"column":30},"end":{"line":61,"column":60}},"23":{"start":{"line":63,"column":20},"end":{"line":63,"column":56}},"24":{"start":{"line":64,"column":2},"end":{"line":66,"column":3}},"25":{"start":{"line":65,"column":4},"end":{"line":65,"column":86}},"26":{"start":{"line":68,"column":2},"end":{"line":68,"column":60}},"27":{"start":{"line":69,"column":2},"end":{"line":69,"column":32}},"28":{"start":{"line":80,"column":20},"end":{"line":80,"column":42}},"29":{"start":{"line":82,"column":18},"end":{"line":82,"column":68}},"30":{"start":{"line":83,"column":19},"end":{"line":83,"column":47}},"31":{"start":{"line":85,"column":2},"end":{"line":87,"column":3}},"32":{"start":{"line":86,"column":4},"end":{"line":86,"column":59}},"33":{"start":{"line":89,"column":2},"end":{"line":89,"column":43}},"34":{"start":{"line":96,"column":2},"end":{"line":101,"column":4}},"35":{"start":{"line":114,"column":2},"end":{"line":116,"column":3}},"36":{"start":{"line":115,"column":4},"end":{"line":115,"column":22}},"37":{"start":{"line":118,"column":21},"end":{"line":118,"column":67}},"38":{"start":{"line":124,"column":2},"end":{"line":133,"column":3}},"39":{"start":{"line":125,"column":4},"end":{"line":125,"column":40}},"40":{"start":{"line":126,"column":4},"end":{"line":126,"column":46}},"41":{"start":{"line":127,"column":4},"end":{"line":127,"column":57}},"42":{"start":{"line":130,"column":4},"end":{"line":130,"column":41}},"43":{"start":{"line":131,"column":4},"end":{"line":131,"column":39}},"44":{"start":{"line":132,"column":4},"end":{"line":132,"column":22}},"45":{"start":{"line":136,"column":15},"end":{"line":145,"column":4}},"46":{"start":{"line":148,"column":2},"end":{"line":151,"column":5}},"47":{"start":{"line":150,"column":4},"end":{"line":150,"column":22}},"48":{"start":{"line":154,"column":2},"end":{"line":162,"column":3}},"49":{"start":{"line":155,"column":19},"end":{"line":155,"column":39}},"50":{"start":{"line":156,"column":4},"end":{"line":156,"column":21}},"51":{"start":{"line":159,"column":4},"end":{"line":159,"column":22}},"52":{"start":{"line":160,"column":4},"end":{"line":160,"column":37}},"53":{"start":{"line":161,"column":4},"end":{"line":161,"column":14}},"54":{"start":{"line":165,"column":2},"end":{"line":165,"column":20}},"55":{"start":{"line":166,"column":2},"end":{"line":166,"column":14}},"56":{"start":{"line":174,"column":2},"end":{"line":174,"column":20}},"57":{"start":{"line":175,"column":2},"end":{"line":175,"column":27}},"58":{"start":{"line":176,"column":2},"end":{"line":176,"column":32}},"59":{"start":{"line":179,"column":0},"end":{"line":179,"column":45}}},"fnMap":{"0":{"name":"parseBoolean","decl":{"start":{"line":18,"column":9},"end":{"line":18,"column":21}},"loc":{"start":{"line":18,"column":43},"end":{"line":23,"column":1}},"line":18},"1":{"name":"getSsmParameter","decl":{"start":{"line":32,"column":15},"end":{"line":32,"column":30}},"loc":{"start":{"line":32,"column":42},"end":{"line":36,"column":1}},"line":32},"2":{"name":"getDbSecretArn","decl":{"start":{"line":43,"column":15},"end":{"line":43,"column":29}},"loc":{"start":{"line":43,"column":32},"end":{"line":53,"column":1}},"line":43},"3":{"name":"getRdsProxyEndpoint","decl":{"start":{"line":60,"column":15},"end":{"line":60,"column":34}},"loc":{"start":{"line":60,"column":37},"end":{"line":70,"column":1}},"line":60},"4":{"name":"getCredentials","decl":{"start":{"line":79,"column":15},"end":{"line":79,"column":29}},"loc":{"start":{"line":79,"column":32},"end":{"line":90,"column":1}},"line":79},"5":{"name":"getLocalCredentials","decl":{"start":{"line":95,"column":9},"end":{"line":95,"column":28}},"loc":{"start":{"line":95,"column":31},"end":{"line":102,"column":1}},"line":95},"6":{"name":"getPool","decl":{"start":{"line":112,"column":15},"end":{"line":112,"column":22}},"loc":{"start":{"line":112,"column":25},"end":{"line":167,"column":1}},"line":112},"7":{"name":"(anonymous_7)","decl":{"start":{"line":148,"column":19},"end":{"line":148,"column":20}},"loc":{"start":{"line":148,"column":25},"end":{"line":151,"column":3}},"line":148},"8":{"name":"(anonymous_8)","decl":{"start":{"line":160,"column":27},"end":{"line":160,"column":28}},"loc":{"start":{"line":160,"column":33},"end":{"line":160,"column":35}},"line":160},"9":{"name":"invalidatePool","decl":{"start":{"line":173,"column":9},"end":{"line":173,"column":23}},"loc":{"start":{"line":173,"column":26},"end":{"line":177,"column":1}},"line":173}},"branchMap":{"0":{"loc":{"start":{"line":19,"column":2},"end":{"line":21,"column":3}},"type":"if","locations":[{"start":{"line":19,"column":2},"end":{"line":21,"column":3}},{"start":{},"end":{}}],"line":19},"1":{"loc":{"start":{"line":19,"column":6},"end":{"line":19,"column":43}},"type":"binary-expr","locations":[{"start":{"line":19,"column":6},"end":{"line":19,"column":25}},{"start":{"line":19,"column":29},"end":{"line":19,"column":43}}],"line":19},"2":{"loc":{"start":{"line":44,"column":2},"end":{"line":44,"column":50}},"type":"if","locations":[{"start":{"line":44,"column":2},"end":{"line":44,"column":50}},{"start":{},"end":{}}],"line":44},"3":{"loc":{"start":{"line":47,"column":2},"end":{"line":49,"column":3}},"type":"if","locations":[{"start":{"line":47,"column":2},"end":{"line":49,"column":3}},{"start":{},"end":{}}],"line":47},"4":{"loc":{"start":{"line":61,"column":2},"end":{"line":61,"column":60}},"type":"if","locations":[{"start":{"line":61,"column":2},"end":{"line":61,"column":60}},{"start":{},"end":{}}],"line":61},"5":{"loc":{"start":{"line":64,"column":2},"end":{"line":66,"column":3}},"type":"if","locations":[{"start":{"line":64,"column":2},"end":{"line":66,"column":3}},{"start":{},"end":{}}],"line":64},"6":{"loc":{"start":{"line":85,"column":2},"end":{"line":87,"column":3}},"type":"if","locations":[{"start":{"line":85,"column":2},"end":{"line":87,"column":3}},{"start":{},"end":{}}],"line":85},"7":{"loc":{"start":{"line":97,"column":12},"end":{"line":97,"column":46}},"type":"binary-expr","locations":[{"start":{"line":97,"column":12},"end":{"line":97,"column":31}},{"start":{"line":97,"column":35},"end":{"line":97,"column":46}}],"line":97},"8":{"loc":{"start":{"line":98,"column":14},"end":{"line":98,"column":52}},"type":"binary-expr","locations":[{"start":{"line":98,"column":14},"end":{"line":98,"column":33}},{"start":{"line":98,"column":37},"end":{"line":98,"column":52}}],"line":98},"9":{"loc":{"start":{"line":99,"column":14},"end":{"line":99,"column":49}},"type":"binary-expr","locations":[{"start":{"line":99,"column":14},"end":{"line":99,"column":37}},{"start":{"line":99,"column":41},"end":{"line":99,"column":49}}],"line":99},"10":{"loc":{"start":{"line":100,"column":17},"end":{"line":100,"column":44}},"type":"binary-expr","locations":[{"start":{"line":100,"column":17},"end":{"line":100,"column":36}},{"start":{"line":100,"column":40},"end":{"line":100,"column":44}}],"line":100},"11":{"loc":{"start":{"line":114,"column":2},"end":{"line":116,"column":3}},"type":"if","locations":[{"start":{"line":114,"column":2},"end":{"line":116,"column":3}},{"start":{},"end":{}}],"line":114},"12":{"loc":{"start":{"line":124,"column":2},"end":{"line":133,"column":3}},"type":"if","locations":[{"start":{"line":124,"column":2},"end":{"line":133,"column":3}},{"start":{"line":128,"column":9},"end":{"line":133,"column":3}}],"line":124},"13":{"loc":{"start":{"line":126,"column":11},"end":{"line":126,"column":45}},"type":"binary-expr","locations":[{"start":{"line":126,"column":11},"end":{"line":126,"column":30}},{"start":{"line":126,"column":34},"end":{"line":126,"column":45}}],"line":126},"14":{"loc":{"start":{"line":138,"column":10},"end":{"line":138,"column":34}},"type":"binary-expr","locations":[{"start":{"line":138,"column":10},"end":{"line":138,"column":26}},{"start":{"line":138,"column":30},"end":{"line":138,"column":34}}],"line":138}},"s":{"0":1,"1":1,"2":1,"3":1,"4":1,"5":1,"6":1,"7":1,"8":0,"9":0,"10":0,"11":0,"12":0,"13":0,"14":0,"15":0,"16":0,"17":0,"18":0,"19":0,"20":0,"21":0,"22":0,"23":0,"24":0,"25":0,"26":0,"27":0,"28":0,"29":0,"30":0,"31":0,"32":0,"33":0,"34":0,"35":0,"36":0,"37":0,"38":0,"39":0,"40":0,"41":0,"42":0,"43":0,"44":0,"45":0,"46":0,"47":0,"48":0,"49":0,"50":0,"51":0,"52":0,"53":0,"54":0,"55":0,"56":0,"57":0,"58":0,"59":1},"f":{"0":0,"1":0,"2":0,"3":0,"4":0,"5":0,"6":0,"7":0,"8":0,"9":0},"b":{"0":[0,0],"1":[0,0],"2":[0,0],"3":[0,0],"4":[0,0],"5":[0,0],"6":[0,0],"7":[0,0],"8":[0,0],"9":[0,0],"10":[0,0],"11":[0,0],"12":[0,0],"13":[0,0],"14":[0,0]},"_coverageSchema":"1a1c01bbd47fc00a2c39e90264f33305004495a9","hash":"e9989f5b10ce84797d0f744afdd7304b68ae3c30"}
}
