{"/home/runner/work/project-am-stellantis-woc-backend/project-am-stellantis-woc-backend/synch-status/config.js": {"path":"/home/runner/work/project-am-stellantis-woc-backend/project-am-stellantis-woc-backend/synch-status/config.js","statementMap":{"0":{"start":{"line":6,"column":12},"end":{"line":6,"column":30}},"1":{"start":{"line":9,"column":12},"end":{"line":9,"column":74}},"2":{"start":{"line":10,"column":23},"end":{"line":10,"column":96}},"3":{"start":{"line":16,"column":4},"end":{"line":16,"column":48}},"4":{"start":{"line":18,"column":4},"end":{"line":18,"column":59}},"5":{"start":{"line":20,"column":4},"end":{"line":20,"column":29}},"6":{"start":{"line":25,"column":4},"end":{"line":91,"column":5}},"7":{"start":{"line":27,"column":21},"end":{"line":27,"column":49}},"8":{"start":{"line":30,"column":6},"end":{"line":84,"column":8}},"9":{"start":{"line":87,"column":6},"end":{"line":87,"column":30}},"10":{"start":{"line":88,"column":6},"end":{"line":88,"column":32}},"11":{"start":{"line":90,"column":6},"end":{"line":90,"column":74}},"12":{"start":{"line":97,"column":19},"end":{"line":97,"column":21}},"13":{"start":{"line":99,"column":4},"end":{"line":130,"column":5}},"14":{"start":{"line":101,"column":25},"end":{"line":106,"column":7}},"15":{"start":{"line":109,"column":6},"end":{"line":123,"column":7}},"16":{"start":{"line":111,"column":23},"end":{"line":111,"column":70}},"17":{"start":{"line":113,"column":26},"end":{"line":113,"column":83}},"18":{"start":{"line":115,"column":8},"end":{"line":122,"column":9}},"19":{"start":{"line":117,"column":27},"end":{"line":117,"column":80}},"20":{"start":{"line":118,"column":10},"end":{"line":118,"column":50}},"21":{"start":{"line":121,"column":10},"end":{"line":121,"column":96}},"22":{"start":{"line":125,"column":6},"end":{"line":125,"column":20}},"23":{"start":{"line":128,"column":6},"end":{"line":128,"column":77}},"24":{"start":{"line":129,"column":6},"end":{"line":129,"column":20}},"25":{"start":{"line":135,"column":4},"end":{"line":137,"column":5}},"26":{"start":{"line":136,"column":6},"end":{"line":136,"column":78}},"27":{"start":{"line":138,"column":4},"end":{"line":138,"column":30}},"28":{"start":{"line":143,"column":4},"end":{"line":145,"column":5}},"29":{"start":{"line":144,"column":6},"end":{"line":144,"column":50}},"30":{"start":{"line":148,"column":17},"end":{"line":148,"column":32}},"31":{"start":{"line":149,"column":16},"end":{"line":149,"column":34}},"32":{"start":{"line":152,"column":4},"end":{"line":159,"column":5}},"33":{"start":{"line":153,"column":6},"end":{"line":158,"column":7}},"34":{"start":{"line":154,"column":8},"end":{"line":154,"column":27}},"35":{"start":{"line":157,"column":8},"end":{"line":157,"column":20}},"36":{"start":{"line":161,"column":4},"end":{"line":161,"column":17}},"37":{"start":{"line":166,"column":4},"end":{"line":168,"column":5}},"38":{"start":{"line":167,"column":6},"end":{"line":167,"column":50}},"39":{"start":{"line":172,"column":21},"end":{"line":177,"column":5}},"40":{"start":{"line":180,"column":4},"end":{"line":185,"column":5}},"41":{"start":{"line":181,"column":20},"end":{"line":181,"column":40}},"42":{"start":{"line":182,"column":6},"end":{"line":184,"column":7}},"43":{"start":{"line":183,"column":8},"end":{"line":183,"column":73}},"44":{"start":{"line":190,"column":21},"end":{"line":190,"column":25}},"45":{"start":{"line":193,"column":0},"end":{"line":210,"column":2}},"46":{"start":{"line":197,"column":4},"end":{"line":202,"column":5}},"47":{"start":{"line":198,"column":6},"end":{"line":198,"column":36}},"48":{"start":{"line":199,"column":6},"end":{"line":199,"column":40}},"49":{"start":{"line":201,"column":6},"end":{"line":201,"column":32}},"50":{"start":{"line":203,"column":4},"end":{"line":203,"column":26}},"51":{"start":{"line":208,"column":4},"end":{"line":208,"column":26}}},"fnMap":{"0":{"name":"(anonymous_0)","decl":{"start":{"line":14,"column":2},"end":{"line":14,"column":3}},"loc":{"start":{"line":14,"column":16},"end":{"line":21,"column":3}},"line":14},"1":{"name":"(anonymous_1)","decl":{"start":{"line":24,"column":2},"end":{"line":24,"column":3}},"loc":{"start":{"line":24,"column":21},"end":{"line":92,"column":3}},"line":24},"2":{"name":"(anonymous_2)","decl":{"start":{"line":96,"column":2},"end":{"line":96,"column":3}},"loc":{"start":{"line":96,"column":26},"end":{"line":131,"column":3}},"line":96},"3":{"name":"(anonymous_3)","decl":{"start":{"line":134,"column":2},"end":{"line":134,"column":3}},"loc":{"start":{"line":134,"column":8},"end":{"line":139,"column":3}},"line":134},"4":{"name":"(anonymous_4)","decl":{"start":{"line":142,"column":2},"end":{"line":142,"column":3}},"loc":{"start":{"line":142,"column":18},"end":{"line":162,"column":3}},"line":142},"5":{"name":"(anonymous_5)","decl":{"start":{"line":165,"column":2},"end":{"line":165,"column":3}},"loc":{"start":{"line":165,"column":13},"end":{"line":186,"column":3}},"line":165},"6":{"name":"(anonymous_6)","decl":{"start":{"line":196,"column":2},"end":{"line":196,"column":3}},"loc":{"start":{"line":196,"column":22},"end":{"line":204,"column":3}},"line":196},"7":{"name":"(anonymous_7)","decl":{"start":{"line":207,"column":2},"end":{"line":207,"column":3}},"loc":{"start":{"line":207,"column":10},"end":{"line":209,"column":3}},"line":207}},"branchMap":{"0":{"loc":{"start":{"line":9,"column":34},"end":{"line":9,"column":71}},"type":"binary-expr","locations":[{"start":{"line":9,"column":34},"end":{"line":9,"column":56}},{"start":{"line":9,"column":60},"end":{"line":9,"column":71}}],"line":9},"1":{"loc":{"start":{"line":10,"column":56},"end":{"line":10,"column":93}},"type":"binary-expr","locations":[{"start":{"line":10,"column":56},"end":{"line":10,"column":78}},{"start":{"line":10,"column":82},"end":{"line":10,"column":93}}],"line":10},"2":{"loc":{"start":{"line":16,"column":15},"end":{"line":16,"column":47}},"type":"binary-expr","locations":[{"start":{"line":16,"column":15},"end":{"line":16,"column":38}},{"start":{"line":16,"column":42},"end":{"line":16,"column":47}}],"line":16},"3":{"loc":{"start":{"line":18,"column":21},"end":{"line":18,"column":58}},"type":"binary-expr","locations":[{"start":{"line":18,"column":21},"end":{"line":18,"column":43}},{"start":{"line":18,"column":47},"end":{"line":18,"column":58}}],"line":18},"4":{"loc":{"start":{"line":37,"column":21},"end":{"line":37,"column":55}},"type":"binary-expr","locations":[{"start":{"line":37,"column":21},"end":{"line":37,"column":46}},{"start":{"line":37,"column":50},"end":{"line":37,"column":55}}],"line":37},"5":{"loc":{"start":{"line":42,"column":20},"end":{"line":42,"column":73}},"type":"binary-expr","locations":[{"start":{"line":42,"column":20},"end":{"line":42,"column":42}},{"start":{"line":42,"column":46},"end":{"line":42,"column":73}}],"line":42},"6":{"loc":{"start":{"line":43,"column":24},"end":{"line":43,"column":85}},"type":"binary-expr","locations":[{"start":{"line":43,"column":24},"end":{"line":43,"column":50}},{"start":{"line":43,"column":54},"end":{"line":43,"column":85}}],"line":43},"7":{"loc":{"start":{"line":44,"column":20},"end":{"line":44,"column":73}},"type":"binary-expr","locations":[{"start":{"line":44,"column":20},"end":{"line":44,"column":42}},{"start":{"line":44,"column":46},"end":{"line":44,"column":73}}],"line":44},"8":{"loc":{"start":{"line":45,"column":17},"end":{"line":45,"column":44}},"type":"binary-expr","locations":[{"start":{"line":45,"column":17},"end":{"line":45,"column":35}},{"start":{"line":45,"column":39},"end":{"line":45,"column":44}}],"line":45},"9":{"loc":{"start":{"line":50,"column":20},"end":{"line":50,"column":79}},"type":"binary-expr","locations":[{"start":{"line":50,"column":20},"end":{"line":50,"column":45}},{"start":{"line":50,"column":49},"end":{"line":50,"column":79}}],"line":50},"10":{"loc":{"start":{"line":51,"column":15},"end":{"line":51,"column":62}},"type":"binary-expr","locations":[{"start":{"line":51,"column":15},"end":{"line":51,"column":34}},{"start":{"line":51,"column":38},"end":{"line":51,"column":62}}],"line":51},"11":{"loc":{"start":{"line":67,"column":17},"end":{"line":67,"column":48}},"type":"binary-expr","locations":[{"start":{"line":67,"column":17},"end":{"line":67,"column":38}},{"start":{"line":67,"column":42},"end":{"line":67,"column":48}}],"line":67},"12":{"loc":{"start":{"line":111,"column":23},"end":{"line":111,"column":70}},"type":"cond-expr","locations":[{"start":{"line":111,"column":51},"end":{"line":111,"column":53}},{"start":{"line":111,"column":56},"end":{"line":111,"column":70}}],"line":111},"13":{"loc":{"start":{"line":135,"column":4},"end":{"line":137,"column":5}},"type":"if","locations":[{"start":{"line":135,"column":4},"end":{"line":137,"column":5}},{"start":{},"end":{}}],"line":135},"14":{"loc":{"start":{"line":143,"column":4},"end":{"line":145,"column":5}},"type":"if","locations":[{"start":{"line":143,"column":4},"end":{"line":145,"column":5}},{"start":{},"end":{}}],"line":143},"15":{"loc":{"start":{"line":153,"column":6},"end":{"line":158,"column":7}},"type":"if","locations":[{"start":{"line":153,"column":6},"end":{"line":158,"column":7}},{"start":{"line":155,"column":13},"end":{"line":158,"column":7}}],"line":153},"16":{"loc":{"start":{"line":153,"column":10},"end":{"line":153,"column":60}},"type":"binary-expr","locations":[{"start":{"line":153,"column":10},"end":{"line":153,"column":15}},{"start":{"line":153,"column":19},"end":{"line":153,"column":44}},{"start":{"line":153,"column":48},"end":{"line":153,"column":60}}],"line":153},"17":{"loc":{"start":{"line":166,"column":4},"end":{"line":168,"column":5}},"type":"if","locations":[{"start":{"line":166,"column":4},"end":{"line":168,"column":5}},{"start":{},"end":{}}],"line":166},"18":{"loc":{"start":{"line":182,"column":6},"end":{"line":184,"column":7}},"type":"if","locations":[{"start":{"line":182,"column":6},"end":{"line":184,"column":7}},{"start":{},"end":{}}],"line":182},"19":{"loc":{"start":{"line":197,"column":4},"end":{"line":202,"column":5}},"type":"if","locations":[{"start":{"line":197,"column":4},"end":{"line":202,"column":5}},{"start":{},"end":{}}],"line":197}},"s":{"0":1,"1":1,"2":1,"3":0,"4":0,"5":0,"6":0,"7":0,"8":0,"9":0,"10":0,"11":0,"12":0,"13":0,"14":0,"15":0,"16":0,"17":0,"18":0,"19":0,"20":0,"21":0,"22":0,"23":0,"24":0,"25":0,"26":0,"27":0,"28":0,"29":0,"30":0,"31":0,"32":0,"33":0,"34":0,"35":0,"36":0,"37":0,"38":0,"39":0,"40":0,"41":0,"42":0,"43":0,"44":1,"45":1,"46":0,"47":0,"48":0,"49":0,"50":0,"51":0},"f":{"0":0,"1":0,"2":0,"3":0,"4":0,"5":0,"6":0,"7":0},"b":{"0":[1,1],"1":[1,1],"2":[0,0],"3":[0,0],"4":[0,0],"5":[0,0],"6":[0,0],"7":[0,0],"8":[0,0],"9":[0,0],"10":[0,0],"11":[0,0],"12":[0,0],"13":[0,0],"14":[0,0],"15":[0,0],"16":[0,0,0],"17":[0,0],"18":[0,0],"19":[0,0]},"_coverageSchema":"1a1c01bbd47fc00a2c39e90264f33305004495a9","hash":"ba1ceed3b8f7efc6f0631740f768cbb33e644382"}
,"/home/runner/work/project-am-stellantis-woc-backend/project-am-stellantis-woc-backend/synch-status/index.js": {"path":"/home/runner/work/project-am-stellantis-woc-backend/project-am-stellantis-woc-backend/synch-status/index.js","statementMap":{"0":{"start":{"line":10,"column":23},"end":{"line":10,"column":38}},"1":{"start":{"line":11,"column":15},"end":{"line":11,"column":34}},"2":{"start":{"line":12,"column":18},"end":{"line":12,"column":40}},"3":{"start":{"line":13,"column":21},"end":{"line":13,"column":40}},"4":{"start":{"line":14,"column":20},"end":{"line":14,"column":48}},"5":{"start":{"line":20,"column":30},"end":{"line":25,"column":1}},"6":{"start":{"line":27,"column":32},"end":{"line":32,"column":1}},"7":{"start":{"line":38,"column":0},"end":{"line":360,"column":2}},"8":{"start":{"line":39,"column":17},"end":{"line":39,"column":29}},"9":{"start":{"line":41,"column":2},"end":{"line":359,"column":3}},"10":{"start":{"line":42,"column":4},"end":{"line":46,"column":7}},"11":{"start":{"line":52,"column":18},"end":{"line":52,"column":28}},"12":{"start":{"line":53,"column":4},"end":{"line":65,"column":5}},"13":{"start":{"line":54,"column":6},"end":{"line":64,"column":7}},"14":{"start":{"line":55,"column":8},"end":{"line":55,"column":38}},"15":{"start":{"line":57,"column":8},"end":{"line":57,"column":63}},"16":{"start":{"line":58,"column":8},"end":{"line":63,"column":32}},"17":{"start":{"line":68,"column":4},"end":{"line":68,"column":81}},"18":{"start":{"line":74,"column":23},"end":{"line":74,"column":56}},"19":{"start":{"line":75,"column":4},"end":{"line":87,"column":5}},"20":{"start":{"line":76,"column":6},"end":{"line":79,"column":9}},"21":{"start":{"line":80,"column":6},"end":{"line":86,"column":30}},"22":{"start":{"line":94,"column":67},"end":{"line":94,"column":82}},"23":{"start":{"line":96,"column":4},"end":{"line":101,"column":7}},"24":{"start":{"line":107,"column":15},"end":{"line":107,"column":19}},"25":{"start":{"line":108,"column":4},"end":{"line":119,"column":5}},"26":{"start":{"line":109,"column":6},"end":{"line":109,"column":29}},"27":{"start":{"line":110,"column":6},"end":{"line":110,"column":64}},"28":{"start":{"line":112,"column":6},"end":{"line":112,"column":66}},"29":{"start":{"line":113,"column":6},"end":{"line":118,"column":30}},"30":{"start":{"line":125,"column":4},"end":{"line":350,"column":5}},"31":{"start":{"line":129,"column":28},"end":{"line":129,"column":62}},"32":{"start":{"line":130,"column":6},"end":{"line":133,"column":9}},"33":{"start":{"line":135,"column":26},"end":{"line":157,"column":7}},"34":{"start":{"line":162,"column":27},"end":{"line":166,"column":7}},"35":{"start":{"line":169,"column":6},"end":{"line":173,"column":9}},"36":{"start":{"line":175,"column":21},"end":{"line":179,"column":8}},"37":{"start":{"line":183,"column":6},"end":{"line":226,"column":7}},"38":{"start":{"line":185,"column":36},"end":{"line":185,"column":65}},"39":{"start":{"line":187,"column":8},"end":{"line":187,"column":45}},"40":{"start":{"line":189,"column":8},"end":{"line":189,"column":52}},"41":{"start":{"line":192,"column":8},"end":{"line":222,"column":11}},"42":{"start":{"line":225,"column":8},"end":{"line":225,"column":34}},"43":{"start":{"line":228,"column":28},"end":{"line":228,"column":42}},"44":{"start":{"line":230,"column":6},"end":{"line":236,"column":9}},"45":{"start":{"line":239,"column":27},"end":{"line":250,"column":7}},"46":{"start":{"line":253,"column":6},"end":{"line":253,"column":87}},"47":{"start":{"line":255,"column":6},"end":{"line":255,"column":76}},"48":{"start":{"line":260,"column":6},"end":{"line":293,"column":7}},"49":{"start":{"line":262,"column":8},"end":{"line":275,"column":11}},"50":{"start":{"line":277,"column":30},"end":{"line":287,"column":9}},"51":{"start":{"line":290,"column":8},"end":{"line":290,"column":96}},"52":{"start":{"line":292,"column":8},"end":{"line":292,"column":79}},"53":{"start":{"line":296,"column":6},"end":{"line":303,"column":9}},"54":{"start":{"line":306,"column":6},"end":{"line":349,"column":7}},"55":{"start":{"line":307,"column":8},"end":{"line":312,"column":11}},"56":{"start":{"line":313,"column":8},"end":{"line":318,"column":32}},"57":{"start":{"line":321,"column":11},"end":{"line":349,"column":7}},"58":{"start":{"line":322,"column":8},"end":{"line":327,"column":11}},"59":{"start":{"line":328,"column":8},"end":{"line":333,"column":32}},"60":{"start":{"line":337,"column":8},"end":{"line":342,"column":11}},"61":{"start":{"line":343,"column":8},"end":{"line":348,"column":32}},"62":{"start":{"line":352,"column":4},"end":{"line":352,"column":66}},"63":{"start":{"line":353,"column":4},"end":{"line":358,"column":28}},"64":{"start":{"line":367,"column":17},"end":{"line":367,"column":19}},"65":{"start":{"line":368,"column":25},"end":{"line":368,"column":64}},"66":{"start":{"line":370,"column":2},"end":{"line":376,"column":3}},"67":{"start":{"line":371,"column":21},"end":{"line":371,"column":120}},"68":{"start":{"line":373,"column":4},"end":{"line":375,"column":5}},"69":{"start":{"line":374,"column":6},"end":{"line":374,"column":62}},"70":{"start":{"line":378,"column":2},"end":{"line":380,"column":3}},"71":{"start":{"line":379,"column":4},"end":{"line":379,"column":135}},"72":{"start":{"line":382,"column":2},"end":{"line":384,"column":3}},"73":{"start":{"line":383,"column":4},"end":{"line":383,"column":73}},"74":{"start":{"line":386,"column":2},"end":{"line":388,"column":3}},"75":{"start":{"line":387,"column":4},"end":{"line":387,"column":36}},"76":{"start":{"line":390,"column":25},"end":{"line":393,"column":3}},"77":{"start":{"line":394,"column":2},"end":{"line":394,"column":37}},"78":{"start":{"line":396,"column":2},"end":{"line":399,"column":4}},"79":{"start":{"line":403,"column":2},"end":{"line":410,"column":3}},"80":{"start":{"line":405,"column":6},"end":{"line":405,"column":32}},"81":{"start":{"line":407,"column":6},"end":{"line":407,"column":31}},"82":{"start":{"line":409,"column":6},"end":{"line":409,"column":18}},"83":{"start":{"line":414,"column":2},"end":{"line":421,"column":3}},"84":{"start":{"line":416,"column":6},"end":{"line":416,"column":49}},"85":{"start":{"line":418,"column":6},"end":{"line":418,"column":70}},"86":{"start":{"line":420,"column":6},"end":{"line":420,"column":18}},"87":{"start":{"line":424,"column":0},"end":{"line":435,"column":2}},"88":{"start":{"line":425,"column":2},"end":{"line":434,"column":4}},"89":{"start":{"line":437,"column":0},"end":{"line":437,"column":61}},"90":{"start":{"line":438,"column":0},"end":{"line":438,"column":65}},"91":{"start":{"line":439,"column":0},"end":{"line":439,"column":45}},"92":{"start":{"line":440,"column":0},"end":{"line":440,"column":51}},"93":{"start":{"line":441,"column":0},"end":{"line":441,"column":51}}},"fnMap":{"0":{"name":"(anonymous_0)","decl":{"start":{"line":38,"column":18},"end":{"line":38,"column":19}},"loc":{"start":{"line":38,"column":44},"end":{"line":360,"column":1}},"line":38},"1":{"name":"_validatePayload","decl":{"start":{"line":366,"column":9},"end":{"line":366,"column":25}},"loc":{"start":{"line":366,"column":43},"end":{"line":400,"column":1}},"line":366},"2":{"name":"_getErrorCode","decl":{"start":{"line":402,"column":9},"end":{"line":402,"column":22}},"loc":{"start":{"line":402,"column":34},"end":{"line":411,"column":1}},"line":402},"3":{"name":"_getErrorMessage","decl":{"start":{"line":413,"column":9},"end":{"line":413,"column":25}},"loc":{"start":{"line":413,"column":37},"end":{"line":422,"column":1}},"line":413},"4":{"name":"(anonymous_4)","decl":{"start":{"line":424,"column":25},"end":{"line":424,"column":26}},"loc":{"start":{"line":424,"column":61},"end":{"line":435,"column":1}},"line":424}},"branchMap":{"0":{"loc":{"start":{"line":43,"column":18},"end":{"line":43,"column":72}},"type":"binary-expr","locations":[{"start":{"line":43,"column":18},"end":{"line":43,"column":34}},{"start":{"line":43,"column":38},"end":{"line":43,"column":72}}],"line":43},"1":{"loc":{"start":{"line":44,"column":12},"end":{"line":44,"column":39}},"type":"binary-expr","locations":[{"start":{"line":44,"column":12},"end":{"line":44,"column":22}},{"start":{"line":44,"column":26},"end":{"line":44,"column":39}}],"line":44},"2":{"loc":{"start":{"line":53,"column":4},"end":{"line":65,"column":5}},"type":"if","locations":[{"start":{"line":53,"column":4},"end":{"line":65,"column":5}},{"start":{},"end":{}}],"line":53},"3":{"loc":{"start":{"line":75,"column":4},"end":{"line":87,"column":5}},"type":"if","locations":[{"start":{"line":75,"column":4},"end":{"line":87,"column":5}},{"start":{},"end":{}}],"line":75},"4":{"loc":{"start":{"line":183,"column":6},"end":{"line":226,"column":7}},"type":"if","locations":[{"start":{"line":183,"column":6},"end":{"line":226,"column":7}},{"start":{},"end":{}}],"line":183},"5":{"loc":{"start":{"line":183,"column":10},"end":{"line":183,"column":50}},"type":"binary-expr","locations":[{"start":{"line":183,"column":10},"end":{"line":183,"column":22}},{"start":{"line":183,"column":26},"end":{"line":183,"column":50}}],"line":183},"6":{"loc":{"start":{"line":260,"column":6},"end":{"line":293,"column":7}},"type":"if","locations":[{"start":{"line":260,"column":6},"end":{"line":293,"column":7}},{"start":{},"end":{}}],"line":260},"7":{"loc":{"start":{"line":306,"column":6},"end":{"line":349,"column":7}},"type":"if","locations":[{"start":{"line":306,"column":6},"end":{"line":349,"column":7}},{"start":{"line":321,"column":11},"end":{"line":349,"column":7}}],"line":306},"8":{"loc":{"start":{"line":306,"column":10},"end":{"line":306,"column":81}},"type":"binary-expr","locations":[{"start":{"line":306,"column":10},"end":{"line":306,"column":45}},{"start":{"line":306,"column":49},"end":{"line":306,"column":81}}],"line":306},"9":{"loc":{"start":{"line":321,"column":11},"end":{"line":349,"column":7}},"type":"if","locations":[{"start":{"line":321,"column":11},"end":{"line":349,"column":7}},{"start":{"line":336,"column":11},"end":{"line":349,"column":7}}],"line":321},"10":{"loc":{"start":{"line":321,"column":15},"end":{"line":321,"column":87}},"type":"binary-expr","locations":[{"start":{"line":321,"column":15},"end":{"line":321,"column":34}},{"start":{"line":321,"column":38},"end":{"line":321,"column":87}}],"line":321},"11":{"loc":{"start":{"line":371,"column":21},"end":{"line":371,"column":120}},"type":"cond-expr","locations":[{"start":{"line":371,"column":46},"end":{"line":371,"column":111}},{"start":{"line":371,"column":115},"end":{"line":371,"column":120}}],"line":371},"12":{"loc":{"start":{"line":371,"column":46},"end":{"line":371,"column":111}},"type":"cond-expr","locations":[{"start":{"line":371,"column":83},"end":{"line":371,"column":97}},{"start":{"line":371,"column":100},"end":{"line":371,"column":111}}],"line":371},"13":{"loc":{"start":{"line":373,"column":4},"end":{"line":375,"column":5}},"type":"if","locations":[{"start":{"line":373,"column":4},"end":{"line":375,"column":5}},{"start":{},"end":{}}],"line":373},"14":{"loc":{"start":{"line":378,"column":2},"end":{"line":380,"column":3}},"type":"if","locations":[{"start":{"line":378,"column":2},"end":{"line":380,"column":3}},{"start":{},"end":{}}],"line":378},"15":{"loc":{"start":{"line":378,"column":6},"end":{"line":378,"column":92}},"type":"binary-expr","locations":[{"start":{"line":378,"column":6},"end":{"line":378,"column":23}},{"start":{"line":378,"column":27},"end":{"line":378,"column":92}}],"line":378},"16":{"loc":{"start":{"line":382,"column":2},"end":{"line":384,"column":3}},"type":"if","locations":[{"start":{"line":382,"column":2},"end":{"line":384,"column":3}},{"start":{},"end":{}}],"line":382},"17":{"loc":{"start":{"line":382,"column":6},"end":{"line":382,"column":63}},"type":"binary-expr","locations":[{"start":{"line":382,"column":6},"end":{"line":382,"column":23}},{"start":{"line":382,"column":27},"end":{"line":382,"column":63}}],"line":382},"18":{"loc":{"start":{"line":386,"column":2},"end":{"line":388,"column":3}},"type":"if","locations":[{"start":{"line":386,"column":2},"end":{"line":388,"column":3}},{"start":{},"end":{}}],"line":386},"19":{"loc":{"start":{"line":392,"column":15},"end":{"line":392,"column":56}},"type":"binary-expr","locations":[{"start":{"line":392,"column":15},"end":{"line":392,"column":35}},{"start":{"line":392,"column":39},"end":{"line":392,"column":56}}],"line":392},"20":{"loc":{"start":{"line":403,"column":2},"end":{"line":410,"column":3}},"type":"switch","locations":[{"start":{"line":404,"column":4},"end":{"line":405,"column":32}},{"start":{"line":406,"column":4},"end":{"line":407,"column":31}},{"start":{"line":408,"column":4},"end":{"line":409,"column":18}}],"line":403},"21":{"loc":{"start":{"line":414,"column":2},"end":{"line":421,"column":3}},"type":"switch","locations":[{"start":{"line":415,"column":4},"end":{"line":416,"column":49}},{"start":{"line":417,"column":4},"end":{"line":418,"column":70}},{"start":{"line":419,"column":4},"end":{"line":420,"column":18}}],"line":414},"22":{"loc":{"start":{"line":424,"column":44},"end":{"line":424,"column":56}},"type":"default-arg","locations":[{"start":{"line":424,"column":54},"end":{"line":424,"column":56}}],"line":424}},"s":{"0":1,"1":1,"2":1,"3":1,"4":1,"5":1,"6":1,"7":1,"8":11,"9":11,"10":11,"11":11,"12":11,"13":11,"14":11,"15":1,"16":1,"17":10,"18":10,"19":10,"20":1,"21":1,"22":9,"23":9,"24":9,"25":9,"26":9,"27":8,"28":1,"29":1,"30":8,"31":8,"32":8,"33":8,"34":8,"35":8,"36":8,"37":7,"38":1,"39":1,"40":1,"41":1,"42":1,"43":6,"44":6,"45":6,"46":6,"47":6,"48":2,"49":1,"50":1,"51":1,"52":1,"53":1,"54":1,"55":0,"56":0,"57":1,"58":1,"59":1,"60":0,"61":0,"62":0,"63":0,"64":20,"65":20,"66":20,"67":60,"68":60,"69":3,"70":20,"71":2,"72":20,"73":1,"74":20,"75":6,"76":14,"77":14,"78":14,"79":4,"80":1,"81":1,"82":2,"83":4,"84":1,"85":1,"86":2,"87":1,"88":17,"89":1,"90":1,"91":1,"92":1,"93":1},"f":{"0":11,"1":20,"2":4,"3":4,"4":17},"b":{"0":[11,0],"1":[11,10],"2":[11,0],"3":[1,9],"4":[1,6],"5":[7,7],"6":[1,1],"7":[0,1],"8":[1,1],"9":[1,0],"10":[1,1],"11":[20,40],"12":[19,1],"13":[3,57],"14":[2,18],"15":[20,19],"16":[1,19],"17":[20,19],"18":[6,14],"19":[14,0],"20":[1,1,2],"21":[1,1,2],"22":[0]},"_coverageSchema":"1a1c01bbd47fc00a2c39e90264f33305004495a9","hash":"c10a1a262295fd4d711261c5e53c27ca466a7211"}
,"/home/runner/work/project-am-stellantis-woc-backend/project-am-stellantis-woc-backend/synch-status/validator.js": {"path":"/home/runner/work/project-am-stellantis-woc-backend/project-am-stellantis-woc-backend/synch-status/validator.js","statementMap":{"0":{"start":{"line":5,"column":12},"end":{"line":5,"column":26}},"1":{"start":{"line":8,"column":25},"end":{"line":49,"column":16}},"2":{"start":{"line":52,"column":30},"end":{"line":63,"column":17}},"3":{"start":{"line":66,"column":29},"end":{"line":74,"column":2}},"4":{"start":{"line":79,"column":29},"end":{"line":82,"column":6}},"5":{"start":{"line":84,"column":4},"end":{"line":95,"column":5}},"6":{"start":{"line":85,"column":22},"end":{"line":88,"column":9}},"7":{"start":{"line":85,"column":51},"end":{"line":88,"column":7}},"8":{"start":{"line":90,"column":6},"end":{"line":94,"column":8}},"9":{"start":{"line":97,"column":4},"end":{"line":101,"column":6}},"10":{"start":{"line":106,"column":29},"end":{"line":108,"column":6}},"11":{"start":{"line":110,"column":4},"end":{"line":121,"column":5}},"12":{"start":{"line":111,"column":22},"end":{"line":114,"column":9}},"13":{"start":{"line":111,"column":51},"end":{"line":114,"column":7}},"14":{"start":{"line":116,"column":6},"end":{"line":120,"column":8}},"15":{"start":{"line":123,"column":4},"end":{"line":127,"column":6}},"16":{"start":{"line":132,"column":29},"end":{"line":134,"column":6}},"17":{"start":{"line":136,"column":4},"end":{"line":147,"column":5}},"18":{"start":{"line":137,"column":22},"end":{"line":140,"column":9}},"19":{"start":{"line":137,"column":51},"end":{"line":140,"column":7}},"20":{"start":{"line":142,"column":6},"end":{"line":146,"column":8}},"21":{"start":{"line":149,"column":4},"end":{"line":153,"column":6}},"22":{"start":{"line":158,"column":4},"end":{"line":164,"column":5}},"23":{"start":{"line":159,"column":6},"end":{"line":163,"column":8}},"24":{"start":{"line":167,"column":18},"end":{"line":167,"column":35}},"25":{"start":{"line":168,"column":4},"end":{"line":174,"column":5}},"26":{"start":{"line":169,"column":6},"end":{"line":173,"column":8}},"27":{"start":{"line":176,"column":4},"end":{"line":180,"column":6}},"28":{"start":{"line":184,"column":0},"end":{"line":184,"column":27}}},"fnMap":{"0":{"name":"(anonymous_0)","decl":{"start":{"line":78,"column":2},"end":{"line":78,"column":3}},"loc":{"start":{"line":78,"column":39},"end":{"line":102,"column":3}},"line":78},"1":{"name":"(anonymous_1)","decl":{"start":{"line":85,"column":40},"end":{"line":85,"column":41}},"loc":{"start":{"line":85,"column":51},"end":{"line":88,"column":7}},"line":85},"2":{"name":"(anonymous_2)","decl":{"start":{"line":105,"column":2},"end":{"line":105,"column":3}},"loc":{"start":{"line":105,"column":43},"end":{"line":128,"column":3}},"line":105},"3":{"name":"(anonymous_3)","decl":{"start":{"line":111,"column":40},"end":{"line":111,"column":41}},"loc":{"start":{"line":111,"column":51},"end":{"line":114,"column":7}},"line":111},"4":{"name":"(anonymous_4)","decl":{"start":{"line":131,"column":2},"end":{"line":131,"column":3}},"loc":{"start":{"line":131,"column":35},"end":{"line":154,"column":3}},"line":131},"5":{"name":"(anonymous_5)","decl":{"start":{"line":137,"column":40},"end":{"line":137,"column":41}},"loc":{"start":{"line":137,"column":51},"end":{"line":140,"column":7}},"line":137},"6":{"name":"(anonymous_6)","decl":{"start":{"line":157,"column":2},"end":{"line":157,"column":3}},"loc":{"start":{"line":157,"column":45},"end":{"line":181,"column":3}},"line":157}},"branchMap":{"0":{"loc":{"start":{"line":84,"column":4},"end":{"line":95,"column":5}},"type":"if","locations":[{"start":{"line":84,"column":4},"end":{"line":95,"column":5}},{"start":{},"end":{}}],"line":84},"1":{"loc":{"start":{"line":110,"column":4},"end":{"line":121,"column":5}},"type":"if","locations":[{"start":{"line":110,"column":4},"end":{"line":121,"column":5}},{"start":{},"end":{}}],"line":110},"2":{"loc":{"start":{"line":136,"column":4},"end":{"line":147,"column":5}},"type":"if","locations":[{"start":{"line":136,"column":4},"end":{"line":147,"column":5}},{"start":{},"end":{}}],"line":136},"3":{"loc":{"start":{"line":158,"column":4},"end":{"line":164,"column":5}},"type":"if","locations":[{"start":{"line":158,"column":4},"end":{"line":164,"column":5}},{"start":{},"end":{}}],"line":158},"4":{"loc":{"start":{"line":168,"column":4},"end":{"line":174,"column":5}},"type":"if","locations":[{"start":{"line":168,"column":4},"end":{"line":174,"column":5}},{"start":{},"end":{}}],"line":168},"5":{"loc":{"start":{"line":168,"column":8},"end":{"line":168,"column":51}},"type":"binary-expr","locations":[{"start":{"line":168,"column":8},"end":{"line":168,"column":26}},{"start":{"line":168,"column":30},"end":{"line":168,"column":51}}],"line":168}},"s":{"0":1,"1":1,"2":1,"3":1,"4":0,"5":0,"6":0,"7":0,"8":0,"9":0,"10":0,"11":0,"12":0,"13":0,"14":0,"15":0,"16":0,"17":0,"18":0,"19":0,"20":0,"21":0,"22":0,"23":0,"24":0,"25":0,"26":0,"27":0,"28":1},"f":{"0":0,"1":0,"2":0,"3":0,"4":0,"5":0,"6":0},"b":{"0":[0,0],"1":[0,0],"2":[0,0],"3":[0,0],"4":[0,0],"5":[0,0]},"_coverageSchema":"1a1c01bbd47fc00a2c39e90264f33305004495a9","hash":"398b5224e886f8dfa6e5ea7537a651a2a0d73987"}
,"/home/runner/work/project-am-stellantis-woc-backend/project-am-stellantis-woc-backend/synch-status/shared/dbClient.js": {"path":"/home/runner/work/project-am-stellantis-woc-backend/project-am-stellantis-woc-backend/synch-status/shared/dbClient.js","statementMap":{"0":{"start":{"line":3,"column":56},"end":{"line":3,"column":98}},"1":{"start":{"line":4,"column":43},"end":{"line":4,"column":73}},"2":{"start":{"line":5,"column":17},"end":{"line":5,"column":30}},"3":{"start":{"line":8,"column":17},"end":{"line":8,"column":21}},"4":{"start":{"line":11,"column":17},"end":{"line":11,"column":45}},"5":{"start":{"line":12,"column":18},"end":{"line":12,"column":35}},"6":{"start":{"line":15,"column":24},"end":{"line":15,"column":28}},"7":{"start":{"line":16,"column":29},"end":{"line":16,"column":33}},"8":{"start":{"line":19,"column":2},"end":{"line":21,"column":3}},"9":{"start":{"line":20,"column":4},"end":{"line":20,"column":24}},"10":{"start":{"line":22,"column":2},"end":{"line":22,"column":48}},"11":{"start":{"line":33,"column":18},"end":{"line":33,"column":84}},"12":{"start":{"line":34,"column":19},"end":{"line":34,"column":48}},"13":{"start":{"line":35,"column":2},"end":{"line":35,"column":34}},"14":{"start":{"line":44,"column":2},"end":{"line":44,"column":50}},"15":{"start":{"line":44,"column":25},"end":{"line":44,"column":50}},"16":{"start":{"line":46,"column":20},"end":{"line":46,"column":51}},"17":{"start":{"line":47,"column":2},"end":{"line":49,"column":3}},"18":{"start":{"line":48,"column":4},"end":{"line":48,"column":81}},"19":{"start":{"line":51,"column":2},"end":{"line":51,"column":55}},"20":{"start":{"line":52,"column":2},"end":{"line":52,"column":27}},"21":{"start":{"line":61,"column":2},"end":{"line":61,"column":60}},"22":{"start":{"line":61,"column":30},"end":{"line":61,"column":60}},"23":{"start":{"line":63,"column":20},"end":{"line":63,"column":56}},"24":{"start":{"line":64,"column":2},"end":{"line":66,"column":3}},"25":{"start":{"line":65,"column":4},"end":{"line":65,"column":86}},"26":{"start":{"line":68,"column":2},"end":{"line":68,"column":60}},"27":{"start":{"line":69,"column":2},"end":{"line":69,"column":32}},"28":{"start":{"line":80,"column":20},"end":{"line":80,"column":42}},"29":{"start":{"line":82,"column":18},"end":{"line":82,"column":68}},"30":{"start":{"line":83,"column":19},"end":{"line":83,"column":47}},"31":{"start":{"line":85,"column":2},"end":{"line":87,"column":3}},"32":{"start":{"line":86,"column":4},"end":{"line":86,"column":59}},"33":{"start":{"line":89,"column":2},"end":{"line":89,"column":43}},"34":{"start":{"line":96,"column":2},"end":{"line":101,"column":4}},"35":{"start":{"line":114,"column":2},"end":{"line":116,"column":3}},"36":{"start":{"line":115,"column":4},"end":{"line":115,"column":22}},"37":{"start":{"line":118,"column":21},"end":{"line":118,"column":67}},"38":{"start":{"line":124,"column":2},"end":{"line":133,"column":3}},"39":{"start":{"line":125,"column":4},"end":{"line":125,"column":40}},"40":{"start":{"line":126,"column":4},"end":{"line":126,"column":46}},"41":{"start":{"line":127,"column":4},"end":{"line":127,"column":57}},"42":{"start":{"line":130,"column":4},"end":{"line":130,"column":41}},"43":{"start":{"line":131,"column":4},"end":{"line":131,"column":39}},"44":{"start":{"line":132,"column":4},"end":{"line":132,"column":22}},"45":{"start":{"line":136,"column":15},"end":{"line":145,"column":4}},"46":{"start":{"line":148,"column":2},"end":{"line":151,"column":5}},"47":{"start":{"line":150,"column":4},"end":{"line":150,"column":22}},"48":{"start":{"line":154,"column":2},"end":{"line":162,"column":3}},"49":{"start":{"line":155,"column":19},"end":{"line":155,"column":39}},"50":{"start":{"line":156,"column":4},"end":{"line":156,"column":21}},"51":{"start":{"line":159,"column":4},"end":{"line":159,"column":22}},"52":{"start":{"line":160,"column":4},"end":{"line":160,"column":37}},"53":{"start":{"line":161,"column":4},"end":{"line":161,"column":14}},"54":{"start":{"line":165,"column":2},"end":{"line":165,"column":20}},"55":{"start":{"line":166,"column":2},"end":{"line":166,"column":14}},"56":{"start":{"line":174,"column":2},"end":{"line":174,"column":20}},"57":{"start":{"line":175,"column":2},"end":{"line":175,"column":27}},"58":{"start":{"line":176,"column":2},"end":{"line":176,"column":32}},"59":{"start":{"line":179,"column":0},"end":{"line":179,"column":45}}},"fnMap":{"0":{"name":"parseBoolean","decl":{"start":{"line":18,"column":9},"end":{"line":18,"column":21}},"loc":{"start":{"line":18,"column":43},"end":{"line":23,"column":1}},"line":18},"1":{"name":"getSsmParameter","decl":{"start":{"line":32,"column":15},"end":{"line":32,"column":30}},"loc":{"start":{"line":32,"column":42},"end":{"line":36,"column":1}},"line":32},"2":{"name":"getDbSecretArn","decl":{"start":{"line":43,"column":15},"end":{"line":43,"column":29}},"loc":{"start":{"line":43,"column":32},"end":{"line":53,"column":1}},"line":43},"3":{"name":"getRdsProxyEndpoint","decl":{"start":{"line":60,"column":15},"end":{"line":60,"column":34}},"loc":{"start":{"line":60,"column":37},"end":{"line":70,"column":1}},"line":60},"4":{"name":"getCredentials","decl":{"start":{"line":79,"column":15},"end":{"line":79,"column":29}},"loc":{"start":{"line":79,"column":32},"end":{"line":90,"column":1}},"line":79},"5":{"name":"getLocalCredentials","decl":{"start":{"line":95,"column":9},"end":{"line":95,"column":28}},"loc":{"start":{"line":95,"column":31},"end":{"line":102,"column":1}},"line":95},"6":{"name":"getPool","decl":{"start":{"line":112,"column":15},"end":{"line":112,"column":22}},"loc":{"start":{"line":112,"column":25},"end":{"line":167,"column":1}},"line":112},"7":{"name":"(anonymous_7)","decl":{"start":{"line":148,"column":19},"end":{"line":148,"column":20}},"loc":{"start":{"line":148,"column":25},"end":{"line":151,"column":3}},"line":148},"8":{"name":"(anonymous_8)","decl":{"start":{"line":160,"column":27},"end":{"line":160,"column":28}},"loc":{"start":{"line":160,"column":33},"end":{"line":160,"column":35}},"line":160},"9":{"name":"invalidatePool","decl":{"start":{"line":173,"column":9},"end":{"line":173,"column":23}},"loc":{"start":{"line":173,"column":26},"end":{"line":177,"column":1}},"line":173}},"branchMap":{"0":{"loc":{"start":{"line":19,"column":2},"end":{"line":21,"column":3}},"type":"if","locations":[{"start":{"line":19,"column":2},"end":{"line":21,"column":3}},{"start":{},"end":{}}],"line":19},"1":{"loc":{"start":{"line":19,"column":6},"end":{"line":19,"column":43}},"type":"binary-expr","locations":[{"start":{"line":19,"column":6},"end":{"line":19,"column":25}},{"start":{"line":19,"column":29},"end":{"line":19,"column":43}}],"line":19},"2":{"loc":{"start":{"line":44,"column":2},"end":{"line":44,"column":50}},"type":"if","locations":[{"start":{"line":44,"column":2},"end":{"line":44,"column":50}},{"start":{},"end":{}}],"line":44},"3":{"loc":{"start":{"line":47,"column":2},"end":{"line":49,"column":3}},"type":"if","locations":[{"start":{"line":47,"column":2},"end":{"line":49,"column":3}},{"start":{},"end":{}}],"line":47},"4":{"loc":{"start":{"line":61,"column":2},"end":{"line":61,"column":60}},"type":"if","locations":[{"start":{"line":61,"column":2},"end":{"line":61,"column":60}},{"start":{},"end":{}}],"line":61},"5":{"loc":{"start":{"line":64,"column":2},"end":{"line":66,"column":3}},"type":"if","locations":[{"start":{"line":64,"column":2},"end":{"line":66,"column":3}},{"start":{},"end":{}}],"line":64},"6":{"loc":{"start":{"line":85,"column":2},"end":{"line":87,"column":3}},"type":"if","locations":[{"start":{"line":85,"column":2},"end":{"line":87,"column":3}},{"start":{},"end":{}}],"line":85},"7":{"loc":{"start":{"line":97,"column":12},"end":{"line":97,"column":46}},"type":"binary-expr","locations":[{"start":{"line":97,"column":12},"end":{"line":97,"column":31}},{"start":{"line":97,"column":35},"end":{"line":97,"column":46}}],"line":97},"8":{"loc":{"start":{"line":98,"column":14},"end":{"line":98,"column":52}},"type":"binary-expr","locations":[{"start":{"line":98,"column":14},"end":{"line":98,"column":33}},{"start":{"line":98,"column":37},"end":{"line":98,"column":52}}],"line":98},"9":{"loc":{"start":{"line":99,"column":14},"end":{"line":99,"column":49}},"type":"binary-expr","locations":[{"start":{"line":99,"column":14},"end":{"line":99,"column":37}},{"start":{"line":99,"column":41},"end":{"line":99,"column":49}}],"line":99},"10":{"loc":{"start":{"line":100,"column":17},"end":{"line":100,"column":44}},"type":"binary-expr","locations":[{"start":{"line":100,"column":17},"end":{"line":100,"column":36}},{"start":{"line":100,"column":40},"end":{"line":100,"column":44}}],"line":100},"11":{"loc":{"start":{"line":114,"column":2},"end":{"line":116,"column":3}},"type":"if","locations":[{"start":{"line":114,"column":2},"end":{"line":116,"column":3}},{"start":{},"end":{}}],"line":114},"12":{"loc":{"start":{"line":124,"column":2},"end":{"line":133,"column":3}},"type":"if","locations":[{"start":{"line":124,"column":2},"end":{"line":133,"column":3}},{"start":{"line":128,"column":9},"end":{"line":133,"column":3}}],"line":124},"13":{"loc":{"start":{"line":126,"column":11},"end":{"line":126,"column":45}},"type":"binary-expr","locations":[{"start":{"line":126,"column":11},"end":{"line":126,"column":30}},{"start":{"line":126,"column":34},"end":{"line":126,"column":45}}],"line":126},"14":{"loc":{"start":{"line":138,"column":10},"end":{"line":138,"column":34}},"type":"binary-expr","locations":[{"start":{"line":138,"column":10},"end":{"line":138,"column":26}},{"start":{"line":138,"column":30},"end":{"line":138,"column":34}}],"line":138}},"s":{"0":1,"1":1,"2":1,"3":1,"4":1,"5":1,"6":1,"7":1,"8":0,"9":0,"10":0,"11":0,"12":0,"13":0,"14":0,"15":0,"16":0,"17":0,"18":0,"19":0,"20":0,"21":0,"22":0,"23":0,"24":0,"25":0,"26":0,"27":0,"28":0,"29":0,"30":0,"31":0,"32":0,"33":0,"34":0,"35":0,"36":0,"37":0,"38":0,"39":0,"40":0,"41":0,"42":0,"43":0,"44":0,"45":0,"46":0,"47":0,"48":0,"49":0,"50":0,"51":0,"52":0,"53":0,"54":0,"55":0,"56":0,"57":0,"58":0,"59":1},"f":{"0":0,"1":0,"2":0,"3":0,"4":0,"5":0,"6":0,"7":0,"8":0,"9":0},"b":{"0":[0,0],"1":[0,0],"2":[0,0],"3":[0,0],"4":[0,0],"5":[0,0],"6":[0,0],"7":[0,0],"8":[0,0],"9":[0,0],"10":[0,0],"11":[0,0],"12":[0,0],"13":[0,0],"14":[0,0]},"_coverageSchema":"1a1c01bbd47fc00a2c39e90264f33305004495a9","hash":"d7cdc0386e4787222b2849ec968d869f11ed045d"}
}
