TN:
SF:config.js
FN:14,(anonymous_0)
FN:24,(anonymous_1)
FN:96,(anonymous_2)
FN:134,(anonymous_3)
FN:142,(anonymous_4)
FN:165,(anonymous_5)
FN:196,(anonymous_6)
FN:207,(anonymous_7)
FNF:8
FNH:0
FNDA:0,(anonymous_0)
FNDA:0,(anonymous_1)
FNDA:0,(anonymous_2)
FNDA:0,(anonymous_3)
FNDA:0,(anonymous_4)
FNDA:0,(anonymous_5)
FNDA:0,(anonymous_6)
FNDA:0,(anonymous_7)
DA:6,1
DA:9,1
DA:10,1
DA:16,0
DA:18,0
DA:20,0
DA:25,0
DA:27,0
DA:30,0
DA:87,0
DA:88,0
DA:90,0
DA:97,0
DA:99,0
DA:101,0
DA:109,0
DA:111,0
DA:113,0
DA:115,0
DA:117,0
DA:118,0
DA:121,0
DA:125,0
DA:128,0
DA:129,0
DA:135,0
DA:136,0
DA:138,0
DA:143,0
DA:144,0
DA:148,0
DA:149,0
DA:152,0
DA:153,0
DA:154,0
DA:157,0
DA:161,0
DA:166,0
DA:167,0
DA:172,0
DA:180,0
DA:181,0
DA:182,0
DA:183,0
DA:190,1
DA:193,1
DA:197,0
DA:198,0
DA:199,0
DA:201,0
DA:203,0
DA:208,0
LF:52
LH:5
BRDA:9,0,0,1
BRDA:9,0,1,1
BRDA:10,1,0,1
BRDA:10,1,1,1
BRDA:16,2,0,0
BRDA:16,2,1,0
BRDA:18,3,0,0
BRDA:18,3,1,0
BRDA:37,4,0,0
BRDA:37,4,1,0
BRDA:42,5,0,0
BRDA:42,5,1,0
BRDA:43,6,0,0
BRDA:43,6,1,0
BRDA:44,7,0,0
BRDA:44,7,1,0
BRDA:45,8,0,0
BRDA:45,8,1,0
BRDA:50,9,0,0
BRDA:50,9,1,0
BRDA:51,10,0,0
BRDA:51,10,1,0
BRDA:67,11,0,0
BRDA:67,11,1,0
BRDA:111,12,0,0
BRDA:111,12,1,0
BRDA:135,13,0,0
BRDA:135,13,1,0
BRDA:143,14,0,0
BRDA:143,14,1,0
BRDA:153,15,0,0
BRDA:153,15,1,0
BRDA:153,16,0,0
BRDA:153,16,1,0
BRDA:153,16,2,0
BRDA:166,17,0,0
BRDA:166,17,1,0
BRDA:182,18,0,0
BRDA:182,18,1,0
BRDA:197,19,0,0
BRDA:197,19,1,0
BRF:41
BRH:4
end_of_record
TN:
SF:index.js
FN:38,(anonymous_0)
FN:366,_validatePayload
FN:402,_getErrorCode
FN:413,_getErrorMessage
FN:424,(anonymous_4)
FNF:5
FNH:5
FNDA:11,(anonymous_0)
FNDA:20,_validatePayload
FNDA:4,_getErrorCode
FNDA:4,_getErrorMessage
FNDA:17,(anonymous_4)
DA:10,1
DA:11,1
DA:12,1
DA:13,1
DA:14,1
DA:20,1
DA:27,1
DA:38,1
DA:39,11
DA:41,11
DA:42,11
DA:52,11
DA:53,11
DA:54,11
DA:55,11
DA:57,1
DA:58,1
DA:68,10
DA:74,10
DA:75,10
DA:76,1
DA:80,1
DA:94,9
DA:96,9
DA:107,9
DA:108,9
DA:109,9
DA:110,8
DA:112,1
DA:113,1
DA:125,8
DA:129,8
DA:130,8
DA:135,8
DA:162,8
DA:169,8
DA:175,8
DA:183,7
DA:185,1
DA:187,1
DA:189,1
DA:192,1
DA:225,1
DA:228,6
DA:230,6
DA:239,6
DA:253,6
DA:255,6
DA:260,2
DA:262,1
DA:277,1
DA:290,1
DA:292,1
DA:296,1
DA:306,1
DA:307,0
DA:313,0
DA:321,1
DA:322,1
DA:328,1
DA:337,0
DA:343,0
DA:352,0
DA:353,0
DA:367,20
DA:368,20
DA:370,20
DA:371,60
DA:373,60
DA:374,3
DA:378,20
DA:379,2
DA:382,20
DA:383,1
DA:386,20
DA:387,6
DA:390,14
DA:394,14
DA:396,14
DA:403,4
DA:405,1
DA:407,1
DA:409,2
DA:414,4
DA:416,1
DA:418,1
DA:420,2
DA:424,1
DA:425,17
DA:437,1
DA:438,1
DA:439,1
DA:440,1
DA:441,1
LF:94
LH:88
BRDA:43,0,0,11
BRDA:43,0,1,0
BRDA:44,1,0,11
BRDA:44,1,1,10
BRDA:53,2,0,11
BRDA:53,2,1,0
BRDA:75,3,0,1
BRDA:75,3,1,9
BRDA:183,4,0,1
BRDA:183,4,1,6
BRDA:183,5,0,7
BRDA:183,5,1,7
BRDA:260,6,0,1
BRDA:260,6,1,1
BRDA:306,7,0,0
BRDA:306,7,1,1
BRDA:306,8,0,1
BRDA:306,8,1,1
BRDA:321,9,0,1
BRDA:321,9,1,0
BRDA:321,10,0,1
BRDA:321,10,1,1
BRDA:371,11,0,20
BRDA:371,11,1,40
BRDA:371,12,0,19
BRDA:371,12,1,1
BRDA:373,13,0,3
BRDA:373,13,1,57
BRDA:378,14,0,2
BRDA:378,14,1,18
BRDA:378,15,0,20
BRDA:378,15,1,19
BRDA:382,16,0,1
BRDA:382,16,1,19
BRDA:382,17,0,20
BRDA:382,17,1,19
BRDA:386,18,0,6
BRDA:386,18,1,14
BRDA:392,19,0,14
BRDA:392,19,1,0
BRDA:403,20,0,1
BRDA:403,20,1,1
BRDA:403,20,2,2
BRDA:414,21,0,1
BRDA:414,21,1,1
BRDA:414,21,2,2
BRDA:424,22,0,0
BRF:47
BRH:41
end_of_record
TN:
SF:validator.js
FN:78,(anonymous_0)
FN:85,(anonymous_1)
FN:105,(anonymous_2)
FN:111,(anonymous_3)
FN:131,(anonymous_4)
FN:137,(anonymous_5)
FN:157,(anonymous_6)
FNF:7
FNH:0
FNDA:0,(anonymous_0)
FNDA:0,(anonymous_1)
FNDA:0,(anonymous_2)
FNDA:0,(anonymous_3)
FNDA:0,(anonymous_4)
FNDA:0,(anonymous_5)
FNDA:0,(anonymous_6)
DA:5,1
DA:8,1
DA:52,1
DA:66,1
DA:79,0
DA:84,0
DA:85,0
DA:90,0
DA:97,0
DA:106,0
DA:110,0
DA:111,0
DA:116,0
DA:123,0
DA:132,0
DA:136,0
DA:137,0
DA:142,0
DA:149,0
DA:158,0
DA:159,0
DA:167,0
DA:168,0
DA:169,0
DA:176,0
DA:184,1
LF:26
LH:5
BRDA:84,0,0,0
BRDA:84,0,1,0
BRDA:110,1,0,0
BRDA:110,1,1,0
BRDA:136,2,0,0
BRDA:136,2,1,0
BRDA:158,3,0,0
BRDA:158,3,1,0
BRDA:168,4,0,0
BRDA:168,4,1,0
BRDA:168,5,0,0
BRDA:168,5,1,0
BRF:12
BRH:0
end_of_record
TN:
SF:shared/dbClient.js
FN:18,parseBoolean
FN:32,getSsmParameter
FN:43,getDbSecretArn
FN:60,getRdsProxyEndpoint
FN:79,getCredentials
FN:95,getLocalCredentials
FN:112,getPool
FN:148,(anonymous_7)
FN:160,(anonymous_8)
FN:173,invalidatePool
FNF:10
FNH:0
FNDA:0,parseBoolean
FNDA:0,getSsmParameter
FNDA:0,getDbSecretArn
FNDA:0,getRdsProxyEndpoint
FNDA:0,getCredentials
FNDA:0,getLocalCredentials
FNDA:0,getPool
FNDA:0,(anonymous_7)
FNDA:0,(anonymous_8)
FNDA:0,invalidatePool
DA:3,1
DA:4,1
DA:5,1
DA:8,1
DA:11,1
DA:12,1
DA:15,1
DA:16,1
DA:19,0
DA:20,0
DA:22,0
DA:33,0
DA:34,0
DA:35,0
DA:44,0
DA:46,0
DA:47,0
DA:48,0
DA:51,0
DA:52,0
DA:61,0
DA:63,0
DA:64,0
DA:65,0
DA:68,0
DA:69,0
DA:80,0
DA:82,0
DA:83,0
DA:85,0
DA:86,0
DA:89,0
DA:96,0
DA:114,0
DA:115,0
DA:118,0
DA:124,0
DA:125,0
DA:126,0
DA:127,0
DA:130,0
DA:131,0
DA:132,0
DA:136,0
DA:148,0
DA:150,0
DA:154,0
DA:155,0
DA:156,0
DA:159,0
DA:160,0
DA:161,0
DA:165,0
DA:166,0
DA:174,0
DA:175,0
DA:176,0
DA:179,1
LF:58
LH:9
BRDA:19,0,0,0
BRDA:19,0,1,0
BRDA:19,1,0,0
BRDA:19,1,1,0
BRDA:44,2,0,0
BRDA:44,2,1,0
BRDA:47,3,0,0
BRDA:47,3,1,0
BRDA:61,4,0,0
BRDA:61,4,1,0
BRDA:64,5,0,0
BRDA:64,5,1,0
BRDA:85,6,0,0
BRDA:85,6,1,0
BRDA:97,7,0,0
BRDA:97,7,1,0
BRDA:98,8,0,0
BRDA:98,8,1,0
BRDA:99,9,0,0
BRDA:99,9,1,0
BRDA:100,10,0,0
BRDA:100,10,1,0
BRDA:114,11,0,0
BRDA:114,11,1,0
BRDA:124,12,0,0
BRDA:124,12,1,0
BRDA:126,13,0,0
BRDA:126,13,1,0
BRDA:138,14,0,0
BRDA:138,14,1,0
BRF:30
BRH:0
end_of_record
