TN:
SF:config.js
FN:12,(anonymous_0)
FN:19,(anonymous_1)
FN:77,(anonymous_2)
FN:114,(anonymous_3)
FN:122,(anonymous_4)
FN:142,(anonymous_5)
FN:169,(anonymous_6)
FN:179,(anonymous_7)
FNF:8
FNH:0
FNDA:0,(anonymous_0)
FNDA:0,(anonymous_1)
FNDA:0,(anonymous_2)
FNDA:0,(anonymous_3)
FNDA:0,(anonymous_4)
FNDA:0,(anonymous_5)
FNDA:0,(anonymous_6)
FNDA:0,(anonymous_7)
DA:5,1
DA:8,1
DA:9,1
DA:13,0
DA:14,0
DA:15,0
DA:20,0
DA:22,0
DA:24,0
DA:69,0
DA:70,0
DA:72,0
DA:78,0
DA:80,0
DA:82,0
DA:93,0
DA:94,0
DA:95,0
DA:97,0
DA:98,0
DA:99,0
DA:102,0
DA:106,0
DA:108,0
DA:109,0
DA:115,0
DA:116,0
DA:118,0
DA:123,0
DA:124,0
DA:127,0
DA:128,0
DA:130,0
DA:131,0
DA:132,0
DA:134,0
DA:138,0
DA:143,0
DA:144,0
DA:147,0
DA:155,0
DA:156,0
DA:157,0
DA:158,0
DA:165,1
DA:167,1
DA:170,0
DA:171,0
DA:172,0
DA:173,0
DA:175,0
DA:180,0
LF:52
LH:5
BRDA:8,0,0,1
BRDA:8,0,1,1
BRDA:9,1,0,1
BRDA:9,1,1,1
BRDA:13,2,0,0
BRDA:13,2,1,0
BRDA:14,3,0,0
BRDA:14,3,1,0
BRDA:28,4,0,0
BRDA:28,4,1,0
BRDA:31,5,0,0
BRDA:31,5,1,0
BRDA:32,6,0,0
BRDA:32,6,1,0
BRDA:33,7,0,0
BRDA:33,7,1,0
BRDA:34,8,0,0
BRDA:34,8,1,0
BRDA:37,9,0,0
BRDA:37,9,1,0
BRDA:38,10,0,0
BRDA:38,10,1,0
BRDA:42,11,0,0
BRDA:42,11,1,0
BRDA:46,12,0,0
BRDA:46,12,1,0
BRDA:55,13,0,0
BRDA:55,13,1,0
BRDA:94,14,0,0
BRDA:94,14,1,0
BRDA:115,15,0,0
BRDA:115,15,1,0
BRDA:123,16,0,0
BRDA:123,16,1,0
BRDA:131,17,0,0
BRDA:131,17,1,0
BRDA:131,18,0,0
BRDA:131,18,1,0
BRDA:131,18,2,0
BRDA:143,19,0,0
BRDA:143,19,1,0
BRDA:157,20,0,0
BRDA:157,20,1,0
BRDA:170,21,0,0
BRDA:170,21,1,0
BRF:45
BRH:4
end_of_record
TN:
SF:index.js
FN:40,(anonymous_0)
FN:312,_validatePayload
FN:386,_getErrorCode
FN:405,_getErrorMessage
FN:426,_buildResponse
FNF:5
FNH:5
FNDA:11,(anonymous_0)
FNDA:20,_validatePayload
FNDA:12,_getErrorCode
FNDA:12,_getErrorMessage
FNDA:17,_buildResponse
DA:10,1
DA:11,1
DA:12,1
DA:13,1
DA:14,1
DA:21,1
DA:29,1
DA:40,1
DA:42,11
DA:44,11
DA:46,11
DA:57,11
DA:58,11
DA:60,11
DA:61,11
DA:63,1
DA:64,1
DA:72,10
DA:79,10
DA:80,10
DA:81,1
DA:85,1
DA:97,9
DA:99,9
DA:110,9
DA:111,9
DA:113,9
DA:114,8
DA:116,1
DA:117,1
DA:128,8
DA:130,8
DA:133,8
DA:137,8
DA:180,8
DA:202,8
DA:209,7
DA:210,1
DA:214,1
DA:222,6
DA:224,6
DA:239,6
DA:259,1
DA:267,1
DA:268,1
DA:276,0
DA:277,0
DA:285,0
DA:297,0
DA:300,0
DA:314,20
DA:315,0
DA:322,20
DA:323,1
DA:330,19
DA:331,2
DA:332,2
DA:336,2
DA:345,17
DA:346,1
DA:353,16
DA:354,1
DA:361,15
DA:362,15
DA:363,1
DA:370,14
DA:391,12
DA:393,2
DA:396,10
DA:398,2
DA:402,8
DA:410,12
DA:411,2
DA:414,10
DA:415,2
DA:419,8
DA:429,17
DA:445,1
DA:446,1
DA:447,1
DA:448,1
DA:449,1
DA:450,1
LF:83
LH:77
BRDA:47,0,0,11
BRDA:47,0,1,0
BRDA:48,1,0,11
BRDA:48,1,1,10
BRDA:58,2,0,11
BRDA:58,2,1,0
BRDA:80,3,0,1
BRDA:80,3,1,9
BRDA:209,4,0,1
BRDA:209,4,1,6
BRDA:209,5,0,7
BRDA:209,5,1,7
BRDA:267,6,0,1
BRDA:267,6,1,0
BRDA:276,7,0,0
BRDA:276,7,1,0
BRDA:276,8,0,0
BRDA:276,8,1,0
BRDA:302,9,0,0
BRDA:302,9,1,0
BRDA:314,10,0,0
BRDA:314,10,1,20
BRDA:314,11,0,20
BRDA:314,11,1,20
BRDA:322,12,0,1
BRDA:322,12,1,19
BRDA:330,13,0,2
BRDA:330,13,1,17
BRDA:345,14,0,1
BRDA:345,14,1,16
BRDA:353,15,0,1
BRDA:353,15,1,15
BRDA:362,16,0,1
BRDA:362,16,1,14
BRDA:391,17,0,2
BRDA:391,17,1,10
BRDA:396,18,0,2
BRDA:396,18,1,8
BRDA:410,19,0,2
BRDA:410,19,1,10
BRDA:414,20,0,2
BRDA:414,20,1,8
BRF:42
BRH:32
end_of_record
TN:
SF:validator.js
FN:78,(anonymous_0)
FN:85,(anonymous_1)
FN:105,(anonymous_2)
FN:111,(anonymous_3)
FN:131,(anonymous_4)
FN:137,(anonymous_5)
FN:157,(anonymous_6)
FNF:7
FNH:0
FNDA:0,(anonymous_0)
FNDA:0,(anonymous_1)
FNDA:0,(anonymous_2)
FNDA:0,(anonymous_3)
FNDA:0,(anonymous_4)
FNDA:0,(anonymous_5)
FNDA:0,(anonymous_6)
DA:5,1
DA:8,1
DA:52,1
DA:66,1
DA:79,0
DA:84,0
DA:85,0
DA:90,0
DA:97,0
DA:106,0
DA:110,0
DA:111,0
DA:116,0
DA:123,0
DA:132,0
DA:136,0
DA:137,0
DA:142,0
DA:149,0
DA:158,0
DA:159,0
DA:167,0
DA:168,0
DA:169,0
DA:176,0
DA:184,1
LF:26
LH:5
BRDA:84,0,0,0
BRDA:84,0,1,0
BRDA:110,1,0,0
BRDA:110,1,1,0
BRDA:136,2,0,0
BRDA:136,2,1,0
BRDA:158,3,0,0
BRDA:158,3,1,0
BRDA:168,4,0,0
BRDA:168,4,1,0
BRDA:168,5,0,0
BRDA:168,5,1,0
BRF:12
BRH:0
end_of_record
TN:
SF:shared/dbClient.js
FN:18,parseBoolean
FN:32,getSsmParameter
FN:43,getDbSecretArn
FN:60,getRdsProxyEndpoint
FN:79,getCredentials
FN:95,getLocalCredentials
FN:112,getPool
FN:148,(anonymous_7)
FN:160,(anonymous_8)
FN:173,invalidatePool
FNF:10
FNH:0
FNDA:0,parseBoolean
FNDA:0,getSsmParameter
FNDA:0,getDbSecretArn
FNDA:0,getRdsProxyEndpoint
FNDA:0,getCredentials
FNDA:0,getLocalCredentials
FNDA:0,getPool
FNDA:0,(anonymous_7)
FNDA:0,(anonymous_8)
FNDA:0,invalidatePool
DA:3,1
DA:4,1
DA:5,1
DA:8,1
DA:11,1
DA:12,1
DA:15,1
DA:16,1
DA:19,0
DA:20,0
DA:22,0
DA:33,0
DA:34,0
DA:35,0
DA:44,0
DA:46,0
DA:47,0
DA:48,0
DA:51,0
DA:52,0
DA:61,0
DA:63,0
DA:64,0
DA:65,0
DA:68,0
DA:69,0
DA:80,0
DA:82,0
DA:83,0
DA:85,0
DA:86,0
DA:89,0
DA:96,0
DA:114,0
DA:115,0
DA:118,0
DA:124,0
DA:125,0
DA:126,0
DA:127,0
DA:130,0
DA:131,0
DA:132,0
DA:136,0
DA:148,0
DA:150,0
DA:154,0
DA:155,0
DA:156,0
DA:159,0
DA:160,0
DA:161,0
DA:165,0
DA:166,0
DA:174,0
DA:175,0
DA:176,0
DA:179,1
LF:58
LH:9
BRDA:19,0,0,0
BRDA:19,0,1,0
BRDA:19,1,0,0
BRDA:19,1,1,0
BRDA:44,2,0,0
BRDA:44,2,1,0
BRDA:47,3,0,0
BRDA:47,3,1,0
BRDA:61,4,0,0
BRDA:61,4,1,0
BRDA:64,5,0,0
BRDA:64,5,1,0
BRDA:85,6,0,0
BRDA:85,6,1,0
BRDA:97,7,0,0
BRDA:97,7,1,0
BRDA:98,8,0,0
BRDA:98,8,1,0
BRDA:99,9,0,0
BRDA:99,9,1,0
BRDA:100,10,0,0
BRDA:100,10,1,0
BRDA:114,11,0,0
BRDA:114,11,1,0
BRDA:124,12,0,0
BRDA:124,12,1,0
BRDA:126,13,0,0
BRDA:126,13,1,0
BRDA:138,14,0,0
BRDA:138,14,1,0
BRF:30
BRH:0
end_of_record
